

================================================================
== Vitis HLS Report for 'matMultiply_float_6_6_6_5'
================================================================
* Date:           Mon Nov 21 20:06:55 2022

* Version:        2020.2 (Build 3064766 on Wed Nov 18 09:12:47 MST 2020)
* Project:        KF_kernel
* Solution:       solution1 (Vivado IP Flow Target)
* Product family: zynquplus
* Target device:  xczu3eg-sbva484-1-i


================================================================
== Performance Estimates
================================================================
+ Timing: 
    * Summary: 
    +--------+----------+----------+------------+
    |  Clock |  Target  | Estimated| Uncertainty|
    +--------+----------+----------+------------+
    |ap_clk  |  10.00 ns|  6.023 ns|     2.70 ns|
    +--------+----------+----------+------------+

+ Latency: 
    * Summary: 
    +---------+---------+----------+----------+-----+-----+---------+
    |  Latency (cycles) |  Latency (absolute) |  Interval | Pipeline|
    |   min   |   max   |    min   |    max   | min | max |   Type  |
    +---------+---------+----------+----------+-----+-----+---------+
    |      907|      907|  9.070 us|  9.070 us|  907|  907|     none|
    +---------+---------+----------+----------+-----+-----+---------+

    + Detail: 
        * Instance: 
        N/A

        * Loop: 
        +--------------------+---------+---------+----------+-----------+-----------+------+----------+
        |                    |  Latency (cycles) | Iteration|  Initiation Interval  | Trip |          |
        |      Loop Name     |   min   |   max   |  Latency |  achieved |   target  | Count| Pipelined|
        +--------------------+---------+---------+----------+-----------+-----------+------+----------+
        |- matMul_loop_L     |      906|      906|       302|          -|          -|     3|        no|
        | + matMul_loop_N    |      300|      300|        50|          -|          -|     6|        no|
        |  ++ matMul_loop_M  |       48|       48|         8|          -|          -|     6|        no|
        +--------------------+---------+---------+----------+-----------+-----------+------+----------+

============================================================
+ Verbose Summary: Synthesis Manager
============================================================
InlineROM: 1
ExposeGlobal: 0
============================================================
+ Verbose Summary: CDFG Model
============================================================
IsTopModel: 0
ResetActiveHigh: 1
IsCombinational: 0
IsDatapathOnly: 0
HasWiredReturn: 1
HasMFsm: 0
HasVarLatency: 1
IsPipeline: 0
IsRtlPipelined: 0
IsInstanceOverlapped: 0
IsDontTouch: 0
HasImplIP: 0
IsGatedGlobalClock: 0


============================================================
+ Verbose Summary: Schedule
============================================================
* Number of FSM states : 11
* Pipeline : 0
* Dataflow Pipeline: 0

* FSM state transitions: 
1 --> 2 
2 --> 3 
3 --> 4 2 
4 --> 5 3 
5 --> 6 
6 --> 7 
7 --> 8 
8 --> 9 
9 --> 10 
10 --> 11 
11 --> 4 

* FSM state operations: 

State 1 <SV = 0> <Delay = 0.48>
ST_1 : Operation 12 [1/1] (0.48ns)   --->   "%br_ln13 = br void" [../../src/hls_src/matrix_ops.h:13]   --->   Operation 12 'br' 'br_ln13' <Predicate = true> <Delay = 0.48>

State 2 <SV = 1> <Delay = 0.87>
ST_2 : Operation 13 [1/1] (0.00ns)   --->   "%i = phi i2 %add_ln13, void %._crit_edge7.loopexit, i2 0, void %.lr.ph11" [../../src/hls_src/matrix_ops.h:13]   --->   Operation 13 'phi' 'i' <Predicate = true> <Delay = 0.00>
ST_2 : Operation 14 [1/1] (0.62ns)   --->   "%add_ln13 = add i2 %i, i2 1" [../../src/hls_src/matrix_ops.h:13]   --->   Operation 14 'add' 'add_ln13' <Predicate = true> <Delay = 0.62> <CoreInst = "Adder">   --->   Core 1 'Adder' <Latency = 0> <II = 1> <Delay = 0.87> <FuncUnit> <Opcode : 'add' 'sub'> <InPorts = 2> <OutPorts = 1>
ST_2 : Operation 15 [1/1] (0.51ns)   --->   "%icmp_ln13 = icmp_eq  i2 %i, i2 3" [../../src/hls_src/matrix_ops.h:13]   --->   Operation 15 'icmp' 'icmp_ln13' <Predicate = true> <Delay = 0.51> <CoreInst = "Cmp">   --->   Core 9 'Cmp' <Latency = 0> <II = 1> <Delay = 0.69> <FuncUnit> <Opcode : 'icmp'> <InPorts = 2> <OutPorts = 1>
ST_2 : Operation 16 [1/1] (0.00ns)   --->   "%speclooptripcount_ln0 = speclooptripcount void @_ssdm_op_SpecLoopTripCount, i64 3, i64 3, i64 3"   --->   Operation 16 'speclooptripcount' 'speclooptripcount_ln0' <Predicate = true> <Delay = 0.00>
ST_2 : Operation 17 [1/1] (0.00ns)   --->   "%br_ln13 = br i1 %icmp_ln13, void %.split4, void %._crit_edge12.loopexit" [../../src/hls_src/matrix_ops.h:13]   --->   Operation 17 'br' 'br_ln13' <Predicate = true> <Delay = 0.00>
ST_2 : Operation 18 [1/1] (0.00ns)   --->   "%specloopname_ln13 = specloopname void @_ssdm_op_SpecLoopName, void @empty_18" [../../src/hls_src/matrix_ops.h:13]   --->   Operation 18 'specloopname' 'specloopname_ln13' <Predicate = (!icmp_ln13)> <Delay = 0.00>
ST_2 : Operation 19 [1/1] (0.00ns)   --->   "%p_shl = bitconcatenate i5 @_ssdm_op_BitConcatenate.i5.i2.i3, i2 %i, i3 0" [../../src/hls_src/matrix_ops.h:13]   --->   Operation 19 'bitconcatenate' 'p_shl' <Predicate = (!icmp_ln13)> <Delay = 0.00>
ST_2 : Operation 20 [1/1] (0.00ns)   --->   "%p_shl_cast = zext i5 %p_shl" [../../src/hls_src/matrix_ops.h:13]   --->   Operation 20 'zext' 'p_shl_cast' <Predicate = (!icmp_ln13)> <Delay = 0.00>
ST_2 : Operation 21 [1/1] (0.00ns)   --->   "%p_shl1 = bitconcatenate i3 @_ssdm_op_BitConcatenate.i3.i2.i1, i2 %i, i1 0" [../../src/hls_src/matrix_ops.h:13]   --->   Operation 21 'bitconcatenate' 'p_shl1' <Predicate = (!icmp_ln13)> <Delay = 0.00>
ST_2 : Operation 22 [1/1] (0.00ns)   --->   "%p_shl1_cast = zext i3 %p_shl1" [../../src/hls_src/matrix_ops.h:13]   --->   Operation 22 'zext' 'p_shl1_cast' <Predicate = (!icmp_ln13)> <Delay = 0.00>
ST_2 : Operation 23 [1/1] (0.87ns)   --->   "%empty = sub i6 %p_shl_cast, i6 %p_shl1_cast" [../../src/hls_src/matrix_ops.h:13]   --->   Operation 23 'sub' 'empty' <Predicate = (!icmp_ln13)> <Delay = 0.87> <CoreInst = "Adder">   --->   Core 1 'Adder' <Latency = 0> <II = 1> <Delay = 0.87> <FuncUnit> <Opcode : 'add' 'sub'> <InPorts = 2> <OutPorts = 1>
ST_2 : Operation 24 [1/1] (0.00ns)   --->   "%trunc_ln17 = trunc i6 %empty" [../../src/hls_src/matrix_ops.h:17]   --->   Operation 24 'trunc' 'trunc_ln17' <Predicate = (!icmp_ln13)> <Delay = 0.00>
ST_2 : Operation 25 [1/1] (0.48ns)   --->   "%br_ln17 = br void" [../../src/hls_src/matrix_ops.h:17]   --->   Operation 25 'br' 'br_ln17' <Predicate = (!icmp_ln13)> <Delay = 0.48>
ST_2 : Operation 26 [1/1] (0.00ns)   --->   "%ret_ln32 = ret" [../../src/hls_src/matrix_ops.h:32]   --->   Operation 26 'ret' 'ret_ln32' <Predicate = (icmp_ln13)> <Delay = 0.00>

State 3 <SV = 2> <Delay = 0.88>
ST_3 : Operation 27 [1/1] (0.00ns)   --->   "%k = phi i3 %add_ln17, void %._crit_edge.loopexit, i3 0, void %.split4" [../../src/hls_src/matrix_ops.h:17]   --->   Operation 27 'phi' 'k' <Predicate = true> <Delay = 0.00>
ST_3 : Operation 28 [1/1] (0.74ns)   --->   "%add_ln17 = add i3 %k, i3 1" [../../src/hls_src/matrix_ops.h:17]   --->   Operation 28 'add' 'add_ln17' <Predicate = true> <Delay = 0.74> <CoreInst = "Adder">   --->   Core 1 'Adder' <Latency = 0> <II = 1> <Delay = 0.87> <FuncUnit> <Opcode : 'add' 'sub'> <InPorts = 2> <OutPorts = 1>
ST_3 : Operation 29 [1/1] (0.00ns)   --->   "%zext_ln17 = zext i3 %k" [../../src/hls_src/matrix_ops.h:17]   --->   Operation 29 'zext' 'zext_ln17' <Predicate = true> <Delay = 0.00>
ST_3 : Operation 30 [1/1] (0.69ns)   --->   "%icmp_ln17 = icmp_eq  i3 %k, i3 6" [../../src/hls_src/matrix_ops.h:17]   --->   Operation 30 'icmp' 'icmp_ln17' <Predicate = true> <Delay = 0.69> <CoreInst = "Cmp">   --->   Core 9 'Cmp' <Latency = 0> <II = 1> <Delay = 0.69> <FuncUnit> <Opcode : 'icmp'> <InPorts = 2> <OutPorts = 1>
ST_3 : Operation 31 [1/1] (0.00ns)   --->   "%speclooptripcount_ln0 = speclooptripcount void @_ssdm_op_SpecLoopTripCount, i64 6, i64 6, i64 6"   --->   Operation 31 'speclooptripcount' 'speclooptripcount_ln0' <Predicate = true> <Delay = 0.00>
ST_3 : Operation 32 [1/1] (0.00ns)   --->   "%br_ln17 = br i1 %icmp_ln17, void %.split2, void %._crit_edge7.loopexit" [../../src/hls_src/matrix_ops.h:17]   --->   Operation 32 'br' 'br_ln17' <Predicate = true> <Delay = 0.00>
ST_3 : Operation 33 [1/1] (0.00ns)   --->   "%specloopname_ln17 = specloopname void @_ssdm_op_SpecLoopName, void @empty_27" [../../src/hls_src/matrix_ops.h:17]   --->   Operation 33 'specloopname' 'specloopname_ln17' <Predicate = (!icmp_ln17)> <Delay = 0.00>
ST_3 : Operation 34 [1/1] (0.88ns)   --->   "%add_ln20 = add i6 %zext_ln17, i6 %empty" [../../src/hls_src/matrix_ops.h:20]   --->   Operation 34 'add' 'add_ln20' <Predicate = (!icmp_ln17)> <Delay = 0.88> <CoreInst = "Adder">   --->   Core 1 'Adder' <Latency = 0> <II = 1> <Delay = 0.87> <FuncUnit> <Opcode : 'add' 'sub'> <InPorts = 2> <OutPorts = 1>
ST_3 : Operation 35 [1/1] (0.00ns)   --->   "%sext_ln20 = sext i6 %add_ln20" [../../src/hls_src/matrix_ops.h:20]   --->   Operation 35 'sext' 'sext_ln20' <Predicate = (!icmp_ln17)> <Delay = 0.00>
ST_3 : Operation 36 [1/1] (0.00ns)   --->   "%mat_out_addr = getelementptr i32 %mat_out, i64 0, i64 %sext_ln20" [../../src/hls_src/matrix_ops.h:20]   --->   Operation 36 'getelementptr' 'mat_out_addr' <Predicate = (!icmp_ln17)> <Delay = 0.00>
ST_3 : Operation 37 [1/1] (0.48ns)   --->   "%br_ln23 = br void %.lr.ph" [../../src/hls_src/matrix_ops.h:23]   --->   Operation 37 'br' 'br_ln23' <Predicate = (!icmp_ln17)> <Delay = 0.48>
ST_3 : Operation 38 [1/1] (0.00ns)   --->   "%br_ln0 = br void"   --->   Operation 38 'br' 'br_ln0' <Predicate = (icmp_ln17)> <Delay = 0.00>

State 4 <SV = 3> <Delay = 2.23>
ST_4 : Operation 39 [1/1] (0.00ns)   --->   "%j = phi i3 %add_ln23, void %.split, i3 0, void %.split2" [../../src/hls_src/matrix_ops.h:23]   --->   Operation 39 'phi' 'j' <Predicate = true> <Delay = 0.00>
ST_4 : Operation 40 [1/1] (0.00ns)   --->   "%add1913 = phi i32 %tmp, void %.split, i32 0, void %.split2" [../../src/hls_src/matrix_ops.h:27]   --->   Operation 40 'phi' 'add1913' <Predicate = true> <Delay = 0.00>
ST_4 : Operation 41 [1/1] (0.74ns)   --->   "%add_ln23 = add i3 %j, i3 1" [../../src/hls_src/matrix_ops.h:23]   --->   Operation 41 'add' 'add_ln23' <Predicate = true> <Delay = 0.74> <CoreInst = "Adder">   --->   Core 1 'Adder' <Latency = 0> <II = 1> <Delay = 0.87> <FuncUnit> <Opcode : 'add' 'sub'> <InPorts = 2> <OutPorts = 1>
ST_4 : Operation 42 [1/1] (0.00ns)   --->   "%zext_ln23 = zext i3 %j" [../../src/hls_src/matrix_ops.h:23]   --->   Operation 42 'zext' 'zext_ln23' <Predicate = true> <Delay = 0.00>
ST_4 : Operation 43 [1/1] (0.69ns)   --->   "%icmp_ln23 = icmp_eq  i3 %j, i3 6" [../../src/hls_src/matrix_ops.h:23]   --->   Operation 43 'icmp' 'icmp_ln23' <Predicate = true> <Delay = 0.69> <CoreInst = "Cmp">   --->   Core 9 'Cmp' <Latency = 0> <II = 1> <Delay = 0.69> <FuncUnit> <Opcode : 'icmp'> <InPorts = 2> <OutPorts = 1>
ST_4 : Operation 44 [1/1] (0.00ns)   --->   "%speclooptripcount_ln0 = speclooptripcount void @_ssdm_op_SpecLoopTripCount, i64 6, i64 6, i64 6"   --->   Operation 44 'speclooptripcount' 'speclooptripcount_ln0' <Predicate = true> <Delay = 0.00>
ST_4 : Operation 45 [1/1] (0.00ns)   --->   "%br_ln23 = br i1 %icmp_ln23, void %.split, void %._crit_edge.loopexit" [../../src/hls_src/matrix_ops.h:23]   --->   Operation 45 'br' 'br_ln23' <Predicate = true> <Delay = 0.00>
ST_4 : Operation 46 [1/1] (0.87ns)   --->   "%add_ln27 = add i5 %zext_ln23, i5 %trunc_ln17" [../../src/hls_src/matrix_ops.h:27]   --->   Operation 46 'add' 'add_ln27' <Predicate = (!icmp_ln23)> <Delay = 0.87> <CoreInst = "Adder">   --->   Core 1 'Adder' <Latency = 0> <II = 1> <Delay = 0.87> <FuncUnit> <Opcode : 'add' 'sub'> <InPorts = 2> <OutPorts = 1>
ST_4 : Operation 47 [1/1] (0.00ns)   --->   "%zext_ln27 = zext i5 %add_ln27" [../../src/hls_src/matrix_ops.h:27]   --->   Operation 47 'zext' 'zext_ln27' <Predicate = (!icmp_ln23)> <Delay = 0.00>
ST_4 : Operation 48 [1/1] (0.00ns)   --->   "%mat_in_L_addr = getelementptr i32 %mat_in_L, i64 0, i64 %zext_ln27" [../../src/hls_src/matrix_ops.h:27]   --->   Operation 48 'getelementptr' 'mat_in_L_addr' <Predicate = (!icmp_ln23)> <Delay = 0.00>
ST_4 : Operation 49 [2/2] (0.79ns)   --->   "%mat_in_L_load = load i5 %mat_in_L_addr" [../../src/hls_src/matrix_ops.h:27]   --->   Operation 49 'load' 'mat_in_L_load' <Predicate = (!icmp_ln23)> <Delay = 0.79> <CoreInst = "ROM">   --->   Core 101 'ROM' <Latency = 1> <II = 1> <Delay = 0.79> <Storage> <Opcode : 'load'> <Ports = 0> <Width = 32> <Depth = 18> <ROM>
ST_4 : Operation 50 [1/1] (0.00ns)   --->   "%shl_ln = bitconcatenate i6 @_ssdm_op_BitConcatenate.i6.i3.i3, i3 %j, i3 0" [../../src/hls_src/matrix_ops.h:27]   --->   Operation 50 'bitconcatenate' 'shl_ln' <Predicate = (!icmp_ln23)> <Delay = 0.00>
ST_4 : Operation 51 [1/1] (0.00ns)   --->   "%shl_ln27_1 = bitconcatenate i4 @_ssdm_op_BitConcatenate.i4.i3.i1, i3 %j, i1 0" [../../src/hls_src/matrix_ops.h:27]   --->   Operation 51 'bitconcatenate' 'shl_ln27_1' <Predicate = (!icmp_ln23)> <Delay = 0.00>
ST_4 : Operation 52 [1/1] (0.00ns)   --->   "%zext_ln27_3 = zext i4 %shl_ln27_1" [../../src/hls_src/matrix_ops.h:27]   --->   Operation 52 'zext' 'zext_ln27_3' <Predicate = (!icmp_ln23)> <Delay = 0.00>
ST_4 : Operation 53 [1/1] (0.00ns) (grouped into TernaryAdder)   --->   "%sub_ln27 = sub i6 %shl_ln, i6 %zext_ln27_3" [../../src/hls_src/matrix_ops.h:27]   --->   Operation 53 'sub' 'sub_ln27' <Predicate = (!icmp_ln23)> <Delay = 0.00> <CoreInst = "TAddSub">   --->   Core 10 'TAddSub' <Latency = 0> <II = 1> <Delay = 0.44> <IPBlock> <Opcode : 'add' 'sub'> <InPorts = 3> <OutPorts = 1> <Sync>
ST_4 : Operation 54 [1/1] (0.88ns) (root node of TernaryAdder)   --->   "%add_ln27_3 = add i6 %sub_ln27, i6 %zext_ln17" [../../src/hls_src/matrix_ops.h:27]   --->   Operation 54 'add' 'add_ln27_3' <Predicate = (!icmp_ln23)> <Delay = 0.88> <CoreInst = "TAddSub">   --->   Core 10 'TAddSub' <Latency = 0> <II = 1> <Delay = 0.44> <IPBlock> <Opcode : 'add' 'sub'> <InPorts = 3> <OutPorts = 1> <Sync>
ST_4 : Operation 55 [1/1] (0.00ns)   --->   "%zext_ln27_4 = zext i6 %add_ln27_3" [../../src/hls_src/matrix_ops.h:27]   --->   Operation 55 'zext' 'zext_ln27_4' <Predicate = (!icmp_ln23)> <Delay = 0.00>
ST_4 : Operation 56 [1/1] (0.00ns)   --->   "%mat_in_R_addr = getelementptr i32 %mat_in_R, i64 0, i64 %zext_ln27_4" [../../src/hls_src/matrix_ops.h:27]   --->   Operation 56 'getelementptr' 'mat_in_R_addr' <Predicate = (!icmp_ln23)> <Delay = 0.00>
ST_4 : Operation 57 [2/2] (1.35ns)   --->   "%mat_in_R_load = load i6 %mat_in_R_addr" [../../src/hls_src/matrix_ops.h:27]   --->   Operation 57 'load' 'mat_in_R_load' <Predicate = (!icmp_ln23)> <Delay = 1.35> <CoreInst = "RAM">   --->   Core 83 'RAM' <Latency = 1> <II = 1> <Delay = 1.35> <Storage> <Opcode : 'load' 'store'> <Ports = 2> <Width = 32> <Depth = 36> <RAM>
ST_4 : Operation 58 [1/1] (0.69ns)   --->   "%icmp_ln27 = icmp_eq  i3 %add_ln23, i3 6" [../../src/hls_src/matrix_ops.h:27]   --->   Operation 58 'icmp' 'icmp_ln27' <Predicate = (!icmp_ln23)> <Delay = 0.69> <CoreInst = "Cmp">   --->   Core 9 'Cmp' <Latency = 0> <II = 1> <Delay = 0.69> <FuncUnit> <Opcode : 'icmp'> <InPorts = 2> <OutPorts = 1>
ST_4 : Operation 59 [1/1] (1.35ns)   --->   "%store_ln27 = store i32 %add1913, i6 %mat_out_addr" [../../src/hls_src/matrix_ops.h:27]   --->   Operation 59 'store' 'store_ln27' <Predicate = (icmp_ln23)> <Delay = 1.35> <CoreInst = "RAM">   --->   Core 83 'RAM' <Latency = 1> <II = 1> <Delay = 1.35> <Storage> <Opcode : 'load' 'store'> <Ports = 2> <Width = 32> <Depth = 36> <RAM>
ST_4 : Operation 60 [1/1] (0.00ns)   --->   "%br_ln0 = br void"   --->   Operation 60 'br' 'br_ln0' <Predicate = (icmp_ln23)> <Delay = 0.00>

State 5 <SV = 4> <Delay = 6.02>
ST_5 : Operation 61 [1/2] (0.79ns)   --->   "%mat_in_L_load = load i5 %mat_in_L_addr" [../../src/hls_src/matrix_ops.h:27]   --->   Operation 61 'load' 'mat_in_L_load' <Predicate = true> <Delay = 0.79> <CoreInst = "ROM">   --->   Core 101 'ROM' <Latency = 1> <II = 1> <Delay = 0.79> <Storage> <Opcode : 'load'> <Ports = 0> <Width = 32> <Depth = 18> <ROM>
ST_5 : Operation 62 [1/2] (1.35ns)   --->   "%mat_in_R_load = load i6 %mat_in_R_addr" [../../src/hls_src/matrix_ops.h:27]   --->   Operation 62 'load' 'mat_in_R_load' <Predicate = true> <Delay = 1.35> <CoreInst = "RAM">   --->   Core 83 'RAM' <Latency = 1> <II = 1> <Delay = 1.35> <Storage> <Opcode : 'load' 'store'> <Ports = 2> <Width = 32> <Depth = 36> <RAM>
ST_5 : Operation 63 [4/4] (4.67ns)   --->   "%mul = fmul i32 %mat_in_L_load, i32 %mat_in_R_load" [../../src/hls_src/matrix_ops.h:27]   --->   Operation 63 'fmul' 'mul' <Predicate = true> <Delay = 4.67> <CoreInst = "FMul_maxdsp">   --->   Core 30 'FMul_maxdsp' <Latency = 3> <II = 1> <Delay = 4.67> <FuncUnit> <Opcode : 'fmul'> <InPorts = 2> <OutPorts = 1>

State 6 <SV = 5> <Delay = 4.67>
ST_6 : Operation 64 [3/4] (4.67ns)   --->   "%mul = fmul i32 %mat_in_L_load, i32 %mat_in_R_load" [../../src/hls_src/matrix_ops.h:27]   --->   Operation 64 'fmul' 'mul' <Predicate = true> <Delay = 4.67> <CoreInst = "FMul_maxdsp">   --->   Core 30 'FMul_maxdsp' <Latency = 3> <II = 1> <Delay = 4.67> <FuncUnit> <Opcode : 'fmul'> <InPorts = 2> <OutPorts = 1>

State 7 <SV = 6> <Delay = 4.67>
ST_7 : Operation 65 [2/4] (4.67ns)   --->   "%mul = fmul i32 %mat_in_L_load, i32 %mat_in_R_load" [../../src/hls_src/matrix_ops.h:27]   --->   Operation 65 'fmul' 'mul' <Predicate = true> <Delay = 4.67> <CoreInst = "FMul_maxdsp">   --->   Core 30 'FMul_maxdsp' <Latency = 3> <II = 1> <Delay = 4.67> <FuncUnit> <Opcode : 'fmul'> <InPorts = 2> <OutPorts = 1>

State 8 <SV = 7> <Delay = 4.67>
ST_8 : Operation 66 [1/4] (4.67ns)   --->   "%mul = fmul i32 %mat_in_L_load, i32 %mat_in_R_load" [../../src/hls_src/matrix_ops.h:27]   --->   Operation 66 'fmul' 'mul' <Predicate = true> <Delay = 4.67> <CoreInst = "FMul_maxdsp">   --->   Core 30 'FMul_maxdsp' <Latency = 3> <II = 1> <Delay = 4.67> <FuncUnit> <Opcode : 'fmul'> <InPorts = 2> <OutPorts = 1>

State 9 <SV = 8> <Delay = 5.48>
ST_9 : Operation 67 [3/3] (5.48ns)   --->   "%tmp = facc i32 @_ssdm_op_FACC, i32 %mul, i1 %icmp_ln27" [../../src/hls_src/matrix_ops.h:27]   --->   Operation 67 'facc' 'tmp' <Predicate = true> <Delay = 5.48> <CoreInst = "FAcc_nodsp">   --->   Core 11 'FAcc_nodsp' <Latency = 2> <II = 1> <Delay = 5.48> <FuncUnit> <Opcode : 'facc'> <InPorts = 2> <OutPorts = 1>

State 10 <SV = 9> <Delay = 5.48>
ST_10 : Operation 68 [2/3] (5.48ns)   --->   "%tmp = facc i32 @_ssdm_op_FACC, i32 %mul, i1 %icmp_ln27" [../../src/hls_src/matrix_ops.h:27]   --->   Operation 68 'facc' 'tmp' <Predicate = true> <Delay = 5.48> <CoreInst = "FAcc_nodsp">   --->   Core 11 'FAcc_nodsp' <Latency = 2> <II = 1> <Delay = 5.48> <FuncUnit> <Opcode : 'facc'> <InPorts = 2> <OutPorts = 1>

State 11 <SV = 10> <Delay = 5.48>
ST_11 : Operation 69 [1/1] (0.00ns)   --->   "%specloopname_ln23 = specloopname void @_ssdm_op_SpecLoopName, void @empty_5" [../../src/hls_src/matrix_ops.h:23]   --->   Operation 69 'specloopname' 'specloopname_ln23' <Predicate = true> <Delay = 0.00>
ST_11 : Operation 70 [1/3] (5.48ns)   --->   "%tmp = facc i32 @_ssdm_op_FACC, i32 %mul, i1 %icmp_ln27" [../../src/hls_src/matrix_ops.h:27]   --->   Operation 70 'facc' 'tmp' <Predicate = true> <Delay = 5.48> <CoreInst = "FAcc_nodsp">   --->   Core 11 'FAcc_nodsp' <Latency = 2> <II = 1> <Delay = 5.48> <FuncUnit> <Opcode : 'facc'> <InPorts = 2> <OutPorts = 1>
ST_11 : Operation 71 [1/1] (0.00ns)   --->   "%br_ln0 = br void %.lr.ph"   --->   Operation 71 'br' 'br_ln0' <Predicate = true> <Delay = 0.00>


============================================================
+ Verbose Summary: Binding
============================================================
STG Binding: 
---------------- STG Properties BEGIN ----------------
- Is combinational: 0
- Is one-state seq: 0
- Is datapath-only: 0
- Is pipelined: 0
- Is top level: 0
Port [ Return ] is wired: 1; IO mode=ap_ctrl_hs:ce=0
Port [ mat_in_L]:  wired=1; compound=1; hidden=0; nouse=0; global=0; static=0; extern=0; dir=0; type=1; pingpong=0; private_global=0; MemPort=[1]; IO mode=ap_memory:ce=0
Port [ mat_in_R]:  wired=1; compound=1; hidden=0; nouse=0; global=0; static=0; extern=0; dir=0; type=1; pingpong=0; private_global=0; MemPort=[13]; IO mode=ap_memory:ce=0
Port [ mat_out]:  wired=1; compound=1; hidden=0; nouse=0; global=0; static=0; extern=0; dir=1; type=1; pingpong=0; private_global=0; MemPort=[03]; IO mode=ap_memory:ce=0
---------------- STG Properties END ------------------

---------------- Datapath Model BEGIN ----------------

<LifeTime>
<method=bitvector/>
br_ln13               (br               ) [ 011111111111]
i                     (phi              ) [ 001000000000]
add_ln13              (add              ) [ 011111111111]
icmp_ln13             (icmp             ) [ 001111111111]
speclooptripcount_ln0 (speclooptripcount) [ 000000000000]
br_ln13               (br               ) [ 000000000000]
specloopname_ln13     (specloopname     ) [ 000000000000]
p_shl                 (bitconcatenate   ) [ 000000000000]
p_shl_cast            (zext             ) [ 000000000000]
p_shl1                (bitconcatenate   ) [ 000000000000]
p_shl1_cast           (zext             ) [ 000000000000]
empty                 (sub              ) [ 000111111111]
trunc_ln17            (trunc            ) [ 000111111111]
br_ln17               (br               ) [ 001111111111]
ret_ln32              (ret              ) [ 000000000000]
k                     (phi              ) [ 000100000000]
add_ln17              (add              ) [ 001111111111]
zext_ln17             (zext             ) [ 000011111111]
icmp_ln17             (icmp             ) [ 001111111111]
speclooptripcount_ln0 (speclooptripcount) [ 000000000000]
br_ln17               (br               ) [ 000000000000]
specloopname_ln17     (specloopname     ) [ 000000000000]
add_ln20              (add              ) [ 000000000000]
sext_ln20             (sext             ) [ 000000000000]
mat_out_addr          (getelementptr    ) [ 000011111111]
br_ln23               (br               ) [ 001111111111]
br_ln0                (br               ) [ 011111111111]
j                     (phi              ) [ 000010000000]
add1913               (phi              ) [ 000010000000]
add_ln23              (add              ) [ 001111111111]
zext_ln23             (zext             ) [ 000000000000]
icmp_ln23             (icmp             ) [ 001111111111]
speclooptripcount_ln0 (speclooptripcount) [ 000000000000]
br_ln23               (br               ) [ 000000000000]
add_ln27              (add              ) [ 000000000000]
zext_ln27             (zext             ) [ 000000000000]
mat_in_L_addr         (getelementptr    ) [ 000001000000]
shl_ln                (bitconcatenate   ) [ 000000000000]
shl_ln27_1            (bitconcatenate   ) [ 000000000000]
zext_ln27_3           (zext             ) [ 000000000000]
sub_ln27              (sub              ) [ 000000000000]
add_ln27_3            (add              ) [ 000000000000]
zext_ln27_4           (zext             ) [ 000000000000]
mat_in_R_addr         (getelementptr    ) [ 000001000000]
icmp_ln27             (icmp             ) [ 000001111111]
store_ln27            (store            ) [ 000000000000]
br_ln0                (br               ) [ 001111111111]
mat_in_L_load         (load             ) [ 000000111000]
mat_in_R_load         (load             ) [ 000000111000]
mul                   (fmul             ) [ 000000000111]
specloopname_ln23     (specloopname     ) [ 000000000000]
tmp                   (facc             ) [ 001111111111]
br_ln0                (br               ) [ 001111111111]
</LifeTime>

<model>

<comp_list>
<comp id="0" class="1000" name="mat_in_L">
<pin_list>
<pin id="1" dir="1" index="0" bw="1" slack="0"/>
</pin_list>
<bind>
<StgValue><ssdm name="mat_in_L"/><MemPortTyVec>1 </MemPortTyVec>
</StgValue>
</bind>
</comp>

<comp id="2" class="1000" name="mat_in_R">
<pin_list>
<pin id="3" dir="1" index="0" bw="1" slack="0"/>
</pin_list>
<bind>
<StgValue><ssdm name="mat_in_R"/><MemPortTyVec>1 3 </MemPortTyVec>
</StgValue>
</bind>
</comp>

<comp id="4" class="1000" name="mat_out">
<pin_list>
<pin id="5" dir="1" index="0" bw="1" slack="0"/>
</pin_list>
<bind>
<StgValue><ssdm name="mat_out"/><MemPortTyVec>0 3 </MemPortTyVec>
</StgValue>
</bind>
</comp>

<comp id="6" class="1001" name="const_6">
<pin_list>
<pin id="7" dir="1" index="0" bw="1" slack="1"/>
</pin_list>
<bind>
<StgValue><ssdm name=""/></StgValue>
</bind>
</comp>

<comp id="8" class="1001" name="const_8">
<pin_list>
<pin id="9" dir="1" index="0" bw="1" slack="0"/>
</pin_list>
<bind>
<StgValue><ssdm name=""/></StgValue>
</bind>
</comp>

<comp id="10" class="1001" name="const_10">
<pin_list>
<pin id="11" dir="1" index="0" bw="1" slack="0"/>
</pin_list>
<bind>
<StgValue><ssdm name=""/></StgValue>
</bind>
</comp>

<comp id="12" class="1001" name="const_12">
<pin_list>
<pin id="13" dir="1" index="0" bw="1" slack="2147483647"/>
</pin_list>
<bind>
<StgValue><ssdm name="_ssdm_op_SpecLoopTripCount"/></StgValue>
</bind>
</comp>

<comp id="14" class="1001" name="const_14">
<pin_list>
<pin id="15" dir="1" index="0" bw="1" slack="2147483647"/>
</pin_list>
<bind>
<StgValue><ssdm name=""/></StgValue>
</bind>
</comp>

<comp id="16" class="1001" name="const_16">
<pin_list>
<pin id="17" dir="1" index="0" bw="1" slack="2147483647"/>
</pin_list>
<bind>
<StgValue><ssdm name="_ssdm_op_SpecLoopName"/></StgValue>
</bind>
</comp>

<comp id="18" class="1001" name="const_18">
<pin_list>
<pin id="19" dir="1" index="0" bw="1" slack="2147483647"/>
</pin_list>
<bind>
<StgValue><ssdm name="empty_18"/></StgValue>
</bind>
</comp>

<comp id="20" class="1001" name="const_20">
<pin_list>
<pin id="21" dir="1" index="0" bw="1" slack="0"/>
</pin_list>
<bind>
<StgValue><ssdm name="_ssdm_op_BitConcatenate.i5.i2.i3"/></StgValue>
</bind>
</comp>

<comp id="22" class="1001" name="const_22">
<pin_list>
<pin id="23" dir="1" index="0" bw="1" slack="0"/>
</pin_list>
<bind>
<StgValue><ssdm name=""/></StgValue>
</bind>
</comp>

<comp id="24" class="1001" name="const_24">
<pin_list>
<pin id="25" dir="1" index="0" bw="1" slack="0"/>
</pin_list>
<bind>
<StgValue><ssdm name="_ssdm_op_BitConcatenate.i3.i2.i1"/></StgValue>
</bind>
</comp>

<comp id="26" class="1001" name="const_26">
<pin_list>
<pin id="27" dir="1" index="0" bw="1" slack="0"/>
</pin_list>
<bind>
<StgValue><ssdm name=""/></StgValue>
</bind>
</comp>

<comp id="28" class="1001" name="const_28">
<pin_list>
<pin id="29" dir="1" index="0" bw="1" slack="0"/>
</pin_list>
<bind>
<StgValue><ssdm name=""/></StgValue>
</bind>
</comp>

<comp id="30" class="1001" name="const_30">
<pin_list>
<pin id="31" dir="1" index="0" bw="1" slack="0"/>
</pin_list>
<bind>
<StgValue><ssdm name=""/></StgValue>
</bind>
</comp>

<comp id="32" class="1001" name="const_32">
<pin_list>
<pin id="33" dir="1" index="0" bw="1" slack="2147483647"/>
</pin_list>
<bind>
<StgValue><ssdm name=""/></StgValue>
</bind>
</comp>

<comp id="34" class="1001" name="const_34">
<pin_list>
<pin id="35" dir="1" index="0" bw="1" slack="2147483647"/>
</pin_list>
<bind>
<StgValue><ssdm name="empty_27"/></StgValue>
</bind>
</comp>

<comp id="36" class="1001" name="const_36">
<pin_list>
<pin id="37" dir="1" index="0" bw="1" slack="0"/>
</pin_list>
<bind>
<StgValue><ssdm name=""/></StgValue>
</bind>
</comp>

<comp id="38" class="1001" name="const_38">
<pin_list>
<pin id="39" dir="1" index="0" bw="1" slack="1"/>
</pin_list>
<bind>
<StgValue><ssdm name=""/></StgValue>
</bind>
</comp>

<comp id="40" class="1001" name="const_40">
<pin_list>
<pin id="41" dir="1" index="0" bw="1" slack="0"/>
</pin_list>
<bind>
<StgValue><ssdm name="_ssdm_op_BitConcatenate.i6.i3.i3"/></StgValue>
</bind>
</comp>

<comp id="42" class="1001" name="const_42">
<pin_list>
<pin id="43" dir="1" index="0" bw="1" slack="0"/>
</pin_list>
<bind>
<StgValue><ssdm name="_ssdm_op_BitConcatenate.i4.i3.i1"/></StgValue>
</bind>
</comp>

<comp id="44" class="1001" name="const_44">
<pin_list>
<pin id="45" dir="1" index="0" bw="1" slack="0"/>
</pin_list>
<bind>
<StgValue><ssdm name="_ssdm_op_FACC"/></StgValue>
</bind>
</comp>

<comp id="46" class="1001" name="const_46">
<pin_list>
<pin id="47" dir="1" index="0" bw="1" slack="2147483647"/>
</pin_list>
<bind>
<StgValue><ssdm name="empty_5"/></StgValue>
</bind>
</comp>

<comp id="48" class="1004" name="mat_out_addr_gep_fu_48">
<pin_list>
<pin id="49" dir="0" index="0" bw="32" slack="0"/>
<pin id="50" dir="0" index="1" bw="1" slack="0"/>
<pin id="51" dir="0" index="2" bw="6" slack="0"/>
<pin id="52" dir="1" index="3" bw="6" slack="1"/>
</pin_list>
<bind>
<opcode="getelementptr(29) " fcode="getelementptr"/>
<opset="mat_out_addr/3 "/>
</bind>
</comp>

<comp id="55" class="1004" name="mat_in_L_addr_gep_fu_55">
<pin_list>
<pin id="56" dir="0" index="0" bw="32" slack="0"/>
<pin id="57" dir="0" index="1" bw="1" slack="0"/>
<pin id="58" dir="0" index="2" bw="5" slack="0"/>
<pin id="59" dir="1" index="3" bw="5" slack="0"/>
</pin_list>
<bind>
<opcode="getelementptr(29) " fcode="getelementptr"/>
<opset="mat_in_L_addr/4 "/>
</bind>
</comp>

<comp id="62" class="1004" name="grp_access_fu_62">
<pin_list>
<pin id="63" dir="0" index="0" bw="5" slack="0"/>
<pin id="64" dir="0" index="1" bw="32" slack="2147483647"/>
<pin id="65" dir="0" index="2" bw="0" slack="2147483647"/>
<pin id="66" dir="1" index="3" bw="32" slack="0"/>
</pin_list>
<bind>
<opcode="load(27) " fcode="load"/>
<opset="mat_in_L_load/4 "/>
</bind>
</comp>

<comp id="68" class="1004" name="mat_in_R_addr_gep_fu_68">
<pin_list>
<pin id="69" dir="0" index="0" bw="32" slack="0"/>
<pin id="70" dir="0" index="1" bw="1" slack="0"/>
<pin id="71" dir="0" index="2" bw="6" slack="0"/>
<pin id="72" dir="1" index="3" bw="6" slack="0"/>
</pin_list>
<bind>
<opcode="getelementptr(29) " fcode="getelementptr"/>
<opset="mat_in_R_addr/4 "/>
</bind>
</comp>

<comp id="75" class="1004" name="grp_access_fu_75">
<pin_list>
<pin id="76" dir="0" index="0" bw="6" slack="0"/>
<pin id="77" dir="0" index="1" bw="32" slack="2147483647"/>
<pin id="78" dir="0" index="2" bw="0" slack="2147483647"/>
<pin id="79" dir="1" index="3" bw="32" slack="0"/>
</pin_list>
<bind>
<opcode="load(27) " fcode="load"/>
<opset="mat_in_R_load/4 "/>
</bind>
</comp>

<comp id="81" class="1004" name="store_ln27_access_fu_81">
<pin_list>
<pin id="82" dir="0" index="0" bw="6" slack="1"/>
<pin id="83" dir="0" index="1" bw="32" slack="0"/>
<pin id="84" dir="0" index="2" bw="0" slack="2147483647"/>
<pin id="85" dir="1" index="3" bw="32" slack="2147483647"/>
</pin_list>
<bind>
<opcode="store(28) " fcode="store"/>
<opset="store_ln27/4 "/>
</bind>
</comp>

<comp id="86" class="1005" name="i_reg_86">
<pin_list>
<pin id="87" dir="0" index="0" bw="2" slack="1"/>
<pin id="88" dir="1" index="1" bw="2" slack="1"/>
</pin_list>
<bind>
<opset="i (phireg) "/>
</bind>
</comp>

<comp id="90" class="1004" name="i_phi_fu_90">
<pin_list>
<pin id="91" dir="0" index="0" bw="2" slack="0"/>
<pin id="92" dir="0" index="1" bw="0" slack="2147483647"/>
<pin id="93" dir="0" index="2" bw="1" slack="1"/>
<pin id="94" dir="0" index="3" bw="0" slack="2147483647"/>
<pin id="95" dir="1" index="4" bw="2" slack="0"/>
</pin_list>
<bind>
<opcode="phi(47) " fcode="phi"/>
<opset="i/2 "/>
</bind>
</comp>

<comp id="97" class="1005" name="k_reg_97">
<pin_list>
<pin id="98" dir="0" index="0" bw="3" slack="1"/>
<pin id="99" dir="1" index="1" bw="3" slack="1"/>
</pin_list>
<bind>
<opset="k (phireg) "/>
</bind>
</comp>

<comp id="101" class="1004" name="k_phi_fu_101">
<pin_list>
<pin id="102" dir="0" index="0" bw="3" slack="0"/>
<pin id="103" dir="0" index="1" bw="0" slack="2147483647"/>
<pin id="104" dir="0" index="2" bw="1" slack="1"/>
<pin id="105" dir="0" index="3" bw="0" slack="2147483647"/>
<pin id="106" dir="1" index="4" bw="3" slack="0"/>
</pin_list>
<bind>
<opcode="phi(47) " fcode="phi"/>
<opset="k/3 "/>
</bind>
</comp>

<comp id="108" class="1005" name="j_reg_108">
<pin_list>
<pin id="109" dir="0" index="0" bw="3" slack="1"/>
<pin id="110" dir="1" index="1" bw="3" slack="1"/>
</pin_list>
<bind>
<opset="j (phireg) "/>
</bind>
</comp>

<comp id="112" class="1004" name="j_phi_fu_112">
<pin_list>
<pin id="113" dir="0" index="0" bw="3" slack="0"/>
<pin id="114" dir="0" index="1" bw="0" slack="2147483647"/>
<pin id="115" dir="0" index="2" bw="1" slack="1"/>
<pin id="116" dir="0" index="3" bw="0" slack="2147483647"/>
<pin id="117" dir="1" index="4" bw="3" slack="0"/>
</pin_list>
<bind>
<opcode="phi(47) " fcode="phi"/>
<opset="j/4 "/>
</bind>
</comp>

<comp id="119" class="1005" name="add1913_reg_119">
<pin_list>
<pin id="120" dir="0" index="0" bw="32" slack="1"/>
<pin id="121" dir="1" index="1" bw="32" slack="1"/>
</pin_list>
<bind>
<opset="add1913 (phireg) "/>
</bind>
</comp>

<comp id="123" class="1004" name="add1913_phi_fu_123">
<pin_list>
<pin id="124" dir="0" index="0" bw="32" slack="1"/>
<pin id="125" dir="0" index="1" bw="0" slack="2147483647"/>
<pin id="126" dir="0" index="2" bw="32" slack="1"/>
<pin id="127" dir="0" index="3" bw="0" slack="2147483647"/>
<pin id="128" dir="1" index="4" bw="32" slack="0"/>
</pin_list>
<bind>
<opcode="phi(47) " fcode="phi"/>
<opset="add1913/4 "/>
</bind>
</comp>

<comp id="131" class="1004" name="grp_fu_131">
<pin_list>
<pin id="132" dir="0" index="0" bw="32" slack="0"/>
<pin id="133" dir="0" index="1" bw="32" slack="0"/>
<pin id="134" dir="1" index="2" bw="32" slack="1"/>
</pin_list>
<bind>
<opcode="fmul(13) " fcode="fmul"/>
<opset="mul/5 "/>
</bind>
</comp>

<comp id="137" class="1004" name="add_ln13_fu_137">
<pin_list>
<pin id="138" dir="0" index="0" bw="2" slack="0"/>
<pin id="139" dir="0" index="1" bw="1" slack="0"/>
<pin id="140" dir="1" index="2" bw="2" slack="0"/>
</pin_list>
<bind>
<opcode="add(8) " fcode="add"/>
<opset="add_ln13/2 "/>
</bind>
</comp>

<comp id="143" class="1004" name="icmp_ln13_fu_143">
<pin_list>
<pin id="144" dir="0" index="0" bw="2" slack="0"/>
<pin id="145" dir="0" index="1" bw="1" slack="0"/>
<pin id="146" dir="1" index="2" bw="1" slack="2147483647"/>
</pin_list>
<bind>
<opcode="icmp(45) " fcode="icmp"/>
<opset="icmp_ln13/2 "/>
</bind>
</comp>

<comp id="149" class="1004" name="p_shl_fu_149">
<pin_list>
<pin id="150" dir="0" index="0" bw="5" slack="0"/>
<pin id="151" dir="0" index="1" bw="2" slack="0"/>
<pin id="152" dir="0" index="2" bw="1" slack="0"/>
<pin id="153" dir="1" index="3" bw="5" slack="0"/>
</pin_list>
<bind>
<opcode="bitconcatenate(1004) " fcode="bitconcatenate"/>
<opset="p_shl/2 "/>
</bind>
</comp>

<comp id="157" class="1004" name="p_shl_cast_fu_157">
<pin_list>
<pin id="158" dir="0" index="0" bw="5" slack="0"/>
<pin id="159" dir="1" index="1" bw="6" slack="0"/>
</pin_list>
<bind>
<opcode="zext(34) " fcode="zext"/>
<opset="p_shl_cast/2 "/>
</bind>
</comp>

<comp id="161" class="1004" name="p_shl1_fu_161">
<pin_list>
<pin id="162" dir="0" index="0" bw="3" slack="0"/>
<pin id="163" dir="0" index="1" bw="2" slack="0"/>
<pin id="164" dir="0" index="2" bw="1" slack="0"/>
<pin id="165" dir="1" index="3" bw="3" slack="0"/>
</pin_list>
<bind>
<opcode="bitconcatenate(1004) " fcode="bitconcatenate"/>
<opset="p_shl1/2 "/>
</bind>
</comp>

<comp id="169" class="1004" name="p_shl1_cast_fu_169">
<pin_list>
<pin id="170" dir="0" index="0" bw="3" slack="0"/>
<pin id="171" dir="1" index="1" bw="6" slack="0"/>
</pin_list>
<bind>
<opcode="zext(34) " fcode="zext"/>
<opset="p_shl1_cast/2 "/>
</bind>
</comp>

<comp id="173" class="1004" name="empty_fu_173">
<pin_list>
<pin id="174" dir="0" index="0" bw="5" slack="0"/>
<pin id="175" dir="0" index="1" bw="3" slack="0"/>
<pin id="176" dir="1" index="2" bw="6" slack="0"/>
</pin_list>
<bind>
<opcode="sub(10) " fcode="sub"/>
<opset="empty/2 "/>
</bind>
</comp>

<comp id="179" class="1004" name="trunc_ln17_fu_179">
<pin_list>
<pin id="180" dir="0" index="0" bw="6" slack="0"/>
<pin id="181" dir="1" index="1" bw="5" slack="2"/>
</pin_list>
<bind>
<opcode="trunc(33) " fcode="trunc"/>
<opset="trunc_ln17/2 "/>
</bind>
</comp>

<comp id="183" class="1004" name="add_ln17_fu_183">
<pin_list>
<pin id="184" dir="0" index="0" bw="3" slack="0"/>
<pin id="185" dir="0" index="1" bw="1" slack="0"/>
<pin id="186" dir="1" index="2" bw="3" slack="0"/>
</pin_list>
<bind>
<opcode="add(8) " fcode="add"/>
<opset="add_ln17/3 "/>
</bind>
</comp>

<comp id="189" class="1004" name="zext_ln17_fu_189">
<pin_list>
<pin id="190" dir="0" index="0" bw="3" slack="0"/>
<pin id="191" dir="1" index="1" bw="6" slack="0"/>
</pin_list>
<bind>
<opcode="zext(34) " fcode="zext"/>
<opset="zext_ln17/3 "/>
</bind>
</comp>

<comp id="193" class="1004" name="icmp_ln17_fu_193">
<pin_list>
<pin id="194" dir="0" index="0" bw="3" slack="0"/>
<pin id="195" dir="0" index="1" bw="2" slack="0"/>
<pin id="196" dir="1" index="2" bw="1" slack="2147483647"/>
</pin_list>
<bind>
<opcode="icmp(45) " fcode="icmp"/>
<opset="icmp_ln17/3 "/>
</bind>
</comp>

<comp id="199" class="1004" name="add_ln20_fu_199">
<pin_list>
<pin id="200" dir="0" index="0" bw="3" slack="0"/>
<pin id="201" dir="0" index="1" bw="6" slack="1"/>
<pin id="202" dir="1" index="2" bw="6" slack="0"/>
</pin_list>
<bind>
<opcode="add(8) " fcode="add"/>
<opset="add_ln20/3 "/>
</bind>
</comp>

<comp id="204" class="1004" name="sext_ln20_fu_204">
<pin_list>
<pin id="205" dir="0" index="0" bw="6" slack="0"/>
<pin id="206" dir="1" index="1" bw="64" slack="0"/>
</pin_list>
<bind>
<opcode="sext(35) " fcode="sext"/>
<opset="sext_ln20/3 "/>
</bind>
</comp>

<comp id="209" class="1004" name="add_ln23_fu_209">
<pin_list>
<pin id="210" dir="0" index="0" bw="3" slack="0"/>
<pin id="211" dir="0" index="1" bw="1" slack="0"/>
<pin id="212" dir="1" index="2" bw="3" slack="0"/>
</pin_list>
<bind>
<opcode="add(8) " fcode="add"/>
<opset="add_ln23/4 "/>
</bind>
</comp>

<comp id="215" class="1004" name="zext_ln23_fu_215">
<pin_list>
<pin id="216" dir="0" index="0" bw="3" slack="0"/>
<pin id="217" dir="1" index="1" bw="5" slack="0"/>
</pin_list>
<bind>
<opcode="zext(34) " fcode="zext"/>
<opset="zext_ln23/4 "/>
</bind>
</comp>

<comp id="219" class="1004" name="icmp_ln23_fu_219">
<pin_list>
<pin id="220" dir="0" index="0" bw="3" slack="0"/>
<pin id="221" dir="0" index="1" bw="2" slack="0"/>
<pin id="222" dir="1" index="2" bw="1" slack="2147483647"/>
</pin_list>
<bind>
<opcode="icmp(45) " fcode="icmp"/>
<opset="icmp_ln23/4 "/>
</bind>
</comp>

<comp id="225" class="1004" name="add_ln27_fu_225">
<pin_list>
<pin id="226" dir="0" index="0" bw="3" slack="0"/>
<pin id="227" dir="0" index="1" bw="5" slack="2"/>
<pin id="228" dir="1" index="2" bw="5" slack="0"/>
</pin_list>
<bind>
<opcode="add(8) " fcode="add"/>
<opset="add_ln27/4 "/>
</bind>
</comp>

<comp id="230" class="1004" name="zext_ln27_fu_230">
<pin_list>
<pin id="231" dir="0" index="0" bw="5" slack="0"/>
<pin id="232" dir="1" index="1" bw="64" slack="0"/>
</pin_list>
<bind>
<opcode="zext(34) " fcode="zext"/>
<opset="zext_ln27/4 "/>
</bind>
</comp>

<comp id="235" class="1004" name="shl_ln_fu_235">
<pin_list>
<pin id="236" dir="0" index="0" bw="6" slack="0"/>
<pin id="237" dir="0" index="1" bw="3" slack="0"/>
<pin id="238" dir="0" index="2" bw="1" slack="0"/>
<pin id="239" dir="1" index="3" bw="6" slack="0"/>
</pin_list>
<bind>
<opcode="bitconcatenate(1004) " fcode="bitconcatenate"/>
<opset="shl_ln/4 "/>
</bind>
</comp>

<comp id="243" class="1004" name="shl_ln27_1_fu_243">
<pin_list>
<pin id="244" dir="0" index="0" bw="4" slack="0"/>
<pin id="245" dir="0" index="1" bw="3" slack="0"/>
<pin id="246" dir="0" index="2" bw="1" slack="0"/>
<pin id="247" dir="1" index="3" bw="4" slack="0"/>
</pin_list>
<bind>
<opcode="bitconcatenate(1004) " fcode="bitconcatenate"/>
<opset="shl_ln27_1/4 "/>
</bind>
</comp>

<comp id="251" class="1004" name="zext_ln27_3_fu_251">
<pin_list>
<pin id="252" dir="0" index="0" bw="4" slack="0"/>
<pin id="253" dir="1" index="1" bw="6" slack="0"/>
</pin_list>
<bind>
<opcode="zext(34) " fcode="zext"/>
<opset="zext_ln27_3/4 "/>
</bind>
</comp>

<comp id="255" class="1004" name="sub_ln27_fu_255">
<pin_list>
<pin id="256" dir="0" index="0" bw="6" slack="0"/>
<pin id="257" dir="0" index="1" bw="4" slack="0"/>
<pin id="258" dir="1" index="2" bw="6" slack="0"/>
</pin_list>
<bind>
<opcode="sub(10) " fcode="sub"/>
<opset="sub_ln27/4 "/>
</bind>
</comp>

<comp id="261" class="1004" name="add_ln27_3_fu_261">
<pin_list>
<pin id="262" dir="0" index="0" bw="6" slack="0"/>
<pin id="263" dir="0" index="1" bw="3" slack="1"/>
<pin id="264" dir="1" index="2" bw="6" slack="0"/>
</pin_list>
<bind>
<opcode="add(8) " fcode="add"/>
<opset="add_ln27_3/4 "/>
</bind>
</comp>

<comp id="266" class="1004" name="zext_ln27_4_fu_266">
<pin_list>
<pin id="267" dir="0" index="0" bw="6" slack="0"/>
<pin id="268" dir="1" index="1" bw="64" slack="0"/>
</pin_list>
<bind>
<opcode="zext(34) " fcode="zext"/>
<opset="zext_ln27_4/4 "/>
</bind>
</comp>

<comp id="271" class="1004" name="icmp_ln27_fu_271">
<pin_list>
<pin id="272" dir="0" index="0" bw="3" slack="0"/>
<pin id="273" dir="0" index="1" bw="2" slack="0"/>
<pin id="274" dir="1" index="2" bw="1" slack="5"/>
</pin_list>
<bind>
<opcode="icmp(45) " fcode="icmp"/>
<opset="icmp_ln27/4 "/>
</bind>
</comp>

<comp id="277" class="1004" name="grp_fu_277">
<pin_list>
<pin id="278" dir="0" index="0" bw="32" slack="0"/>
<pin id="279" dir="0" index="1" bw="32" slack="1"/>
<pin id="280" dir="0" index="2" bw="1" slack="5"/>
<pin id="281" dir="1" index="3" bw="32" slack="1"/>
</pin_list>
<bind>
<opcode="facc(582) " fcode="facc"/>
<opset="tmp/9 "/>
</bind>
</comp>

<comp id="283" class="1005" name="add_ln13_reg_283">
<pin_list>
<pin id="284" dir="0" index="0" bw="2" slack="0"/>
<pin id="285" dir="1" index="1" bw="2" slack="0"/>
</pin_list>
<bind>
<opset="add_ln13 "/>
</bind>
</comp>

<comp id="291" class="1005" name="empty_reg_291">
<pin_list>
<pin id="292" dir="0" index="0" bw="6" slack="1"/>
<pin id="293" dir="1" index="1" bw="6" slack="1"/>
</pin_list>
<bind>
<opset="empty "/>
</bind>
</comp>

<comp id="296" class="1005" name="trunc_ln17_reg_296">
<pin_list>
<pin id="297" dir="0" index="0" bw="5" slack="2"/>
<pin id="298" dir="1" index="1" bw="5" slack="2"/>
</pin_list>
<bind>
<opset="trunc_ln17 "/>
</bind>
</comp>

<comp id="301" class="1005" name="add_ln17_reg_301">
<pin_list>
<pin id="302" dir="0" index="0" bw="3" slack="0"/>
<pin id="303" dir="1" index="1" bw="3" slack="0"/>
</pin_list>
<bind>
<opset="add_ln17 "/>
</bind>
</comp>

<comp id="306" class="1005" name="zext_ln17_reg_306">
<pin_list>
<pin id="307" dir="0" index="0" bw="6" slack="1"/>
<pin id="308" dir="1" index="1" bw="6" slack="1"/>
</pin_list>
<bind>
<opset="zext_ln17 "/>
</bind>
</comp>

<comp id="314" class="1005" name="mat_out_addr_reg_314">
<pin_list>
<pin id="315" dir="0" index="0" bw="6" slack="1"/>
<pin id="316" dir="1" index="1" bw="6" slack="1"/>
</pin_list>
<bind>
<opset="mat_out_addr "/>
</bind>
</comp>

<comp id="319" class="1005" name="add_ln23_reg_319">
<pin_list>
<pin id="320" dir="0" index="0" bw="3" slack="0"/>
<pin id="321" dir="1" index="1" bw="3" slack="0"/>
</pin_list>
<bind>
<opset="add_ln23 "/>
</bind>
</comp>

<comp id="327" class="1005" name="mat_in_L_addr_reg_327">
<pin_list>
<pin id="328" dir="0" index="0" bw="5" slack="1"/>
<pin id="329" dir="1" index="1" bw="5" slack="1"/>
</pin_list>
<bind>
<opset="mat_in_L_addr "/>
</bind>
</comp>

<comp id="332" class="1005" name="mat_in_R_addr_reg_332">
<pin_list>
<pin id="333" dir="0" index="0" bw="6" slack="1"/>
<pin id="334" dir="1" index="1" bw="6" slack="1"/>
</pin_list>
<bind>
<opset="mat_in_R_addr "/>
</bind>
</comp>

<comp id="337" class="1005" name="icmp_ln27_reg_337">
<pin_list>
<pin id="338" dir="0" index="0" bw="1" slack="5"/>
<pin id="339" dir="1" index="1" bw="1" slack="5"/>
</pin_list>
<bind>
<opset="icmp_ln27 "/>
</bind>
</comp>

<comp id="342" class="1005" name="mat_in_L_load_reg_342">
<pin_list>
<pin id="343" dir="0" index="0" bw="32" slack="1"/>
<pin id="344" dir="1" index="1" bw="32" slack="1"/>
</pin_list>
<bind>
<opset="mat_in_L_load "/>
</bind>
</comp>

<comp id="347" class="1005" name="mat_in_R_load_reg_347">
<pin_list>
<pin id="348" dir="0" index="0" bw="32" slack="1"/>
<pin id="349" dir="1" index="1" bw="32" slack="1"/>
</pin_list>
<bind>
<opset="mat_in_R_load "/>
</bind>
</comp>

<comp id="352" class="1005" name="mul_reg_352">
<pin_list>
<pin id="353" dir="0" index="0" bw="32" slack="1"/>
<pin id="354" dir="1" index="1" bw="32" slack="1"/>
</pin_list>
<bind>
<opset="mul "/>
</bind>
</comp>

<comp id="357" class="1005" name="tmp_reg_357">
<pin_list>
<pin id="358" dir="0" index="0" bw="32" slack="1"/>
<pin id="359" dir="1" index="1" bw="32" slack="1"/>
</pin_list>
<bind>
<opset="tmp "/>
</bind>
</comp>

</comp_list>

<net_list>
<net id="53"><net_src comp="4" pin="0"/><net_sink comp="48" pin=0"/></net>

<net id="54"><net_src comp="36" pin="0"/><net_sink comp="48" pin=1"/></net>

<net id="60"><net_src comp="0" pin="0"/><net_sink comp="55" pin=0"/></net>

<net id="61"><net_src comp="36" pin="0"/><net_sink comp="55" pin=1"/></net>

<net id="67"><net_src comp="55" pin="3"/><net_sink comp="62" pin=0"/></net>

<net id="73"><net_src comp="2" pin="0"/><net_sink comp="68" pin=0"/></net>

<net id="74"><net_src comp="36" pin="0"/><net_sink comp="68" pin=1"/></net>

<net id="80"><net_src comp="68" pin="3"/><net_sink comp="75" pin=0"/></net>

<net id="89"><net_src comp="6" pin="0"/><net_sink comp="86" pin=0"/></net>

<net id="96"><net_src comp="86" pin="1"/><net_sink comp="90" pin=2"/></net>

<net id="100"><net_src comp="22" pin="0"/><net_sink comp="97" pin=0"/></net>

<net id="107"><net_src comp="97" pin="1"/><net_sink comp="101" pin=2"/></net>

<net id="111"><net_src comp="22" pin="0"/><net_sink comp="108" pin=0"/></net>

<net id="118"><net_src comp="108" pin="1"/><net_sink comp="112" pin=2"/></net>

<net id="122"><net_src comp="38" pin="0"/><net_sink comp="119" pin=0"/></net>

<net id="129"><net_src comp="119" pin="1"/><net_sink comp="123" pin=2"/></net>

<net id="130"><net_src comp="123" pin="4"/><net_sink comp="81" pin=1"/></net>

<net id="135"><net_src comp="62" pin="3"/><net_sink comp="131" pin=0"/></net>

<net id="136"><net_src comp="75" pin="3"/><net_sink comp="131" pin=1"/></net>

<net id="141"><net_src comp="90" pin="4"/><net_sink comp="137" pin=0"/></net>

<net id="142"><net_src comp="8" pin="0"/><net_sink comp="137" pin=1"/></net>

<net id="147"><net_src comp="90" pin="4"/><net_sink comp="143" pin=0"/></net>

<net id="148"><net_src comp="10" pin="0"/><net_sink comp="143" pin=1"/></net>

<net id="154"><net_src comp="20" pin="0"/><net_sink comp="149" pin=0"/></net>

<net id="155"><net_src comp="90" pin="4"/><net_sink comp="149" pin=1"/></net>

<net id="156"><net_src comp="22" pin="0"/><net_sink comp="149" pin=2"/></net>

<net id="160"><net_src comp="149" pin="3"/><net_sink comp="157" pin=0"/></net>

<net id="166"><net_src comp="24" pin="0"/><net_sink comp="161" pin=0"/></net>

<net id="167"><net_src comp="90" pin="4"/><net_sink comp="161" pin=1"/></net>

<net id="168"><net_src comp="26" pin="0"/><net_sink comp="161" pin=2"/></net>

<net id="172"><net_src comp="161" pin="3"/><net_sink comp="169" pin=0"/></net>

<net id="177"><net_src comp="157" pin="1"/><net_sink comp="173" pin=0"/></net>

<net id="178"><net_src comp="169" pin="1"/><net_sink comp="173" pin=1"/></net>

<net id="182"><net_src comp="173" pin="2"/><net_sink comp="179" pin=0"/></net>

<net id="187"><net_src comp="101" pin="4"/><net_sink comp="183" pin=0"/></net>

<net id="188"><net_src comp="28" pin="0"/><net_sink comp="183" pin=1"/></net>

<net id="192"><net_src comp="101" pin="4"/><net_sink comp="189" pin=0"/></net>

<net id="197"><net_src comp="101" pin="4"/><net_sink comp="193" pin=0"/></net>

<net id="198"><net_src comp="30" pin="0"/><net_sink comp="193" pin=1"/></net>

<net id="203"><net_src comp="189" pin="1"/><net_sink comp="199" pin=0"/></net>

<net id="207"><net_src comp="199" pin="2"/><net_sink comp="204" pin=0"/></net>

<net id="208"><net_src comp="204" pin="1"/><net_sink comp="48" pin=2"/></net>

<net id="213"><net_src comp="112" pin="4"/><net_sink comp="209" pin=0"/></net>

<net id="214"><net_src comp="28" pin="0"/><net_sink comp="209" pin=1"/></net>

<net id="218"><net_src comp="112" pin="4"/><net_sink comp="215" pin=0"/></net>

<net id="223"><net_src comp="112" pin="4"/><net_sink comp="219" pin=0"/></net>

<net id="224"><net_src comp="30" pin="0"/><net_sink comp="219" pin=1"/></net>

<net id="229"><net_src comp="215" pin="1"/><net_sink comp="225" pin=0"/></net>

<net id="233"><net_src comp="225" pin="2"/><net_sink comp="230" pin=0"/></net>

<net id="234"><net_src comp="230" pin="1"/><net_sink comp="55" pin=2"/></net>

<net id="240"><net_src comp="40" pin="0"/><net_sink comp="235" pin=0"/></net>

<net id="241"><net_src comp="112" pin="4"/><net_sink comp="235" pin=1"/></net>

<net id="242"><net_src comp="22" pin="0"/><net_sink comp="235" pin=2"/></net>

<net id="248"><net_src comp="42" pin="0"/><net_sink comp="243" pin=0"/></net>

<net id="249"><net_src comp="112" pin="4"/><net_sink comp="243" pin=1"/></net>

<net id="250"><net_src comp="26" pin="0"/><net_sink comp="243" pin=2"/></net>

<net id="254"><net_src comp="243" pin="3"/><net_sink comp="251" pin=0"/></net>

<net id="259"><net_src comp="235" pin="3"/><net_sink comp="255" pin=0"/></net>

<net id="260"><net_src comp="251" pin="1"/><net_sink comp="255" pin=1"/></net>

<net id="265"><net_src comp="255" pin="2"/><net_sink comp="261" pin=0"/></net>

<net id="269"><net_src comp="261" pin="2"/><net_sink comp="266" pin=0"/></net>

<net id="270"><net_src comp="266" pin="1"/><net_sink comp="68" pin=2"/></net>

<net id="275"><net_src comp="209" pin="2"/><net_sink comp="271" pin=0"/></net>

<net id="276"><net_src comp="30" pin="0"/><net_sink comp="271" pin=1"/></net>

<net id="282"><net_src comp="44" pin="0"/><net_sink comp="277" pin=0"/></net>

<net id="286"><net_src comp="137" pin="2"/><net_sink comp="283" pin=0"/></net>

<net id="287"><net_src comp="283" pin="1"/><net_sink comp="90" pin=0"/></net>

<net id="294"><net_src comp="173" pin="2"/><net_sink comp="291" pin=0"/></net>

<net id="295"><net_src comp="291" pin="1"/><net_sink comp="199" pin=1"/></net>

<net id="299"><net_src comp="179" pin="1"/><net_sink comp="296" pin=0"/></net>

<net id="300"><net_src comp="296" pin="1"/><net_sink comp="225" pin=1"/></net>

<net id="304"><net_src comp="183" pin="2"/><net_sink comp="301" pin=0"/></net>

<net id="305"><net_src comp="301" pin="1"/><net_sink comp="101" pin=0"/></net>

<net id="309"><net_src comp="189" pin="1"/><net_sink comp="306" pin=0"/></net>

<net id="310"><net_src comp="306" pin="1"/><net_sink comp="261" pin=1"/></net>

<net id="317"><net_src comp="48" pin="3"/><net_sink comp="314" pin=0"/></net>

<net id="318"><net_src comp="314" pin="1"/><net_sink comp="81" pin=0"/></net>

<net id="322"><net_src comp="209" pin="2"/><net_sink comp="319" pin=0"/></net>

<net id="323"><net_src comp="319" pin="1"/><net_sink comp="112" pin=0"/></net>

<net id="330"><net_src comp="55" pin="3"/><net_sink comp="327" pin=0"/></net>

<net id="331"><net_src comp="327" pin="1"/><net_sink comp="62" pin=0"/></net>

<net id="335"><net_src comp="68" pin="3"/><net_sink comp="332" pin=0"/></net>

<net id="336"><net_src comp="332" pin="1"/><net_sink comp="75" pin=0"/></net>

<net id="340"><net_src comp="271" pin="2"/><net_sink comp="337" pin=0"/></net>

<net id="341"><net_src comp="337" pin="1"/><net_sink comp="277" pin=2"/></net>

<net id="345"><net_src comp="62" pin="3"/><net_sink comp="342" pin=0"/></net>

<net id="346"><net_src comp="342" pin="1"/><net_sink comp="131" pin=0"/></net>

<net id="350"><net_src comp="75" pin="3"/><net_sink comp="347" pin=0"/></net>

<net id="351"><net_src comp="347" pin="1"/><net_sink comp="131" pin=1"/></net>

<net id="355"><net_src comp="131" pin="2"/><net_sink comp="352" pin=0"/></net>

<net id="356"><net_src comp="352" pin="1"/><net_sink comp="277" pin=1"/></net>

<net id="360"><net_src comp="277" pin="3"/><net_sink comp="357" pin=0"/></net>

<net id="361"><net_src comp="357" pin="1"/><net_sink comp="123" pin=0"/></net>

</net_list>

</model> 
---------------- Datapath Model END ------------------

* FSMD analyzer results:
  - Output states:
	Port: mat_out | {4 }
 - Input state : 
	Port: matMultiply<float, 6, 6, 6>.5 : mat_in_L | {4 5 }
	Port: matMultiply<float, 6, 6, 6>.5 : mat_in_R | {4 5 }
  - Chain level:
	State 1
	State 2
		add_ln13 : 1
		icmp_ln13 : 1
		br_ln13 : 2
		p_shl : 1
		p_shl_cast : 2
		p_shl1 : 1
		p_shl1_cast : 2
		empty : 3
		trunc_ln17 : 4
	State 3
		add_ln17 : 1
		zext_ln17 : 1
		icmp_ln17 : 1
		br_ln17 : 2
		add_ln20 : 2
		sext_ln20 : 3
		mat_out_addr : 4
	State 4
		add_ln23 : 1
		zext_ln23 : 1
		icmp_ln23 : 1
		br_ln23 : 2
		add_ln27 : 2
		zext_ln27 : 3
		mat_in_L_addr : 4
		mat_in_L_load : 5
		shl_ln : 1
		shl_ln27_1 : 1
		zext_ln27_3 : 2
		sub_ln27 : 3
		add_ln27_3 : 4
		zext_ln27_4 : 5
		mat_in_R_addr : 6
		mat_in_R_load : 7
		icmp_ln27 : 2
		store_ln27 : 1
	State 5
		mul : 1
	State 6
	State 7
	State 8
	State 9
	State 10
	State 11


============================================================
+ Verbose Summary: Datapath Resource usage 
============================================================

* Functional unit list:
|----------|--------------------|---------|---------|---------|
| Operation|   Functional Unit  |   DSP   |    FF   |   LUT   |
|----------|--------------------|---------|---------|---------|
|   facc   |     grp_fu_277     |    0    |   137   |   831   |
|----------|--------------------|---------|---------|---------|
|   fmul   |     grp_fu_131     |    3    |   143   |   140   |
|----------|--------------------|---------|---------|---------|
|          |   add_ln13_fu_137  |    0    |    0    |    9    |
|          |   add_ln17_fu_183  |    0    |    0    |    10   |
|    add   |   add_ln20_fu_199  |    0    |    0    |    13   |
|          |   add_ln23_fu_209  |    0    |    0    |    10   |
|          |   add_ln27_fu_225  |    0    |    0    |    12   |
|          |  add_ln27_3_fu_261 |    0    |    0    |    13   |
|----------|--------------------|---------|---------|---------|
|          |  icmp_ln13_fu_143  |    0    |    0    |    8    |
|   icmp   |  icmp_ln17_fu_193  |    0    |    0    |    8    |
|          |  icmp_ln23_fu_219  |    0    |    0    |    8    |
|          |  icmp_ln27_fu_271  |    0    |    0    |    8    |
|----------|--------------------|---------|---------|---------|
|    sub   |    empty_fu_173    |    0    |    0    |    12   |
|          |   sub_ln27_fu_255  |    0    |    0    |    13   |
|----------|--------------------|---------|---------|---------|
|          |    p_shl_fu_149    |    0    |    0    |    0    |
|bitconcatenate|    p_shl1_fu_161   |    0    |    0    |    0    |
|          |    shl_ln_fu_235   |    0    |    0    |    0    |
|          |  shl_ln27_1_fu_243 |    0    |    0    |    0    |
|----------|--------------------|---------|---------|---------|
|          |  p_shl_cast_fu_157 |    0    |    0    |    0    |
|          | p_shl1_cast_fu_169 |    0    |    0    |    0    |
|          |  zext_ln17_fu_189  |    0    |    0    |    0    |
|   zext   |  zext_ln23_fu_215  |    0    |    0    |    0    |
|          |  zext_ln27_fu_230  |    0    |    0    |    0    |
|          | zext_ln27_3_fu_251 |    0    |    0    |    0    |
|          | zext_ln27_4_fu_266 |    0    |    0    |    0    |
|----------|--------------------|---------|---------|---------|
|   trunc  |  trunc_ln17_fu_179 |    0    |    0    |    0    |
|----------|--------------------|---------|---------|---------|
|   sext   |  sext_ln20_fu_204  |    0    |    0    |    0    |
|----------|--------------------|---------|---------|---------|
|   Total  |                    |    3    |   280   |   1095  |
|----------|--------------------|---------|---------|---------|

Memories:
N/A

* Register list:
+---------------------+--------+
|                     |   FF   |
+---------------------+--------+
|   add1913_reg_119   |   32   |
|   add_ln13_reg_283  |    2   |
|   add_ln17_reg_301  |    3   |
|   add_ln23_reg_319  |    3   |
|    empty_reg_291    |    6   |
|       i_reg_86      |    2   |
|  icmp_ln27_reg_337  |    1   |
|      j_reg_108      |    3   |
|       k_reg_97      |    3   |
|mat_in_L_addr_reg_327|    5   |
|mat_in_L_load_reg_342|   32   |
|mat_in_R_addr_reg_332|    6   |
|mat_in_R_load_reg_347|   32   |
| mat_out_addr_reg_314|    6   |
|     mul_reg_352     |   32   |
|     tmp_reg_357     |   32   |
|  trunc_ln17_reg_296 |    5   |
|  zext_ln17_reg_306  |    6   |
+---------------------+--------+
|        Total        |   211  |
+---------------------+--------+

* Multiplexer (MUX) list: 
|------------------|------|------|------|--------||---------||---------|
|       Comp       |  Pin | Size |  BW  | S x BW ||  Delay  ||   LUT   |
|------------------|------|------|------|--------||---------||---------|
| grp_access_fu_62 |  p0  |   2  |   5  |   10   ||    9    |
| grp_access_fu_75 |  p0  |   2  |   6  |   12   ||    9    |
|    grp_fu_131    |  p0  |   2  |  32  |   64   ||    9    |
|    grp_fu_131    |  p1  |   2  |  32  |   64   ||    9    |
|------------------|------|------|------|--------||---------||---------|
|       Total      |      |      |      |   150  ||  1.956  ||    36   |
|------------------|------|------|------|--------||---------||---------|



* Summary:
+-----------+--------+--------+--------+--------+
|           |   DSP  |  Delay |   FF   |   LUT  |
+-----------+--------+--------+--------+--------+
|  Function |    3   |    -   |   280  |  1095  |
|   Memory  |    -   |    -   |    -   |    -   |
|Multiplexer|    -   |    1   |    -   |   36   |
|  Register |    -   |    -   |   211  |    -   |
+-----------+--------+--------+--------+--------+
|   Total   |    3   |    1   |   491  |  1131  |
+-----------+--------+--------+--------+--------+
