

================================================================
== Vitis HLS Report for 'matMultiply_float_6_6_6_s'
================================================================
* Date:           Thu Nov 24 12:24:05 2022

* Version:        2020.2 (Build 3064766 on Wed Nov 18 09:12:47 MST 2020)
* Project:        KF_kernel
* Solution:       solution1 (Vivado IP Flow Target)
* Product family: zynquplus
* Target device:  xczu3eg-sbva484-1-i


================================================================
== Performance Estimates
================================================================
+ Timing: 
    * Summary: 
    +--------+----------+----------+------------+
    |  Clock |  Target  | Estimated| Uncertainty|
    +--------+----------+----------+------------+
    |ap_clk  |  10.00 ns|  6.023 ns|     2.70 ns|
    +--------+----------+----------+------------+

+ Latency: 
    * Summary: 
    +---------+---------+-----------+-----------+------+------+---------+
    |  Latency (cycles) |   Latency (absolute)  |   Interval  | Pipeline|
    |   min   |   max   |    min    |    max    |  min |  max |   Type  |
    +---------+---------+-----------+-----------+------+------+---------+
    |     1813|     1813|  18.130 us|  18.130 us|  1813|  1813|     none|
    +---------+---------+-----------+-----------+------+------+---------+

    + Detail: 
        * Instance: 
        N/A

        * Loop: 
        +--------------------+---------+---------+----------+-----------+-----------+------+----------+
        |                    |  Latency (cycles) | Iteration|  Initiation Interval  | Trip |          |
        |      Loop Name     |   min   |   max   |  Latency |  achieved |   target  | Count| Pipelined|
        +--------------------+---------+---------+----------+-----------+-----------+------+----------+
        |- matMul_loop_L     |     1812|     1812|       302|          -|          -|     6|        no|
        | + matMul_loop_N    |      300|      300|        50|          -|          -|     6|        no|
        |  ++ matMul_loop_M  |       48|       48|         8|          -|          -|     6|        no|
        +--------------------+---------+---------+----------+-----------+-----------+------+----------+

============================================================
+ Verbose Summary: Synthesis Manager
============================================================
InlineROM: 1
ExposeGlobal: 0
============================================================
+ Verbose Summary: CDFG Model
============================================================
IsTopModel: 0
ResetActiveHigh: 1
IsCombinational: 0
IsDatapathOnly: 0
HasWiredReturn: 1
HasMFsm: 0
HasVarLatency: 1
IsPipeline: 0
IsRtlPipelined: 0
IsInstanceOverlapped: 0
IsDontTouch: 0
HasImplIP: 0
IsGatedGlobalClock: 0


============================================================
+ Verbose Summary: Schedule
============================================================
* Number of FSM states : 11
* Pipeline : 0
* Dataflow Pipeline: 0

* FSM state transitions: 
1 --> 2 
2 --> 3 
3 --> 4 2 
4 --> 5 3 
5 --> 6 
6 --> 7 
7 --> 8 
8 --> 9 
9 --> 10 
10 --> 11 
11 --> 4 

* FSM state operations: 

State 1 <SV = 0> <Delay = 0.48>
ST_1 : Operation 12 [1/1] (0.48ns)   --->   "%br_ln13 = br void" [../../src/hls_src/matrix_ops.h:13]   --->   Operation 12 'br' 'br_ln13' <Predicate = true> <Delay = 0.48>

State 2 <SV = 1> <Delay = 0.88>
ST_2 : Operation 13 [1/1] (0.00ns)   --->   "%i = phi i3 %add_ln13, void %._crit_edge7.loopexit, i3 0, void %.lr.ph11" [../../src/hls_src/matrix_ops.h:13]   --->   Operation 13 'phi' 'i' <Predicate = true> <Delay = 0.00>
ST_2 : Operation 14 [1/1] (0.74ns)   --->   "%add_ln13 = add i3 %i, i3 1" [../../src/hls_src/matrix_ops.h:13]   --->   Operation 14 'add' 'add_ln13' <Predicate = true> <Delay = 0.74> <CoreInst = "Adder">   --->   Core 1 'Adder' <Latency = 0> <II = 1> <Delay = 0.88> <FuncUnit> <Opcode : 'add' 'sub'> <InPorts = 2> <OutPorts = 1>
ST_2 : Operation 15 [1/1] (0.69ns)   --->   "%icmp_ln13 = icmp_eq  i3 %i, i3 6" [../../src/hls_src/matrix_ops.h:13]   --->   Operation 15 'icmp' 'icmp_ln13' <Predicate = true> <Delay = 0.69> <CoreInst = "Cmp">   --->   Core 9 'Cmp' <Latency = 0> <II = 1> <Delay = 0.69> <FuncUnit> <Opcode : 'icmp'> <InPorts = 2> <OutPorts = 1>
ST_2 : Operation 16 [1/1] (0.00ns)   --->   "%speclooptripcount_ln0 = speclooptripcount void @_ssdm_op_SpecLoopTripCount, i64 6, i64 6, i64 6"   --->   Operation 16 'speclooptripcount' 'speclooptripcount_ln0' <Predicate = true> <Delay = 0.00>
ST_2 : Operation 17 [1/1] (0.00ns)   --->   "%br_ln13 = br i1 %icmp_ln13, void %.split4, void %._crit_edge12.loopexit" [../../src/hls_src/matrix_ops.h:13]   --->   Operation 17 'br' 'br_ln13' <Predicate = true> <Delay = 0.00>
ST_2 : Operation 18 [1/1] (0.00ns)   --->   "%specloopname_ln13 = specloopname void @_ssdm_op_SpecLoopName, void @empty_5" [../../src/hls_src/matrix_ops.h:13]   --->   Operation 18 'specloopname' 'specloopname_ln13' <Predicate = (!icmp_ln13)> <Delay = 0.00>
ST_2 : Operation 19 [1/1] (0.00ns)   --->   "%p_shl = bitconcatenate i6 @_ssdm_op_BitConcatenate.i6.i3.i3, i3 %i, i3 0" [../../src/hls_src/matrix_ops.h:13]   --->   Operation 19 'bitconcatenate' 'p_shl' <Predicate = (!icmp_ln13)> <Delay = 0.00>
ST_2 : Operation 20 [1/1] (0.00ns)   --->   "%p_shl1 = bitconcatenate i4 @_ssdm_op_BitConcatenate.i4.i3.i1, i3 %i, i1 0" [../../src/hls_src/matrix_ops.h:13]   --->   Operation 20 'bitconcatenate' 'p_shl1' <Predicate = (!icmp_ln13)> <Delay = 0.00>
ST_2 : Operation 21 [1/1] (0.00ns)   --->   "%p_shl1_cast = zext i4 %p_shl1" [../../src/hls_src/matrix_ops.h:13]   --->   Operation 21 'zext' 'p_shl1_cast' <Predicate = (!icmp_ln13)> <Delay = 0.00>
ST_2 : Operation 22 [1/1] (0.88ns)   --->   "%empty = sub i6 %p_shl, i6 %p_shl1_cast" [../../src/hls_src/matrix_ops.h:13]   --->   Operation 22 'sub' 'empty' <Predicate = (!icmp_ln13)> <Delay = 0.88> <CoreInst = "Adder">   --->   Core 1 'Adder' <Latency = 0> <II = 1> <Delay = 0.88> <FuncUnit> <Opcode : 'add' 'sub'> <InPorts = 2> <OutPorts = 1>
ST_2 : Operation 23 [1/1] (0.48ns)   --->   "%br_ln17 = br void" [../../src/hls_src/matrix_ops.h:17]   --->   Operation 23 'br' 'br_ln17' <Predicate = (!icmp_ln13)> <Delay = 0.48>
ST_2 : Operation 24 [1/1] (0.00ns)   --->   "%ret_ln32 = ret" [../../src/hls_src/matrix_ops.h:32]   --->   Operation 24 'ret' 'ret_ln32' <Predicate = (icmp_ln13)> <Delay = 0.00>

State 3 <SV = 2> <Delay = 0.88>
ST_3 : Operation 25 [1/1] (0.00ns)   --->   "%k = phi i3 %add_ln17, void %._crit_edge.loopexit, i3 0, void %.split4" [../../src/hls_src/matrix_ops.h:17]   --->   Operation 25 'phi' 'k' <Predicate = true> <Delay = 0.00>
ST_3 : Operation 26 [1/1] (0.74ns)   --->   "%add_ln17 = add i3 %k, i3 1" [../../src/hls_src/matrix_ops.h:17]   --->   Operation 26 'add' 'add_ln17' <Predicate = true> <Delay = 0.74> <CoreInst = "Adder">   --->   Core 1 'Adder' <Latency = 0> <II = 1> <Delay = 0.88> <FuncUnit> <Opcode : 'add' 'sub'> <InPorts = 2> <OutPorts = 1>
ST_3 : Operation 27 [1/1] (0.00ns)   --->   "%zext_ln17 = zext i3 %k" [../../src/hls_src/matrix_ops.h:17]   --->   Operation 27 'zext' 'zext_ln17' <Predicate = true> <Delay = 0.00>
ST_3 : Operation 28 [1/1] (0.69ns)   --->   "%icmp_ln17 = icmp_eq  i3 %k, i3 6" [../../src/hls_src/matrix_ops.h:17]   --->   Operation 28 'icmp' 'icmp_ln17' <Predicate = true> <Delay = 0.69> <CoreInst = "Cmp">   --->   Core 9 'Cmp' <Latency = 0> <II = 1> <Delay = 0.69> <FuncUnit> <Opcode : 'icmp'> <InPorts = 2> <OutPorts = 1>
ST_3 : Operation 29 [1/1] (0.00ns)   --->   "%speclooptripcount_ln0 = speclooptripcount void @_ssdm_op_SpecLoopTripCount, i64 6, i64 6, i64 6"   --->   Operation 29 'speclooptripcount' 'speclooptripcount_ln0' <Predicate = true> <Delay = 0.00>
ST_3 : Operation 30 [1/1] (0.00ns)   --->   "%br_ln17 = br i1 %icmp_ln17, void %.split2, void %._crit_edge7.loopexit" [../../src/hls_src/matrix_ops.h:17]   --->   Operation 30 'br' 'br_ln17' <Predicate = true> <Delay = 0.00>
ST_3 : Operation 31 [1/1] (0.00ns)   --->   "%specloopname_ln17 = specloopname void @_ssdm_op_SpecLoopName, void @empty_4" [../../src/hls_src/matrix_ops.h:17]   --->   Operation 31 'specloopname' 'specloopname_ln17' <Predicate = (!icmp_ln17)> <Delay = 0.00>
ST_3 : Operation 32 [1/1] (0.88ns)   --->   "%add_ln20 = add i6 %zext_ln17, i6 %empty" [../../src/hls_src/matrix_ops.h:20]   --->   Operation 32 'add' 'add_ln20' <Predicate = (!icmp_ln17)> <Delay = 0.88> <CoreInst = "Adder">   --->   Core 1 'Adder' <Latency = 0> <II = 1> <Delay = 0.88> <FuncUnit> <Opcode : 'add' 'sub'> <InPorts = 2> <OutPorts = 1>
ST_3 : Operation 33 [1/1] (0.00ns)   --->   "%zext_ln20 = zext i6 %add_ln20" [../../src/hls_src/matrix_ops.h:20]   --->   Operation 33 'zext' 'zext_ln20' <Predicate = (!icmp_ln17)> <Delay = 0.00>
ST_3 : Operation 34 [1/1] (0.00ns)   --->   "%mat_out_addr = getelementptr i32 %mat_out, i64 0, i64 %zext_ln20" [../../src/hls_src/matrix_ops.h:20]   --->   Operation 34 'getelementptr' 'mat_out_addr' <Predicate = (!icmp_ln17)> <Delay = 0.00>
ST_3 : Operation 35 [1/1] (0.48ns)   --->   "%br_ln23 = br void %.lr.ph" [../../src/hls_src/matrix_ops.h:23]   --->   Operation 35 'br' 'br_ln23' <Predicate = (!icmp_ln17)> <Delay = 0.48>
ST_3 : Operation 36 [1/1] (0.00ns)   --->   "%br_ln0 = br void"   --->   Operation 36 'br' 'br_ln0' <Predicate = (icmp_ln17)> <Delay = 0.00>

State 4 <SV = 3> <Delay = 2.23>
ST_4 : Operation 37 [1/1] (0.00ns)   --->   "%j = phi i3 %add_ln23, void %.split, i3 0, void %.split2" [../../src/hls_src/matrix_ops.h:23]   --->   Operation 37 'phi' 'j' <Predicate = true> <Delay = 0.00>
ST_4 : Operation 38 [1/1] (0.00ns)   --->   "%add1913 = phi i32 %tmp, void %.split, i32 0, void %.split2" [../../src/hls_src/matrix_ops.h:27]   --->   Operation 38 'phi' 'add1913' <Predicate = true> <Delay = 0.00>
ST_4 : Operation 39 [1/1] (0.74ns)   --->   "%add_ln23 = add i3 %j, i3 1" [../../src/hls_src/matrix_ops.h:23]   --->   Operation 39 'add' 'add_ln23' <Predicate = true> <Delay = 0.74> <CoreInst = "Adder">   --->   Core 1 'Adder' <Latency = 0> <II = 1> <Delay = 0.88> <FuncUnit> <Opcode : 'add' 'sub'> <InPorts = 2> <OutPorts = 1>
ST_4 : Operation 40 [1/1] (0.00ns)   --->   "%zext_ln23 = zext i3 %j" [../../src/hls_src/matrix_ops.h:23]   --->   Operation 40 'zext' 'zext_ln23' <Predicate = true> <Delay = 0.00>
ST_4 : Operation 41 [1/1] (0.69ns)   --->   "%icmp_ln23 = icmp_eq  i3 %j, i3 6" [../../src/hls_src/matrix_ops.h:23]   --->   Operation 41 'icmp' 'icmp_ln23' <Predicate = true> <Delay = 0.69> <CoreInst = "Cmp">   --->   Core 9 'Cmp' <Latency = 0> <II = 1> <Delay = 0.69> <FuncUnit> <Opcode : 'icmp'> <InPorts = 2> <OutPorts = 1>
ST_4 : Operation 42 [1/1] (0.00ns)   --->   "%speclooptripcount_ln0 = speclooptripcount void @_ssdm_op_SpecLoopTripCount, i64 6, i64 6, i64 6"   --->   Operation 42 'speclooptripcount' 'speclooptripcount_ln0' <Predicate = true> <Delay = 0.00>
ST_4 : Operation 43 [1/1] (0.00ns)   --->   "%br_ln23 = br i1 %icmp_ln23, void %.split, void %._crit_edge.loopexit" [../../src/hls_src/matrix_ops.h:23]   --->   Operation 43 'br' 'br_ln23' <Predicate = true> <Delay = 0.00>
ST_4 : Operation 44 [1/1] (0.88ns)   --->   "%add_ln27 = add i6 %zext_ln23, i6 %empty" [../../src/hls_src/matrix_ops.h:27]   --->   Operation 44 'add' 'add_ln27' <Predicate = (!icmp_ln23)> <Delay = 0.88> <CoreInst = "Adder">   --->   Core 1 'Adder' <Latency = 0> <II = 1> <Delay = 0.88> <FuncUnit> <Opcode : 'add' 'sub'> <InPorts = 2> <OutPorts = 1>
ST_4 : Operation 45 [1/1] (0.00ns)   --->   "%zext_ln27 = zext i6 %add_ln27" [../../src/hls_src/matrix_ops.h:27]   --->   Operation 45 'zext' 'zext_ln27' <Predicate = (!icmp_ln23)> <Delay = 0.00>
ST_4 : Operation 46 [1/1] (0.00ns)   --->   "%mat_in_L_addr = getelementptr i32 %mat_in_L, i64 0, i64 %zext_ln27" [../../src/hls_src/matrix_ops.h:27]   --->   Operation 46 'getelementptr' 'mat_in_L_addr' <Predicate = (!icmp_ln23)> <Delay = 0.00>
ST_4 : Operation 47 [2/2] (1.35ns)   --->   "%mat_in_L_load = load i6 %mat_in_L_addr" [../../src/hls_src/matrix_ops.h:27]   --->   Operation 47 'load' 'mat_in_L_load' <Predicate = (!icmp_ln23)> <Delay = 1.35> <CoreInst = "RAM">   --->   Core 83 'RAM' <Latency = 1> <II = 1> <Delay = 1.35> <Storage> <Opcode : 'load' 'store'> <Ports = 2> <Width = 32> <Depth = 36> <RAM>
ST_4 : Operation 48 [1/1] (0.00ns)   --->   "%shl_ln = bitconcatenate i6 @_ssdm_op_BitConcatenate.i6.i3.i3, i3 %j, i3 0" [../../src/hls_src/matrix_ops.h:27]   --->   Operation 48 'bitconcatenate' 'shl_ln' <Predicate = (!icmp_ln23)> <Delay = 0.00>
ST_4 : Operation 49 [1/1] (0.00ns)   --->   "%shl_ln27_3 = bitconcatenate i4 @_ssdm_op_BitConcatenate.i4.i3.i1, i3 %j, i1 0" [../../src/hls_src/matrix_ops.h:27]   --->   Operation 49 'bitconcatenate' 'shl_ln27_3' <Predicate = (!icmp_ln23)> <Delay = 0.00>
ST_4 : Operation 50 [1/1] (0.00ns)   --->   "%zext_ln27_8 = zext i4 %shl_ln27_3" [../../src/hls_src/matrix_ops.h:27]   --->   Operation 50 'zext' 'zext_ln27_8' <Predicate = (!icmp_ln23)> <Delay = 0.00>
ST_4 : Operation 51 [1/1] (0.00ns) (grouped into TernaryAdder)   --->   "%sub_ln27 = sub i6 %shl_ln, i6 %zext_ln27_8" [../../src/hls_src/matrix_ops.h:27]   --->   Operation 51 'sub' 'sub_ln27' <Predicate = (!icmp_ln23)> <Delay = 0.00> <CoreInst = "TAddSub">   --->   Core 10 'TAddSub' <Latency = 0> <II = 1> <Delay = 0.44> <IPBlock> <Opcode : 'add' 'sub'> <InPorts = 3> <OutPorts = 1> <Sync>
ST_4 : Operation 52 [1/1] (0.88ns) (root node of TernaryAdder)   --->   "%add_ln27_7 = add i6 %sub_ln27, i6 %zext_ln17" [../../src/hls_src/matrix_ops.h:27]   --->   Operation 52 'add' 'add_ln27_7' <Predicate = (!icmp_ln23)> <Delay = 0.88> <CoreInst = "TAddSub">   --->   Core 10 'TAddSub' <Latency = 0> <II = 1> <Delay = 0.44> <IPBlock> <Opcode : 'add' 'sub'> <InPorts = 3> <OutPorts = 1> <Sync>
ST_4 : Operation 53 [1/1] (0.00ns)   --->   "%zext_ln27_9 = zext i6 %add_ln27_7" [../../src/hls_src/matrix_ops.h:27]   --->   Operation 53 'zext' 'zext_ln27_9' <Predicate = (!icmp_ln23)> <Delay = 0.00>
ST_4 : Operation 54 [1/1] (0.00ns)   --->   "%mat_in_R_addr = getelementptr i32 %mat_in_R, i64 0, i64 %zext_ln27_9" [../../src/hls_src/matrix_ops.h:27]   --->   Operation 54 'getelementptr' 'mat_in_R_addr' <Predicate = (!icmp_ln23)> <Delay = 0.00>
ST_4 : Operation 55 [2/2] (1.35ns)   --->   "%mat_in_R_load = load i6 %mat_in_R_addr" [../../src/hls_src/matrix_ops.h:27]   --->   Operation 55 'load' 'mat_in_R_load' <Predicate = (!icmp_ln23)> <Delay = 1.35> <CoreInst = "RAM">   --->   Core 83 'RAM' <Latency = 1> <II = 1> <Delay = 1.35> <Storage> <Opcode : 'load' 'store'> <Ports = 2> <Width = 32> <Depth = 36> <RAM>
ST_4 : Operation 56 [1/1] (0.69ns)   --->   "%icmp_ln27 = icmp_eq  i3 %add_ln23, i3 6" [../../src/hls_src/matrix_ops.h:27]   --->   Operation 56 'icmp' 'icmp_ln27' <Predicate = (!icmp_ln23)> <Delay = 0.69> <CoreInst = "Cmp">   --->   Core 9 'Cmp' <Latency = 0> <II = 1> <Delay = 0.69> <FuncUnit> <Opcode : 'icmp'> <InPorts = 2> <OutPorts = 1>
ST_4 : Operation 57 [1/1] (1.35ns)   --->   "%store_ln27 = store i32 %add1913, i6 %mat_out_addr" [../../src/hls_src/matrix_ops.h:27]   --->   Operation 57 'store' 'store_ln27' <Predicate = (icmp_ln23)> <Delay = 1.35> <CoreInst = "RAM">   --->   Core 83 'RAM' <Latency = 1> <II = 1> <Delay = 1.35> <Storage> <Opcode : 'load' 'store'> <Ports = 2> <Width = 32> <Depth = 36> <RAM>
ST_4 : Operation 58 [1/1] (0.00ns)   --->   "%br_ln0 = br void"   --->   Operation 58 'br' 'br_ln0' <Predicate = (icmp_ln23)> <Delay = 0.00>

State 5 <SV = 4> <Delay = 6.02>
ST_5 : Operation 59 [1/2] (1.35ns)   --->   "%mat_in_L_load = load i6 %mat_in_L_addr" [../../src/hls_src/matrix_ops.h:27]   --->   Operation 59 'load' 'mat_in_L_load' <Predicate = true> <Delay = 1.35> <CoreInst = "RAM">   --->   Core 83 'RAM' <Latency = 1> <II = 1> <Delay = 1.35> <Storage> <Opcode : 'load' 'store'> <Ports = 2> <Width = 32> <Depth = 36> <RAM>
ST_5 : Operation 60 [1/2] (1.35ns)   --->   "%mat_in_R_load = load i6 %mat_in_R_addr" [../../src/hls_src/matrix_ops.h:27]   --->   Operation 60 'load' 'mat_in_R_load' <Predicate = true> <Delay = 1.35> <CoreInst = "RAM">   --->   Core 83 'RAM' <Latency = 1> <II = 1> <Delay = 1.35> <Storage> <Opcode : 'load' 'store'> <Ports = 2> <Width = 32> <Depth = 36> <RAM>
ST_5 : Operation 61 [4/4] (4.67ns)   --->   "%mul = fmul i32 %mat_in_L_load, i32 %mat_in_R_load" [../../src/hls_src/matrix_ops.h:27]   --->   Operation 61 'fmul' 'mul' <Predicate = true> <Delay = 4.67> <CoreInst = "FMul_maxdsp">   --->   Core 30 'FMul_maxdsp' <Latency = 3> <II = 1> <Delay = 4.67> <FuncUnit> <Opcode : 'fmul'> <InPorts = 2> <OutPorts = 1>

State 6 <SV = 5> <Delay = 4.67>
ST_6 : Operation 62 [3/4] (4.67ns)   --->   "%mul = fmul i32 %mat_in_L_load, i32 %mat_in_R_load" [../../src/hls_src/matrix_ops.h:27]   --->   Operation 62 'fmul' 'mul' <Predicate = true> <Delay = 4.67> <CoreInst = "FMul_maxdsp">   --->   Core 30 'FMul_maxdsp' <Latency = 3> <II = 1> <Delay = 4.67> <FuncUnit> <Opcode : 'fmul'> <InPorts = 2> <OutPorts = 1>

State 7 <SV = 6> <Delay = 4.67>
ST_7 : Operation 63 [2/4] (4.67ns)   --->   "%mul = fmul i32 %mat_in_L_load, i32 %mat_in_R_load" [../../src/hls_src/matrix_ops.h:27]   --->   Operation 63 'fmul' 'mul' <Predicate = true> <Delay = 4.67> <CoreInst = "FMul_maxdsp">   --->   Core 30 'FMul_maxdsp' <Latency = 3> <II = 1> <Delay = 4.67> <FuncUnit> <Opcode : 'fmul'> <InPorts = 2> <OutPorts = 1>

State 8 <SV = 7> <Delay = 4.67>
ST_8 : Operation 64 [1/4] (4.67ns)   --->   "%mul = fmul i32 %mat_in_L_load, i32 %mat_in_R_load" [../../src/hls_src/matrix_ops.h:27]   --->   Operation 64 'fmul' 'mul' <Predicate = true> <Delay = 4.67> <CoreInst = "FMul_maxdsp">   --->   Core 30 'FMul_maxdsp' <Latency = 3> <II = 1> <Delay = 4.67> <FuncUnit> <Opcode : 'fmul'> <InPorts = 2> <OutPorts = 1>

State 9 <SV = 8> <Delay = 5.48>
ST_9 : Operation 65 [3/3] (5.48ns)   --->   "%tmp = facc i32 @_ssdm_op_FACC, i32 %mul, i1 %icmp_ln27" [../../src/hls_src/matrix_ops.h:27]   --->   Operation 65 'facc' 'tmp' <Predicate = true> <Delay = 5.48> <CoreInst = "FAcc_nodsp">   --->   Core 11 'FAcc_nodsp' <Latency = 2> <II = 1> <Delay = 5.48> <FuncUnit> <Opcode : 'facc'> <InPorts = 2> <OutPorts = 1>

State 10 <SV = 9> <Delay = 5.48>
ST_10 : Operation 66 [2/3] (5.48ns)   --->   "%tmp = facc i32 @_ssdm_op_FACC, i32 %mul, i1 %icmp_ln27" [../../src/hls_src/matrix_ops.h:27]   --->   Operation 66 'facc' 'tmp' <Predicate = true> <Delay = 5.48> <CoreInst = "FAcc_nodsp">   --->   Core 11 'FAcc_nodsp' <Latency = 2> <II = 1> <Delay = 5.48> <FuncUnit> <Opcode : 'facc'> <InPorts = 2> <OutPorts = 1>

State 11 <SV = 10> <Delay = 5.48>
ST_11 : Operation 67 [1/1] (0.00ns)   --->   "%specloopname_ln23 = specloopname void @_ssdm_op_SpecLoopName, void @empty_27" [../../src/hls_src/matrix_ops.h:23]   --->   Operation 67 'specloopname' 'specloopname_ln23' <Predicate = true> <Delay = 0.00>
ST_11 : Operation 68 [1/3] (5.48ns)   --->   "%tmp = facc i32 @_ssdm_op_FACC, i32 %mul, i1 %icmp_ln27" [../../src/hls_src/matrix_ops.h:27]   --->   Operation 68 'facc' 'tmp' <Predicate = true> <Delay = 5.48> <CoreInst = "FAcc_nodsp">   --->   Core 11 'FAcc_nodsp' <Latency = 2> <II = 1> <Delay = 5.48> <FuncUnit> <Opcode : 'facc'> <InPorts = 2> <OutPorts = 1>
ST_11 : Operation 69 [1/1] (0.00ns)   --->   "%br_ln0 = br void %.lr.ph"   --->   Operation 69 'br' 'br_ln0' <Predicate = true> <Delay = 0.00>


============================================================
+ Verbose Summary: Binding
============================================================
STG Binding: 
---------------- STG Properties BEGIN ----------------
- Is combinational: 0
- Is one-state seq: 0
- Is datapath-only: 0
- Is pipelined: 0
- Is top level: 0
Port [ Return ] is wired: 1; IO mode=ap_ctrl_hs:ce=0
Port [ mat_in_L]:  wired=1; compound=1; hidden=0; nouse=0; global=0; static=0; extern=0; dir=0; type=1; pingpong=0; private_global=0; MemPort=[13]; IO mode=ap_memory:ce=0
Port [ mat_in_R]:  wired=1; compound=1; hidden=0; nouse=0; global=0; static=0; extern=0; dir=0; type=1; pingpong=0; private_global=0; MemPort=[13]; IO mode=ap_memory:ce=0
Port [ mat_out]:  wired=1; compound=1; hidden=0; nouse=0; global=0; static=0; extern=0; dir=1; type=1; pingpong=0; private_global=0; MemPort=[03]; IO mode=ap_memory:ce=0
---------------- STG Properties END ------------------

---------------- Datapath Model BEGIN ----------------

<LifeTime>
<method=bitvector/>
br_ln13               (br               ) [ 011111111111]
i                     (phi              ) [ 001000000000]
add_ln13              (add              ) [ 011111111111]
icmp_ln13             (icmp             ) [ 001111111111]
speclooptripcount_ln0 (speclooptripcount) [ 000000000000]
br_ln13               (br               ) [ 000000000000]
specloopname_ln13     (specloopname     ) [ 000000000000]
p_shl                 (bitconcatenate   ) [ 000000000000]
p_shl1                (bitconcatenate   ) [ 000000000000]
p_shl1_cast           (zext             ) [ 000000000000]
empty                 (sub              ) [ 000111111111]
br_ln17               (br               ) [ 001111111111]
ret_ln32              (ret              ) [ 000000000000]
k                     (phi              ) [ 000100000000]
add_ln17              (add              ) [ 001111111111]
zext_ln17             (zext             ) [ 000011111111]
icmp_ln17             (icmp             ) [ 001111111111]
speclooptripcount_ln0 (speclooptripcount) [ 000000000000]
br_ln17               (br               ) [ 000000000000]
specloopname_ln17     (specloopname     ) [ 000000000000]
add_ln20              (add              ) [ 000000000000]
zext_ln20             (zext             ) [ 000000000000]
mat_out_addr          (getelementptr    ) [ 000011111111]
br_ln23               (br               ) [ 001111111111]
br_ln0                (br               ) [ 011111111111]
j                     (phi              ) [ 000010000000]
add1913               (phi              ) [ 000010000000]
add_ln23              (add              ) [ 001111111111]
zext_ln23             (zext             ) [ 000000000000]
icmp_ln23             (icmp             ) [ 001111111111]
speclooptripcount_ln0 (speclooptripcount) [ 000000000000]
br_ln23               (br               ) [ 000000000000]
add_ln27              (add              ) [ 000000000000]
zext_ln27             (zext             ) [ 000000000000]
mat_in_L_addr         (getelementptr    ) [ 000001000000]
shl_ln                (bitconcatenate   ) [ 000000000000]
shl_ln27_3            (bitconcatenate   ) [ 000000000000]
zext_ln27_8           (zext             ) [ 000000000000]
sub_ln27              (sub              ) [ 000000000000]
add_ln27_7            (add              ) [ 000000000000]
zext_ln27_9           (zext             ) [ 000000000000]
mat_in_R_addr         (getelementptr    ) [ 000001000000]
icmp_ln27             (icmp             ) [ 000001111111]
store_ln27            (store            ) [ 000000000000]
br_ln0                (br               ) [ 001111111111]
mat_in_L_load         (load             ) [ 000000111000]
mat_in_R_load         (load             ) [ 000000111000]
mul                   (fmul             ) [ 000000000111]
specloopname_ln23     (specloopname     ) [ 000000000000]
tmp                   (facc             ) [ 001111111111]
br_ln0                (br               ) [ 001111111111]
</LifeTime>

<model>

<comp_list>
<comp id="0" class="1000" name="mat_in_L">
<pin_list>
<pin id="1" dir="1" index="0" bw="1" slack="0"/>
</pin_list>
<bind>
<StgValue><ssdm name="mat_in_L"/><MemPortTyVec>1 3 </MemPortTyVec>
</StgValue>
</bind>
</comp>

<comp id="2" class="1000" name="mat_in_R">
<pin_list>
<pin id="3" dir="1" index="0" bw="1" slack="0"/>
</pin_list>
<bind>
<StgValue><ssdm name="mat_in_R"/><MemPortTyVec>1 3 </MemPortTyVec>
</StgValue>
</bind>
</comp>

<comp id="4" class="1000" name="mat_out">
<pin_list>
<pin id="5" dir="1" index="0" bw="1" slack="0"/>
</pin_list>
<bind>
<StgValue><ssdm name="mat_out"/><MemPortTyVec>0 3 </MemPortTyVec>
</StgValue>
</bind>
</comp>

<comp id="6" class="1001" name="const_6">
<pin_list>
<pin id="7" dir="1" index="0" bw="1" slack="0"/>
</pin_list>
<bind>
<StgValue><ssdm name=""/></StgValue>
</bind>
</comp>

<comp id="8" class="1001" name="const_8">
<pin_list>
<pin id="9" dir="1" index="0" bw="1" slack="0"/>
</pin_list>
<bind>
<StgValue><ssdm name=""/></StgValue>
</bind>
</comp>

<comp id="10" class="1001" name="const_10">
<pin_list>
<pin id="11" dir="1" index="0" bw="1" slack="0"/>
</pin_list>
<bind>
<StgValue><ssdm name=""/></StgValue>
</bind>
</comp>

<comp id="12" class="1001" name="const_12">
<pin_list>
<pin id="13" dir="1" index="0" bw="1" slack="2147483647"/>
</pin_list>
<bind>
<StgValue><ssdm name="_ssdm_op_SpecLoopTripCount"/></StgValue>
</bind>
</comp>

<comp id="14" class="1001" name="const_14">
<pin_list>
<pin id="15" dir="1" index="0" bw="1" slack="2147483647"/>
</pin_list>
<bind>
<StgValue><ssdm name=""/></StgValue>
</bind>
</comp>

<comp id="16" class="1001" name="const_16">
<pin_list>
<pin id="17" dir="1" index="0" bw="1" slack="2147483647"/>
</pin_list>
<bind>
<StgValue><ssdm name="_ssdm_op_SpecLoopName"/></StgValue>
</bind>
</comp>

<comp id="18" class="1001" name="const_18">
<pin_list>
<pin id="19" dir="1" index="0" bw="1" slack="2147483647"/>
</pin_list>
<bind>
<StgValue><ssdm name="empty_5"/></StgValue>
</bind>
</comp>

<comp id="20" class="1001" name="const_20">
<pin_list>
<pin id="21" dir="1" index="0" bw="1" slack="0"/>
</pin_list>
<bind>
<StgValue><ssdm name="_ssdm_op_BitConcatenate.i6.i3.i3"/></StgValue>
</bind>
</comp>

<comp id="22" class="1001" name="const_22">
<pin_list>
<pin id="23" dir="1" index="0" bw="1" slack="0"/>
</pin_list>
<bind>
<StgValue><ssdm name="_ssdm_op_BitConcatenate.i4.i3.i1"/></StgValue>
</bind>
</comp>

<comp id="24" class="1001" name="const_24">
<pin_list>
<pin id="25" dir="1" index="0" bw="1" slack="0"/>
</pin_list>
<bind>
<StgValue><ssdm name=""/></StgValue>
</bind>
</comp>

<comp id="26" class="1001" name="const_26">
<pin_list>
<pin id="27" dir="1" index="0" bw="1" slack="2147483647"/>
</pin_list>
<bind>
<StgValue><ssdm name="empty_4"/></StgValue>
</bind>
</comp>

<comp id="28" class="1001" name="const_28">
<pin_list>
<pin id="29" dir="1" index="0" bw="1" slack="0"/>
</pin_list>
<bind>
<StgValue><ssdm name=""/></StgValue>
</bind>
</comp>

<comp id="30" class="1001" name="const_30">
<pin_list>
<pin id="31" dir="1" index="0" bw="1" slack="1"/>
</pin_list>
<bind>
<StgValue><ssdm name=""/></StgValue>
</bind>
</comp>

<comp id="32" class="1001" name="const_32">
<pin_list>
<pin id="33" dir="1" index="0" bw="1" slack="0"/>
</pin_list>
<bind>
<StgValue><ssdm name="_ssdm_op_FACC"/></StgValue>
</bind>
</comp>

<comp id="34" class="1001" name="const_34">
<pin_list>
<pin id="35" dir="1" index="0" bw="1" slack="2147483647"/>
</pin_list>
<bind>
<StgValue><ssdm name="empty_27"/></StgValue>
</bind>
</comp>

<comp id="36" class="1004" name="mat_out_addr_gep_fu_36">
<pin_list>
<pin id="37" dir="0" index="0" bw="32" slack="0"/>
<pin id="38" dir="0" index="1" bw="1" slack="0"/>
<pin id="39" dir="0" index="2" bw="6" slack="0"/>
<pin id="40" dir="1" index="3" bw="6" slack="1"/>
</pin_list>
<bind>
<opcode="getelementptr(29) " fcode="getelementptr"/>
<opset="mat_out_addr/3 "/>
</bind>
</comp>

<comp id="43" class="1004" name="mat_in_L_addr_gep_fu_43">
<pin_list>
<pin id="44" dir="0" index="0" bw="32" slack="0"/>
<pin id="45" dir="0" index="1" bw="1" slack="0"/>
<pin id="46" dir="0" index="2" bw="6" slack="0"/>
<pin id="47" dir="1" index="3" bw="6" slack="0"/>
</pin_list>
<bind>
<opcode="getelementptr(29) " fcode="getelementptr"/>
<opset="mat_in_L_addr/4 "/>
</bind>
</comp>

<comp id="50" class="1004" name="grp_access_fu_50">
<pin_list>
<pin id="51" dir="0" index="0" bw="6" slack="0"/>
<pin id="52" dir="0" index="1" bw="32" slack="2147483647"/>
<pin id="53" dir="0" index="2" bw="0" slack="2147483647"/>
<pin id="54" dir="1" index="3" bw="32" slack="0"/>
</pin_list>
<bind>
<opcode="load(27) " fcode="load"/>
<opset="mat_in_L_load/4 "/>
</bind>
</comp>

<comp id="56" class="1004" name="mat_in_R_addr_gep_fu_56">
<pin_list>
<pin id="57" dir="0" index="0" bw="32" slack="0"/>
<pin id="58" dir="0" index="1" bw="1" slack="0"/>
<pin id="59" dir="0" index="2" bw="6" slack="0"/>
<pin id="60" dir="1" index="3" bw="6" slack="0"/>
</pin_list>
<bind>
<opcode="getelementptr(29) " fcode="getelementptr"/>
<opset="mat_in_R_addr/4 "/>
</bind>
</comp>

<comp id="63" class="1004" name="grp_access_fu_63">
<pin_list>
<pin id="64" dir="0" index="0" bw="6" slack="0"/>
<pin id="65" dir="0" index="1" bw="32" slack="2147483647"/>
<pin id="66" dir="0" index="2" bw="0" slack="2147483647"/>
<pin id="67" dir="1" index="3" bw="32" slack="0"/>
</pin_list>
<bind>
<opcode="load(27) " fcode="load"/>
<opset="mat_in_R_load/4 "/>
</bind>
</comp>

<comp id="69" class="1004" name="store_ln27_access_fu_69">
<pin_list>
<pin id="70" dir="0" index="0" bw="6" slack="1"/>
<pin id="71" dir="0" index="1" bw="32" slack="0"/>
<pin id="72" dir="0" index="2" bw="0" slack="2147483647"/>
<pin id="73" dir="1" index="3" bw="32" slack="2147483647"/>
</pin_list>
<bind>
<opcode="store(28) " fcode="store"/>
<opset="store_ln27/4 "/>
</bind>
</comp>

<comp id="74" class="1005" name="i_reg_74">
<pin_list>
<pin id="75" dir="0" index="0" bw="3" slack="1"/>
<pin id="76" dir="1" index="1" bw="3" slack="1"/>
</pin_list>
<bind>
<opset="i (phireg) "/>
</bind>
</comp>

<comp id="78" class="1004" name="i_phi_fu_78">
<pin_list>
<pin id="79" dir="0" index="0" bw="3" slack="0"/>
<pin id="80" dir="0" index="1" bw="0" slack="2147483647"/>
<pin id="81" dir="0" index="2" bw="1" slack="1"/>
<pin id="82" dir="0" index="3" bw="0" slack="2147483647"/>
<pin id="83" dir="1" index="4" bw="3" slack="0"/>
</pin_list>
<bind>
<opcode="phi(47) " fcode="phi"/>
<opset="i/2 "/>
</bind>
</comp>

<comp id="85" class="1005" name="k_reg_85">
<pin_list>
<pin id="86" dir="0" index="0" bw="3" slack="1"/>
<pin id="87" dir="1" index="1" bw="3" slack="1"/>
</pin_list>
<bind>
<opset="k (phireg) "/>
</bind>
</comp>

<comp id="89" class="1004" name="k_phi_fu_89">
<pin_list>
<pin id="90" dir="0" index="0" bw="3" slack="0"/>
<pin id="91" dir="0" index="1" bw="0" slack="2147483647"/>
<pin id="92" dir="0" index="2" bw="1" slack="1"/>
<pin id="93" dir="0" index="3" bw="0" slack="2147483647"/>
<pin id="94" dir="1" index="4" bw="3" slack="0"/>
</pin_list>
<bind>
<opcode="phi(47) " fcode="phi"/>
<opset="k/3 "/>
</bind>
</comp>

<comp id="96" class="1005" name="j_reg_96">
<pin_list>
<pin id="97" dir="0" index="0" bw="3" slack="1"/>
<pin id="98" dir="1" index="1" bw="3" slack="1"/>
</pin_list>
<bind>
<opset="j (phireg) "/>
</bind>
</comp>

<comp id="100" class="1004" name="j_phi_fu_100">
<pin_list>
<pin id="101" dir="0" index="0" bw="3" slack="0"/>
<pin id="102" dir="0" index="1" bw="0" slack="2147483647"/>
<pin id="103" dir="0" index="2" bw="1" slack="1"/>
<pin id="104" dir="0" index="3" bw="0" slack="2147483647"/>
<pin id="105" dir="1" index="4" bw="3" slack="0"/>
</pin_list>
<bind>
<opcode="phi(47) " fcode="phi"/>
<opset="j/4 "/>
</bind>
</comp>

<comp id="107" class="1005" name="add1913_reg_107">
<pin_list>
<pin id="108" dir="0" index="0" bw="32" slack="1"/>
<pin id="109" dir="1" index="1" bw="32" slack="1"/>
</pin_list>
<bind>
<opset="add1913 (phireg) "/>
</bind>
</comp>

<comp id="111" class="1004" name="add1913_phi_fu_111">
<pin_list>
<pin id="112" dir="0" index="0" bw="32" slack="1"/>
<pin id="113" dir="0" index="1" bw="0" slack="2147483647"/>
<pin id="114" dir="0" index="2" bw="32" slack="1"/>
<pin id="115" dir="0" index="3" bw="0" slack="2147483647"/>
<pin id="116" dir="1" index="4" bw="32" slack="0"/>
</pin_list>
<bind>
<opcode="phi(47) " fcode="phi"/>
<opset="add1913/4 "/>
</bind>
</comp>

<comp id="119" class="1004" name="grp_fu_119">
<pin_list>
<pin id="120" dir="0" index="0" bw="32" slack="0"/>
<pin id="121" dir="0" index="1" bw="32" slack="0"/>
<pin id="122" dir="1" index="2" bw="32" slack="1"/>
</pin_list>
<bind>
<opcode="fmul(13) " fcode="fmul"/>
<opset="mul/5 "/>
</bind>
</comp>

<comp id="125" class="1004" name="add_ln13_fu_125">
<pin_list>
<pin id="126" dir="0" index="0" bw="3" slack="0"/>
<pin id="127" dir="0" index="1" bw="1" slack="0"/>
<pin id="128" dir="1" index="2" bw="3" slack="0"/>
</pin_list>
<bind>
<opcode="add(8) " fcode="add"/>
<opset="add_ln13/2 "/>
</bind>
</comp>

<comp id="131" class="1004" name="icmp_ln13_fu_131">
<pin_list>
<pin id="132" dir="0" index="0" bw="3" slack="0"/>
<pin id="133" dir="0" index="1" bw="2" slack="0"/>
<pin id="134" dir="1" index="2" bw="1" slack="2147483647"/>
</pin_list>
<bind>
<opcode="icmp(45) " fcode="icmp"/>
<opset="icmp_ln13/2 "/>
</bind>
</comp>

<comp id="137" class="1004" name="p_shl_fu_137">
<pin_list>
<pin id="138" dir="0" index="0" bw="6" slack="0"/>
<pin id="139" dir="0" index="1" bw="3" slack="0"/>
<pin id="140" dir="0" index="2" bw="1" slack="0"/>
<pin id="141" dir="1" index="3" bw="6" slack="0"/>
</pin_list>
<bind>
<opcode="bitconcatenate(1004) " fcode="bitconcatenate"/>
<opset="p_shl/2 "/>
</bind>
</comp>

<comp id="145" class="1004" name="p_shl1_fu_145">
<pin_list>
<pin id="146" dir="0" index="0" bw="4" slack="0"/>
<pin id="147" dir="0" index="1" bw="3" slack="0"/>
<pin id="148" dir="0" index="2" bw="1" slack="0"/>
<pin id="149" dir="1" index="3" bw="4" slack="0"/>
</pin_list>
<bind>
<opcode="bitconcatenate(1004) " fcode="bitconcatenate"/>
<opset="p_shl1/2 "/>
</bind>
</comp>

<comp id="153" class="1004" name="p_shl1_cast_fu_153">
<pin_list>
<pin id="154" dir="0" index="0" bw="4" slack="0"/>
<pin id="155" dir="1" index="1" bw="6" slack="0"/>
</pin_list>
<bind>
<opcode="zext(34) " fcode="zext"/>
<opset="p_shl1_cast/2 "/>
</bind>
</comp>

<comp id="157" class="1004" name="empty_fu_157">
<pin_list>
<pin id="158" dir="0" index="0" bw="6" slack="0"/>
<pin id="159" dir="0" index="1" bw="4" slack="0"/>
<pin id="160" dir="1" index="2" bw="6" slack="1"/>
</pin_list>
<bind>
<opcode="sub(10) " fcode="sub"/>
<opset="empty/2 "/>
</bind>
</comp>

<comp id="163" class="1004" name="add_ln17_fu_163">
<pin_list>
<pin id="164" dir="0" index="0" bw="3" slack="0"/>
<pin id="165" dir="0" index="1" bw="1" slack="0"/>
<pin id="166" dir="1" index="2" bw="3" slack="0"/>
</pin_list>
<bind>
<opcode="add(8) " fcode="add"/>
<opset="add_ln17/3 "/>
</bind>
</comp>

<comp id="169" class="1004" name="zext_ln17_fu_169">
<pin_list>
<pin id="170" dir="0" index="0" bw="3" slack="0"/>
<pin id="171" dir="1" index="1" bw="6" slack="0"/>
</pin_list>
<bind>
<opcode="zext(34) " fcode="zext"/>
<opset="zext_ln17/3 "/>
</bind>
</comp>

<comp id="173" class="1004" name="icmp_ln17_fu_173">
<pin_list>
<pin id="174" dir="0" index="0" bw="3" slack="0"/>
<pin id="175" dir="0" index="1" bw="2" slack="0"/>
<pin id="176" dir="1" index="2" bw="1" slack="2147483647"/>
</pin_list>
<bind>
<opcode="icmp(45) " fcode="icmp"/>
<opset="icmp_ln17/3 "/>
</bind>
</comp>

<comp id="179" class="1004" name="add_ln20_fu_179">
<pin_list>
<pin id="180" dir="0" index="0" bw="3" slack="0"/>
<pin id="181" dir="0" index="1" bw="6" slack="1"/>
<pin id="182" dir="1" index="2" bw="6" slack="0"/>
</pin_list>
<bind>
<opcode="add(8) " fcode="add"/>
<opset="add_ln20/3 "/>
</bind>
</comp>

<comp id="184" class="1004" name="zext_ln20_fu_184">
<pin_list>
<pin id="185" dir="0" index="0" bw="6" slack="0"/>
<pin id="186" dir="1" index="1" bw="64" slack="0"/>
</pin_list>
<bind>
<opcode="zext(34) " fcode="zext"/>
<opset="zext_ln20/3 "/>
</bind>
</comp>

<comp id="189" class="1004" name="add_ln23_fu_189">
<pin_list>
<pin id="190" dir="0" index="0" bw="3" slack="0"/>
<pin id="191" dir="0" index="1" bw="1" slack="0"/>
<pin id="192" dir="1" index="2" bw="3" slack="0"/>
</pin_list>
<bind>
<opcode="add(8) " fcode="add"/>
<opset="add_ln23/4 "/>
</bind>
</comp>

<comp id="195" class="1004" name="zext_ln23_fu_195">
<pin_list>
<pin id="196" dir="0" index="0" bw="3" slack="0"/>
<pin id="197" dir="1" index="1" bw="6" slack="0"/>
</pin_list>
<bind>
<opcode="zext(34) " fcode="zext"/>
<opset="zext_ln23/4 "/>
</bind>
</comp>

<comp id="199" class="1004" name="icmp_ln23_fu_199">
<pin_list>
<pin id="200" dir="0" index="0" bw="3" slack="0"/>
<pin id="201" dir="0" index="1" bw="2" slack="0"/>
<pin id="202" dir="1" index="2" bw="1" slack="2147483647"/>
</pin_list>
<bind>
<opcode="icmp(45) " fcode="icmp"/>
<opset="icmp_ln23/4 "/>
</bind>
</comp>

<comp id="205" class="1004" name="add_ln27_fu_205">
<pin_list>
<pin id="206" dir="0" index="0" bw="3" slack="0"/>
<pin id="207" dir="0" index="1" bw="6" slack="2"/>
<pin id="208" dir="1" index="2" bw="6" slack="0"/>
</pin_list>
<bind>
<opcode="add(8) " fcode="add"/>
<opset="add_ln27/4 "/>
</bind>
</comp>

<comp id="210" class="1004" name="zext_ln27_fu_210">
<pin_list>
<pin id="211" dir="0" index="0" bw="6" slack="0"/>
<pin id="212" dir="1" index="1" bw="64" slack="0"/>
</pin_list>
<bind>
<opcode="zext(34) " fcode="zext"/>
<opset="zext_ln27/4 "/>
</bind>
</comp>

<comp id="215" class="1004" name="shl_ln_fu_215">
<pin_list>
<pin id="216" dir="0" index="0" bw="6" slack="0"/>
<pin id="217" dir="0" index="1" bw="3" slack="0"/>
<pin id="218" dir="0" index="2" bw="1" slack="0"/>
<pin id="219" dir="1" index="3" bw="6" slack="0"/>
</pin_list>
<bind>
<opcode="bitconcatenate(1004) " fcode="bitconcatenate"/>
<opset="shl_ln/4 "/>
</bind>
</comp>

<comp id="223" class="1004" name="shl_ln27_3_fu_223">
<pin_list>
<pin id="224" dir="0" index="0" bw="4" slack="0"/>
<pin id="225" dir="0" index="1" bw="3" slack="0"/>
<pin id="226" dir="0" index="2" bw="1" slack="0"/>
<pin id="227" dir="1" index="3" bw="4" slack="0"/>
</pin_list>
<bind>
<opcode="bitconcatenate(1004) " fcode="bitconcatenate"/>
<opset="shl_ln27_3/4 "/>
</bind>
</comp>

<comp id="231" class="1004" name="zext_ln27_8_fu_231">
<pin_list>
<pin id="232" dir="0" index="0" bw="4" slack="0"/>
<pin id="233" dir="1" index="1" bw="6" slack="0"/>
</pin_list>
<bind>
<opcode="zext(34) " fcode="zext"/>
<opset="zext_ln27_8/4 "/>
</bind>
</comp>

<comp id="235" class="1004" name="sub_ln27_fu_235">
<pin_list>
<pin id="236" dir="0" index="0" bw="6" slack="0"/>
<pin id="237" dir="0" index="1" bw="4" slack="0"/>
<pin id="238" dir="1" index="2" bw="6" slack="0"/>
</pin_list>
<bind>
<opcode="sub(10) " fcode="sub"/>
<opset="sub_ln27/4 "/>
</bind>
</comp>

<comp id="241" class="1004" name="add_ln27_7_fu_241">
<pin_list>
<pin id="242" dir="0" index="0" bw="6" slack="0"/>
<pin id="243" dir="0" index="1" bw="3" slack="1"/>
<pin id="244" dir="1" index="2" bw="6" slack="0"/>
</pin_list>
<bind>
<opcode="add(8) " fcode="add"/>
<opset="add_ln27_7/4 "/>
</bind>
</comp>

<comp id="246" class="1004" name="zext_ln27_9_fu_246">
<pin_list>
<pin id="247" dir="0" index="0" bw="6" slack="0"/>
<pin id="248" dir="1" index="1" bw="64" slack="0"/>
</pin_list>
<bind>
<opcode="zext(34) " fcode="zext"/>
<opset="zext_ln27_9/4 "/>
</bind>
</comp>

<comp id="251" class="1004" name="icmp_ln27_fu_251">
<pin_list>
<pin id="252" dir="0" index="0" bw="3" slack="0"/>
<pin id="253" dir="0" index="1" bw="2" slack="0"/>
<pin id="254" dir="1" index="2" bw="1" slack="5"/>
</pin_list>
<bind>
<opcode="icmp(45) " fcode="icmp"/>
<opset="icmp_ln27/4 "/>
</bind>
</comp>

<comp id="257" class="1004" name="grp_fu_257">
<pin_list>
<pin id="258" dir="0" index="0" bw="32" slack="0"/>
<pin id="259" dir="0" index="1" bw="32" slack="1"/>
<pin id="260" dir="0" index="2" bw="1" slack="5"/>
<pin id="261" dir="1" index="3" bw="32" slack="1"/>
</pin_list>
<bind>
<opcode="facc(582) " fcode="facc"/>
<opset="tmp/9 "/>
</bind>
</comp>

<comp id="263" class="1005" name="add_ln13_reg_263">
<pin_list>
<pin id="264" dir="0" index="0" bw="3" slack="0"/>
<pin id="265" dir="1" index="1" bw="3" slack="0"/>
</pin_list>
<bind>
<opset="add_ln13 "/>
</bind>
</comp>

<comp id="271" class="1005" name="empty_reg_271">
<pin_list>
<pin id="272" dir="0" index="0" bw="6" slack="1"/>
<pin id="273" dir="1" index="1" bw="6" slack="1"/>
</pin_list>
<bind>
<opset="empty "/>
</bind>
</comp>

<comp id="277" class="1005" name="add_ln17_reg_277">
<pin_list>
<pin id="278" dir="0" index="0" bw="3" slack="0"/>
<pin id="279" dir="1" index="1" bw="3" slack="0"/>
</pin_list>
<bind>
<opset="add_ln17 "/>
</bind>
</comp>

<comp id="282" class="1005" name="zext_ln17_reg_282">
<pin_list>
<pin id="283" dir="0" index="0" bw="6" slack="1"/>
<pin id="284" dir="1" index="1" bw="6" slack="1"/>
</pin_list>
<bind>
<opset="zext_ln17 "/>
</bind>
</comp>

<comp id="290" class="1005" name="mat_out_addr_reg_290">
<pin_list>
<pin id="291" dir="0" index="0" bw="6" slack="1"/>
<pin id="292" dir="1" index="1" bw="6" slack="1"/>
</pin_list>
<bind>
<opset="mat_out_addr "/>
</bind>
</comp>

<comp id="295" class="1005" name="add_ln23_reg_295">
<pin_list>
<pin id="296" dir="0" index="0" bw="3" slack="0"/>
<pin id="297" dir="1" index="1" bw="3" slack="0"/>
</pin_list>
<bind>
<opset="add_ln23 "/>
</bind>
</comp>

<comp id="303" class="1005" name="mat_in_L_addr_reg_303">
<pin_list>
<pin id="304" dir="0" index="0" bw="6" slack="1"/>
<pin id="305" dir="1" index="1" bw="6" slack="1"/>
</pin_list>
<bind>
<opset="mat_in_L_addr "/>
</bind>
</comp>

<comp id="308" class="1005" name="mat_in_R_addr_reg_308">
<pin_list>
<pin id="309" dir="0" index="0" bw="6" slack="1"/>
<pin id="310" dir="1" index="1" bw="6" slack="1"/>
</pin_list>
<bind>
<opset="mat_in_R_addr "/>
</bind>
</comp>

<comp id="313" class="1005" name="icmp_ln27_reg_313">
<pin_list>
<pin id="314" dir="0" index="0" bw="1" slack="5"/>
<pin id="315" dir="1" index="1" bw="1" slack="5"/>
</pin_list>
<bind>
<opset="icmp_ln27 "/>
</bind>
</comp>

<comp id="318" class="1005" name="mat_in_L_load_reg_318">
<pin_list>
<pin id="319" dir="0" index="0" bw="32" slack="1"/>
<pin id="320" dir="1" index="1" bw="32" slack="1"/>
</pin_list>
<bind>
<opset="mat_in_L_load "/>
</bind>
</comp>

<comp id="323" class="1005" name="mat_in_R_load_reg_323">
<pin_list>
<pin id="324" dir="0" index="0" bw="32" slack="1"/>
<pin id="325" dir="1" index="1" bw="32" slack="1"/>
</pin_list>
<bind>
<opset="mat_in_R_load "/>
</bind>
</comp>

<comp id="328" class="1005" name="mul_reg_328">
<pin_list>
<pin id="329" dir="0" index="0" bw="32" slack="1"/>
<pin id="330" dir="1" index="1" bw="32" slack="1"/>
</pin_list>
<bind>
<opset="mul "/>
</bind>
</comp>

<comp id="333" class="1005" name="tmp_reg_333">
<pin_list>
<pin id="334" dir="0" index="0" bw="32" slack="1"/>
<pin id="335" dir="1" index="1" bw="32" slack="1"/>
</pin_list>
<bind>
<opset="tmp "/>
</bind>
</comp>

</comp_list>

<net_list>
<net id="41"><net_src comp="4" pin="0"/><net_sink comp="36" pin=0"/></net>

<net id="42"><net_src comp="28" pin="0"/><net_sink comp="36" pin=1"/></net>

<net id="48"><net_src comp="0" pin="0"/><net_sink comp="43" pin=0"/></net>

<net id="49"><net_src comp="28" pin="0"/><net_sink comp="43" pin=1"/></net>

<net id="55"><net_src comp="43" pin="3"/><net_sink comp="50" pin=0"/></net>

<net id="61"><net_src comp="2" pin="0"/><net_sink comp="56" pin=0"/></net>

<net id="62"><net_src comp="28" pin="0"/><net_sink comp="56" pin=1"/></net>

<net id="68"><net_src comp="56" pin="3"/><net_sink comp="63" pin=0"/></net>

<net id="77"><net_src comp="6" pin="0"/><net_sink comp="74" pin=0"/></net>

<net id="84"><net_src comp="74" pin="1"/><net_sink comp="78" pin=2"/></net>

<net id="88"><net_src comp="6" pin="0"/><net_sink comp="85" pin=0"/></net>

<net id="95"><net_src comp="85" pin="1"/><net_sink comp="89" pin=2"/></net>

<net id="99"><net_src comp="6" pin="0"/><net_sink comp="96" pin=0"/></net>

<net id="106"><net_src comp="96" pin="1"/><net_sink comp="100" pin=2"/></net>

<net id="110"><net_src comp="30" pin="0"/><net_sink comp="107" pin=0"/></net>

<net id="117"><net_src comp="107" pin="1"/><net_sink comp="111" pin=2"/></net>

<net id="118"><net_src comp="111" pin="4"/><net_sink comp="69" pin=1"/></net>

<net id="123"><net_src comp="50" pin="3"/><net_sink comp="119" pin=0"/></net>

<net id="124"><net_src comp="63" pin="3"/><net_sink comp="119" pin=1"/></net>

<net id="129"><net_src comp="78" pin="4"/><net_sink comp="125" pin=0"/></net>

<net id="130"><net_src comp="8" pin="0"/><net_sink comp="125" pin=1"/></net>

<net id="135"><net_src comp="78" pin="4"/><net_sink comp="131" pin=0"/></net>

<net id="136"><net_src comp="10" pin="0"/><net_sink comp="131" pin=1"/></net>

<net id="142"><net_src comp="20" pin="0"/><net_sink comp="137" pin=0"/></net>

<net id="143"><net_src comp="78" pin="4"/><net_sink comp="137" pin=1"/></net>

<net id="144"><net_src comp="6" pin="0"/><net_sink comp="137" pin=2"/></net>

<net id="150"><net_src comp="22" pin="0"/><net_sink comp="145" pin=0"/></net>

<net id="151"><net_src comp="78" pin="4"/><net_sink comp="145" pin=1"/></net>

<net id="152"><net_src comp="24" pin="0"/><net_sink comp="145" pin=2"/></net>

<net id="156"><net_src comp="145" pin="3"/><net_sink comp="153" pin=0"/></net>

<net id="161"><net_src comp="137" pin="3"/><net_sink comp="157" pin=0"/></net>

<net id="162"><net_src comp="153" pin="1"/><net_sink comp="157" pin=1"/></net>

<net id="167"><net_src comp="89" pin="4"/><net_sink comp="163" pin=0"/></net>

<net id="168"><net_src comp="8" pin="0"/><net_sink comp="163" pin=1"/></net>

<net id="172"><net_src comp="89" pin="4"/><net_sink comp="169" pin=0"/></net>

<net id="177"><net_src comp="89" pin="4"/><net_sink comp="173" pin=0"/></net>

<net id="178"><net_src comp="10" pin="0"/><net_sink comp="173" pin=1"/></net>

<net id="183"><net_src comp="169" pin="1"/><net_sink comp="179" pin=0"/></net>

<net id="187"><net_src comp="179" pin="2"/><net_sink comp="184" pin=0"/></net>

<net id="188"><net_src comp="184" pin="1"/><net_sink comp="36" pin=2"/></net>

<net id="193"><net_src comp="100" pin="4"/><net_sink comp="189" pin=0"/></net>

<net id="194"><net_src comp="8" pin="0"/><net_sink comp="189" pin=1"/></net>

<net id="198"><net_src comp="100" pin="4"/><net_sink comp="195" pin=0"/></net>

<net id="203"><net_src comp="100" pin="4"/><net_sink comp="199" pin=0"/></net>

<net id="204"><net_src comp="10" pin="0"/><net_sink comp="199" pin=1"/></net>

<net id="209"><net_src comp="195" pin="1"/><net_sink comp="205" pin=0"/></net>

<net id="213"><net_src comp="205" pin="2"/><net_sink comp="210" pin=0"/></net>

<net id="214"><net_src comp="210" pin="1"/><net_sink comp="43" pin=2"/></net>

<net id="220"><net_src comp="20" pin="0"/><net_sink comp="215" pin=0"/></net>

<net id="221"><net_src comp="100" pin="4"/><net_sink comp="215" pin=1"/></net>

<net id="222"><net_src comp="6" pin="0"/><net_sink comp="215" pin=2"/></net>

<net id="228"><net_src comp="22" pin="0"/><net_sink comp="223" pin=0"/></net>

<net id="229"><net_src comp="100" pin="4"/><net_sink comp="223" pin=1"/></net>

<net id="230"><net_src comp="24" pin="0"/><net_sink comp="223" pin=2"/></net>

<net id="234"><net_src comp="223" pin="3"/><net_sink comp="231" pin=0"/></net>

<net id="239"><net_src comp="215" pin="3"/><net_sink comp="235" pin=0"/></net>

<net id="240"><net_src comp="231" pin="1"/><net_sink comp="235" pin=1"/></net>

<net id="245"><net_src comp="235" pin="2"/><net_sink comp="241" pin=0"/></net>

<net id="249"><net_src comp="241" pin="2"/><net_sink comp="246" pin=0"/></net>

<net id="250"><net_src comp="246" pin="1"/><net_sink comp="56" pin=2"/></net>

<net id="255"><net_src comp="189" pin="2"/><net_sink comp="251" pin=0"/></net>

<net id="256"><net_src comp="10" pin="0"/><net_sink comp="251" pin=1"/></net>

<net id="262"><net_src comp="32" pin="0"/><net_sink comp="257" pin=0"/></net>

<net id="266"><net_src comp="125" pin="2"/><net_sink comp="263" pin=0"/></net>

<net id="267"><net_src comp="263" pin="1"/><net_sink comp="78" pin=0"/></net>

<net id="274"><net_src comp="157" pin="2"/><net_sink comp="271" pin=0"/></net>

<net id="275"><net_src comp="271" pin="1"/><net_sink comp="179" pin=1"/></net>

<net id="276"><net_src comp="271" pin="1"/><net_sink comp="205" pin=1"/></net>

<net id="280"><net_src comp="163" pin="2"/><net_sink comp="277" pin=0"/></net>

<net id="281"><net_src comp="277" pin="1"/><net_sink comp="89" pin=0"/></net>

<net id="285"><net_src comp="169" pin="1"/><net_sink comp="282" pin=0"/></net>

<net id="286"><net_src comp="282" pin="1"/><net_sink comp="241" pin=1"/></net>

<net id="293"><net_src comp="36" pin="3"/><net_sink comp="290" pin=0"/></net>

<net id="294"><net_src comp="290" pin="1"/><net_sink comp="69" pin=0"/></net>

<net id="298"><net_src comp="189" pin="2"/><net_sink comp="295" pin=0"/></net>

<net id="299"><net_src comp="295" pin="1"/><net_sink comp="100" pin=0"/></net>

<net id="306"><net_src comp="43" pin="3"/><net_sink comp="303" pin=0"/></net>

<net id="307"><net_src comp="303" pin="1"/><net_sink comp="50" pin=0"/></net>

<net id="311"><net_src comp="56" pin="3"/><net_sink comp="308" pin=0"/></net>

<net id="312"><net_src comp="308" pin="1"/><net_sink comp="63" pin=0"/></net>

<net id="316"><net_src comp="251" pin="2"/><net_sink comp="313" pin=0"/></net>

<net id="317"><net_src comp="313" pin="1"/><net_sink comp="257" pin=2"/></net>

<net id="321"><net_src comp="50" pin="3"/><net_sink comp="318" pin=0"/></net>

<net id="322"><net_src comp="318" pin="1"/><net_sink comp="119" pin=0"/></net>

<net id="326"><net_src comp="63" pin="3"/><net_sink comp="323" pin=0"/></net>

<net id="327"><net_src comp="323" pin="1"/><net_sink comp="119" pin=1"/></net>

<net id="331"><net_src comp="119" pin="2"/><net_sink comp="328" pin=0"/></net>

<net id="332"><net_src comp="328" pin="1"/><net_sink comp="257" pin=1"/></net>

<net id="336"><net_src comp="257" pin="3"/><net_sink comp="333" pin=0"/></net>

<net id="337"><net_src comp="333" pin="1"/><net_sink comp="111" pin=0"/></net>

</net_list>

</model> 
---------------- Datapath Model END ------------------

* FSMD analyzer results:
  - Output states:
	Port: mat_out | {4 }
 - Input state : 
	Port: matMultiply<float, 6, 6, 6> : mat_in_L | {4 5 }
	Port: matMultiply<float, 6, 6, 6> : mat_in_R | {4 5 }
  - Chain level:
	State 1
	State 2
		add_ln13 : 1
		icmp_ln13 : 1
		br_ln13 : 2
		p_shl : 1
		p_shl1 : 1
		p_shl1_cast : 2
		empty : 3
	State 3
		add_ln17 : 1
		zext_ln17 : 1
		icmp_ln17 : 1
		br_ln17 : 2
		add_ln20 : 2
		zext_ln20 : 3
		mat_out_addr : 4
	State 4
		add_ln23 : 1
		zext_ln23 : 1
		icmp_ln23 : 1
		br_ln23 : 2
		add_ln27 : 2
		zext_ln27 : 3
		mat_in_L_addr : 4
		mat_in_L_load : 5
		shl_ln : 1
		shl_ln27_3 : 1
		zext_ln27_8 : 2
		sub_ln27 : 3
		add_ln27_7 : 4
		zext_ln27_9 : 5
		mat_in_R_addr : 6
		mat_in_R_load : 7
		icmp_ln27 : 2
		store_ln27 : 1
	State 5
		mul : 1
	State 6
	State 7
	State 8
	State 9
	State 10
	State 11


============================================================
+ Verbose Summary: Datapath Resource usage 
============================================================

* Functional unit list:
|----------|--------------------|---------|---------|---------|
| Operation|   Functional Unit  |   DSP   |    FF   |   LUT   |
|----------|--------------------|---------|---------|---------|
|   facc   |     grp_fu_257     |    0    |   137   |   831   |
|----------|--------------------|---------|---------|---------|
|   fmul   |     grp_fu_119     |    3    |   143   |   140   |
|----------|--------------------|---------|---------|---------|
|          |   add_ln13_fu_125  |    0    |    0    |    10   |
|          |   add_ln17_fu_163  |    0    |    0    |    10   |
|    add   |   add_ln20_fu_179  |    0    |    0    |    13   |
|          |   add_ln23_fu_189  |    0    |    0    |    10   |
|          |   add_ln27_fu_205  |    0    |    0    |    13   |
|          |  add_ln27_7_fu_241 |    0    |    0    |    13   |
|----------|--------------------|---------|---------|---------|
|          |  icmp_ln13_fu_131  |    0    |    0    |    8    |
|   icmp   |  icmp_ln17_fu_173  |    0    |    0    |    8    |
|          |  icmp_ln23_fu_199  |    0    |    0    |    8    |
|          |  icmp_ln27_fu_251  |    0    |    0    |    8    |
|----------|--------------------|---------|---------|---------|
|    sub   |    empty_fu_157    |    0    |    0    |    13   |
|          |   sub_ln27_fu_235  |    0    |    0    |    13   |
|----------|--------------------|---------|---------|---------|
|          |    p_shl_fu_137    |    0    |    0    |    0    |
|bitconcatenate|    p_shl1_fu_145   |    0    |    0    |    0    |
|          |    shl_ln_fu_215   |    0    |    0    |    0    |
|          |  shl_ln27_3_fu_223 |    0    |    0    |    0    |
|----------|--------------------|---------|---------|---------|
|          | p_shl1_cast_fu_153 |    0    |    0    |    0    |
|          |  zext_ln17_fu_169  |    0    |    0    |    0    |
|          |  zext_ln20_fu_184  |    0    |    0    |    0    |
|   zext   |  zext_ln23_fu_195  |    0    |    0    |    0    |
|          |  zext_ln27_fu_210  |    0    |    0    |    0    |
|          | zext_ln27_8_fu_231 |    0    |    0    |    0    |
|          | zext_ln27_9_fu_246 |    0    |    0    |    0    |
|----------|--------------------|---------|---------|---------|
|   Total  |                    |    3    |   280   |   1098  |
|----------|--------------------|---------|---------|---------|

Memories:
N/A

* Register list:
+---------------------+--------+
|                     |   FF   |
+---------------------+--------+
|   add1913_reg_107   |   32   |
|   add_ln13_reg_263  |    3   |
|   add_ln17_reg_277  |    3   |
|   add_ln23_reg_295  |    3   |
|    empty_reg_271    |    6   |
|       i_reg_74      |    3   |
|  icmp_ln27_reg_313  |    1   |
|       j_reg_96      |    3   |
|       k_reg_85      |    3   |
|mat_in_L_addr_reg_303|    6   |
|mat_in_L_load_reg_318|   32   |
|mat_in_R_addr_reg_308|    6   |
|mat_in_R_load_reg_323|   32   |
| mat_out_addr_reg_290|    6   |
|     mul_reg_328     |   32   |
|     tmp_reg_333     |   32   |
|  zext_ln17_reg_282  |    6   |
+---------------------+--------+
|        Total        |   209  |
+---------------------+--------+

* Multiplexer (MUX) list: 
|------------------|------|------|------|--------||---------||---------|
|       Comp       |  Pin | Size |  BW  | S x BW ||  Delay  ||   LUT   |
|------------------|------|------|------|--------||---------||---------|
| grp_access_fu_50 |  p0  |   2  |   6  |   12   ||    9    |
| grp_access_fu_63 |  p0  |   2  |   6  |   12   ||    9    |
|    grp_fu_119    |  p0  |   2  |  32  |   64   ||    9    |
|    grp_fu_119    |  p1  |   2  |  32  |   64   ||    9    |
|------------------|------|------|------|--------||---------||---------|
|       Total      |      |      |      |   152  ||  1.956  ||    36   |
|------------------|------|------|------|--------||---------||---------|



* Summary:
+-----------+--------+--------+--------+--------+
|           |   DSP  |  Delay |   FF   |   LUT  |
+-----------+--------+--------+--------+--------+
|  Function |    3   |    -   |   280  |  1098  |
|   Memory  |    -   |    -   |    -   |    -   |
|Multiplexer|    -   |    1   |    -   |   36   |
|  Register |    -   |    -   |   209  |    -   |
+-----------+--------+--------+--------+--------+
|   Total   |    3   |    1   |   489  |  1134  |
+-----------+--------+--------+--------+--------+
