

================================================================
== Vitis HLS Report for 'matMultiply_float_6_6_6_7'
================================================================
* Date:           Tue Nov 22 20:35:47 2022

* Version:        2020.2 (Build 3064766 on Wed Nov 18 09:12:47 MST 2020)
* Project:        KF_kernel
* Solution:       solution1 (Vivado IP Flow Target)
* Product family: zynquplus
* Target device:  xczu3eg-sbva484-1-i


================================================================
== Performance Estimates
================================================================
+ Timing: 
    * Summary: 
    +--------+----------+----------+------------+
    |  Clock |  Target  | Estimated| Uncertainty|
    +--------+----------+----------+------------+
    |ap_clk  |  10.00 ns|  6.023 ns|     2.70 ns|
    +--------+----------+----------+------------+

+ Latency: 
    * Summary: 
    +---------+---------+----------+----------+-----+-----+---------+
    |  Latency (cycles) |  Latency (absolute) |  Interval | Pipeline|
    |   min   |   max   |    min   |    max   | min | max |   Type  |
    +---------+---------+----------+----------+-----+-----+---------+
    |      313|      313|  3.130 us|  3.130 us|  313|  313|     none|
    +---------+---------+----------+----------+-----+-----+---------+

    + Detail: 
        * Instance: 
        N/A

        * Loop: 
        +--------------------+---------+---------+----------+-----------+-----------+------+----------+
        |                    |  Latency (cycles) | Iteration|  Initiation Interval  | Trip |          |
        |      Loop Name     |   min   |   max   |  Latency |  achieved |   target  | Count| Pipelined|
        +--------------------+---------+---------+----------+-----------+-----------+------+----------+
        |- matMul_loop_L     |      312|      312|        52|          -|          -|     6|        no|
        | + matMul_loop_N    |       50|       50|        50|          -|          -|     1|        no|
        |  ++ matMul_loop_M  |       48|       48|         8|          -|          -|     6|        no|
        +--------------------+---------+---------+----------+-----------+-----------+------+----------+

============================================================
+ Verbose Summary: Synthesis Manager
============================================================
InlineROM: 1
ExposeGlobal: 0
============================================================
+ Verbose Summary: CDFG Model
============================================================
IsTopModel: 0
ResetActiveHigh: 1
IsCombinational: 0
IsDatapathOnly: 0
HasWiredReturn: 1
HasMFsm: 0
HasVarLatency: 1
IsPipeline: 0
IsRtlPipelined: 0
IsInstanceOverlapped: 0
IsDontTouch: 0
HasImplIP: 0
IsGatedGlobalClock: 0


============================================================
+ Verbose Summary: Schedule
============================================================
* Number of FSM states : 11
* Pipeline : 0
* Dataflow Pipeline: 0

* FSM state transitions: 
1 --> 2 
2 --> 3 
3 --> 4 2 
4 --> 5 3 
5 --> 6 
6 --> 7 
7 --> 8 
8 --> 9 
9 --> 10 
10 --> 11 
11 --> 4 

* FSM state operations: 

State 1 <SV = 0> <Delay = 0.48>
ST_1 : Operation 12 [1/1] (0.48ns)   --->   "%br_ln13 = br void" [../../src/hls_src/matrix_ops.h:13]   --->   Operation 12 'br' 'br_ln13' <Predicate = true> <Delay = 0.48>

State 2 <SV = 1> <Delay = 0.88>
ST_2 : Operation 13 [1/1] (0.00ns)   --->   "%i = phi i3 %add_ln13, void %._crit_edge7.loopexit, i3 0, void %.lr.ph11" [../../src/hls_src/matrix_ops.h:13]   --->   Operation 13 'phi' 'i' <Predicate = true> <Delay = 0.00>
ST_2 : Operation 14 [1/1] (0.74ns)   --->   "%add_ln13 = add i3 %i, i3 1" [../../src/hls_src/matrix_ops.h:13]   --->   Operation 14 'add' 'add_ln13' <Predicate = true> <Delay = 0.74> <CoreInst = "Adder">   --->   Core 1 'Adder' <Latency = 0> <II = 1> <Delay = 0.74> <FuncUnit> <Opcode : 'add' 'sub'> <InPorts = 2> <OutPorts = 1>
ST_2 : Operation 15 [1/1] (0.69ns)   --->   "%icmp_ln13 = icmp_eq  i3 %i, i3 6" [../../src/hls_src/matrix_ops.h:13]   --->   Operation 15 'icmp' 'icmp_ln13' <Predicate = true> <Delay = 0.69> <CoreInst = "Cmp">   --->   Core 9 'Cmp' <Latency = 0> <II = 1> <Delay = 0.69> <FuncUnit> <Opcode : 'icmp'> <InPorts = 2> <OutPorts = 1>
ST_2 : Operation 16 [1/1] (0.00ns)   --->   "%speclooptripcount_ln0 = speclooptripcount void @_ssdm_op_SpecLoopTripCount, i64 6, i64 6, i64 6"   --->   Operation 16 'speclooptripcount' 'speclooptripcount_ln0' <Predicate = true> <Delay = 0.00>
ST_2 : Operation 17 [1/1] (0.00ns)   --->   "%br_ln13 = br i1 %icmp_ln13, void %.split4, void %._crit_edge12.loopexit" [../../src/hls_src/matrix_ops.h:13]   --->   Operation 17 'br' 'br_ln13' <Predicate = true> <Delay = 0.00>
ST_2 : Operation 18 [1/1] (0.00ns)   --->   "%specloopname_ln13 = specloopname void @_ssdm_op_SpecLoopName, void @empty_5" [../../src/hls_src/matrix_ops.h:13]   --->   Operation 18 'specloopname' 'specloopname_ln13' <Predicate = (!icmp_ln13)> <Delay = 0.00>
ST_2 : Operation 19 [1/1] (0.00ns)   --->   "%p_shl = bitconcatenate i6 @_ssdm_op_BitConcatenate.i6.i3.i3, i3 %i, i3 0" [../../src/hls_src/matrix_ops.h:13]   --->   Operation 19 'bitconcatenate' 'p_shl' <Predicate = (!icmp_ln13)> <Delay = 0.00>
ST_2 : Operation 20 [1/1] (0.00ns)   --->   "%p_shl1 = bitconcatenate i4 @_ssdm_op_BitConcatenate.i4.i3.i1, i3 %i, i1 0" [../../src/hls_src/matrix_ops.h:13]   --->   Operation 20 'bitconcatenate' 'p_shl1' <Predicate = (!icmp_ln13)> <Delay = 0.00>
ST_2 : Operation 21 [1/1] (0.00ns)   --->   "%p_shl1_cast = zext i4 %p_shl1" [../../src/hls_src/matrix_ops.h:13]   --->   Operation 21 'zext' 'p_shl1_cast' <Predicate = (!icmp_ln13)> <Delay = 0.00>
ST_2 : Operation 22 [1/1] (0.88ns)   --->   "%empty = sub i6 %p_shl, i6 %p_shl1_cast" [../../src/hls_src/matrix_ops.h:13]   --->   Operation 22 'sub' 'empty' <Predicate = (!icmp_ln13)> <Delay = 0.88> <CoreInst = "Adder">   --->   Core 1 'Adder' <Latency = 0> <II = 1> <Delay = 0.74> <FuncUnit> <Opcode : 'add' 'sub'> <InPorts = 2> <OutPorts = 1>
ST_2 : Operation 23 [1/1] (0.48ns)   --->   "%br_ln17 = br void" [../../src/hls_src/matrix_ops.h:17]   --->   Operation 23 'br' 'br_ln17' <Predicate = (!icmp_ln13)> <Delay = 0.48>
ST_2 : Operation 24 [1/1] (0.00ns)   --->   "%ret_ln32 = ret" [../../src/hls_src/matrix_ops.h:32]   --->   Operation 24 'ret' 'ret_ln32' <Predicate = (icmp_ln13)> <Delay = 0.00>

State 3 <SV = 2> <Delay = 0.74>
ST_3 : Operation 25 [1/1] (0.00ns)   --->   "%k = phi i1 1, void %._crit_edge.loopexit, i1 0, void %.split4"   --->   Operation 25 'phi' 'k' <Predicate = true> <Delay = 0.00>
ST_3 : Operation 26 [1/1] (0.00ns)   --->   "%zext_ln17 = zext i1 %k" [../../src/hls_src/matrix_ops.h:17]   --->   Operation 26 'zext' 'zext_ln17' <Predicate = true> <Delay = 0.00>
ST_3 : Operation 27 [1/1] (0.00ns)   --->   "%speclooptripcount_ln0 = speclooptripcount void @_ssdm_op_SpecLoopTripCount, i64 1, i64 1, i64 1"   --->   Operation 27 'speclooptripcount' 'speclooptripcount_ln0' <Predicate = true> <Delay = 0.00>
ST_3 : Operation 28 [1/1] (0.00ns)   --->   "%br_ln17 = br i1 %k, void %.split2, void %._crit_edge7.loopexit" [../../src/hls_src/matrix_ops.h:17]   --->   Operation 28 'br' 'br_ln17' <Predicate = true> <Delay = 0.00>
ST_3 : Operation 29 [1/1] (0.00ns)   --->   "%specloopname_ln17 = specloopname void @_ssdm_op_SpecLoopName, void @empty_4" [../../src/hls_src/matrix_ops.h:17]   --->   Operation 29 'specloopname' 'specloopname_ln17' <Predicate = (!k)> <Delay = 0.00>
ST_3 : Operation 30 [1/1] (0.74ns)   --->   "%add_ln20 = add i3 %zext_ln17, i3 %i" [../../src/hls_src/matrix_ops.h:20]   --->   Operation 30 'add' 'add_ln20' <Predicate = (!k)> <Delay = 0.74> <CoreInst = "Adder">   --->   Core 1 'Adder' <Latency = 0> <II = 1> <Delay = 0.74> <FuncUnit> <Opcode : 'add' 'sub'> <InPorts = 2> <OutPorts = 1>
ST_3 : Operation 31 [1/1] (0.00ns)   --->   "%zext_ln20 = zext i3 %add_ln20" [../../src/hls_src/matrix_ops.h:20]   --->   Operation 31 'zext' 'zext_ln20' <Predicate = (!k)> <Delay = 0.00>
ST_3 : Operation 32 [1/1] (0.00ns)   --->   "%mat_out_addr = getelementptr i32 %mat_out, i64 0, i64 %zext_ln20" [../../src/hls_src/matrix_ops.h:20]   --->   Operation 32 'getelementptr' 'mat_out_addr' <Predicate = (!k)> <Delay = 0.00>
ST_3 : Operation 33 [1/1] (0.48ns)   --->   "%br_ln23 = br void %.lr.ph" [../../src/hls_src/matrix_ops.h:23]   --->   Operation 33 'br' 'br_ln23' <Predicate = (!k)> <Delay = 0.48>
ST_3 : Operation 34 [1/1] (0.00ns)   --->   "%br_ln0 = br void"   --->   Operation 34 'br' 'br_ln0' <Predicate = (k)> <Delay = 0.00>

State 4 <SV = 3> <Delay = 2.23>
ST_4 : Operation 35 [1/1] (0.00ns)   --->   "%j = phi i3 %add_ln23, void %.split, i3 0, void %.split2" [../../src/hls_src/matrix_ops.h:23]   --->   Operation 35 'phi' 'j' <Predicate = true> <Delay = 0.00>
ST_4 : Operation 36 [1/1] (0.00ns)   --->   "%add1913 = phi i32 %tmp, void %.split, i32 0, void %.split2" [../../src/hls_src/matrix_ops.h:27]   --->   Operation 36 'phi' 'add1913' <Predicate = true> <Delay = 0.00>
ST_4 : Operation 37 [1/1] (0.74ns)   --->   "%add_ln23 = add i3 %j, i3 1" [../../src/hls_src/matrix_ops.h:23]   --->   Operation 37 'add' 'add_ln23' <Predicate = true> <Delay = 0.74> <CoreInst = "Adder">   --->   Core 1 'Adder' <Latency = 0> <II = 1> <Delay = 0.74> <FuncUnit> <Opcode : 'add' 'sub'> <InPorts = 2> <OutPorts = 1>
ST_4 : Operation 38 [1/1] (0.00ns)   --->   "%zext_ln23 = zext i3 %j" [../../src/hls_src/matrix_ops.h:23]   --->   Operation 38 'zext' 'zext_ln23' <Predicate = true> <Delay = 0.00>
ST_4 : Operation 39 [1/1] (0.69ns)   --->   "%icmp_ln23 = icmp_eq  i3 %j, i3 6" [../../src/hls_src/matrix_ops.h:23]   --->   Operation 39 'icmp' 'icmp_ln23' <Predicate = true> <Delay = 0.69> <CoreInst = "Cmp">   --->   Core 9 'Cmp' <Latency = 0> <II = 1> <Delay = 0.69> <FuncUnit> <Opcode : 'icmp'> <InPorts = 2> <OutPorts = 1>
ST_4 : Operation 40 [1/1] (0.00ns)   --->   "%speclooptripcount_ln0 = speclooptripcount void @_ssdm_op_SpecLoopTripCount, i64 6, i64 6, i64 6"   --->   Operation 40 'speclooptripcount' 'speclooptripcount_ln0' <Predicate = true> <Delay = 0.00>
ST_4 : Operation 41 [1/1] (0.00ns)   --->   "%br_ln23 = br i1 %icmp_ln23, void %.split, void %._crit_edge.loopexit" [../../src/hls_src/matrix_ops.h:23]   --->   Operation 41 'br' 'br_ln23' <Predicate = true> <Delay = 0.00>
ST_4 : Operation 42 [1/1] (0.88ns)   --->   "%add_ln27 = add i6 %zext_ln23, i6 %empty" [../../src/hls_src/matrix_ops.h:27]   --->   Operation 42 'add' 'add_ln27' <Predicate = (!icmp_ln23)> <Delay = 0.88> <CoreInst = "Adder">   --->   Core 1 'Adder' <Latency = 0> <II = 1> <Delay = 0.74> <FuncUnit> <Opcode : 'add' 'sub'> <InPorts = 2> <OutPorts = 1>
ST_4 : Operation 43 [1/1] (0.00ns)   --->   "%zext_ln27 = zext i6 %add_ln27" [../../src/hls_src/matrix_ops.h:27]   --->   Operation 43 'zext' 'zext_ln27' <Predicate = (!icmp_ln23)> <Delay = 0.00>
ST_4 : Operation 44 [1/1] (0.00ns)   --->   "%mat_in_L_addr = getelementptr i32 %mat_in_L, i64 0, i64 %zext_ln27" [../../src/hls_src/matrix_ops.h:27]   --->   Operation 44 'getelementptr' 'mat_in_L_addr' <Predicate = (!icmp_ln23)> <Delay = 0.00>
ST_4 : Operation 45 [2/2] (1.35ns)   --->   "%mat_in_L_load = load i6 %mat_in_L_addr" [../../src/hls_src/matrix_ops.h:27]   --->   Operation 45 'load' 'mat_in_L_load' <Predicate = (!icmp_ln23)> <Delay = 1.35> <CoreInst = "RAM">   --->   Core 83 'RAM' <Latency = 1> <II = 1> <Delay = 1.35> <Storage> <Opcode : 'load' 'store'> <Ports = 2> <Width = 32> <Depth = 36> <RAM>
ST_4 : Operation 46 [1/1] (0.74ns)   --->   "%add_ln27_1 = add i3 %j, i3 %zext_ln17" [../../src/hls_src/matrix_ops.h:27]   --->   Operation 46 'add' 'add_ln27_1' <Predicate = (!icmp_ln23)> <Delay = 0.74> <CoreInst = "Adder">   --->   Core 1 'Adder' <Latency = 0> <II = 1> <Delay = 0.74> <FuncUnit> <Opcode : 'add' 'sub'> <InPorts = 2> <OutPorts = 1>
ST_4 : Operation 47 [1/1] (0.00ns)   --->   "%zext_ln27_1 = zext i3 %add_ln27_1" [../../src/hls_src/matrix_ops.h:27]   --->   Operation 47 'zext' 'zext_ln27_1' <Predicate = (!icmp_ln23)> <Delay = 0.00>
ST_4 : Operation 48 [1/1] (0.00ns)   --->   "%mat_in_R_addr = getelementptr i32 %mat_in_R, i64 0, i64 %zext_ln27_1" [../../src/hls_src/matrix_ops.h:27]   --->   Operation 48 'getelementptr' 'mat_in_R_addr' <Predicate = (!icmp_ln23)> <Delay = 0.00>
ST_4 : Operation 49 [2/2] (0.79ns)   --->   "%mat_in_R_load = load i3 %mat_in_R_addr" [../../src/hls_src/matrix_ops.h:27]   --->   Operation 49 'load' 'mat_in_R_load' <Predicate = (!icmp_ln23)> <Delay = 0.79> <CoreInst = "RAM">   --->   Core 83 'RAM' <Latency = 1> <II = 1> <Delay = 0.79> <Storage> <Opcode : 'load' 'store'> <Ports = 2> <Width = 32> <Depth = 6> <RAM>
ST_4 : Operation 50 [1/1] (0.69ns)   --->   "%icmp_ln27 = icmp_eq  i3 %add_ln23, i3 6" [../../src/hls_src/matrix_ops.h:27]   --->   Operation 50 'icmp' 'icmp_ln27' <Predicate = (!icmp_ln23)> <Delay = 0.69> <CoreInst = "Cmp">   --->   Core 9 'Cmp' <Latency = 0> <II = 1> <Delay = 0.69> <FuncUnit> <Opcode : 'icmp'> <InPorts = 2> <OutPorts = 1>
ST_4 : Operation 51 [1/1] (1.35ns)   --->   "%store_ln27 = store i32 %add1913, i6 %mat_out_addr" [../../src/hls_src/matrix_ops.h:27]   --->   Operation 51 'store' 'store_ln27' <Predicate = (icmp_ln23)> <Delay = 1.35> <CoreInst = "RAM">   --->   Core 83 'RAM' <Latency = 1> <II = 1> <Delay = 1.35> <Storage> <Opcode : 'load' 'store'> <Ports = 2> <Width = 32> <Depth = 36> <RAM>
ST_4 : Operation 52 [1/1] (0.00ns)   --->   "%br_ln0 = br void"   --->   Operation 52 'br' 'br_ln0' <Predicate = (icmp_ln23)> <Delay = 0.00>

State 5 <SV = 4> <Delay = 6.02>
ST_5 : Operation 53 [1/2] (1.35ns)   --->   "%mat_in_L_load = load i6 %mat_in_L_addr" [../../src/hls_src/matrix_ops.h:27]   --->   Operation 53 'load' 'mat_in_L_load' <Predicate = true> <Delay = 1.35> <CoreInst = "RAM">   --->   Core 83 'RAM' <Latency = 1> <II = 1> <Delay = 1.35> <Storage> <Opcode : 'load' 'store'> <Ports = 2> <Width = 32> <Depth = 36> <RAM>
ST_5 : Operation 54 [1/2] (0.79ns)   --->   "%mat_in_R_load = load i3 %mat_in_R_addr" [../../src/hls_src/matrix_ops.h:27]   --->   Operation 54 'load' 'mat_in_R_load' <Predicate = true> <Delay = 0.79> <CoreInst = "RAM">   --->   Core 83 'RAM' <Latency = 1> <II = 1> <Delay = 0.79> <Storage> <Opcode : 'load' 'store'> <Ports = 2> <Width = 32> <Depth = 6> <RAM>
ST_5 : Operation 55 [4/4] (4.67ns)   --->   "%mul = fmul i32 %mat_in_L_load, i32 %mat_in_R_load" [../../src/hls_src/matrix_ops.h:27]   --->   Operation 55 'fmul' 'mul' <Predicate = true> <Delay = 4.67> <CoreInst = "FMul_maxdsp">   --->   Core 30 'FMul_maxdsp' <Latency = 3> <II = 1> <Delay = 4.67> <FuncUnit> <Opcode : 'fmul'> <InPorts = 2> <OutPorts = 1>

State 6 <SV = 5> <Delay = 4.67>
ST_6 : Operation 56 [3/4] (4.67ns)   --->   "%mul = fmul i32 %mat_in_L_load, i32 %mat_in_R_load" [../../src/hls_src/matrix_ops.h:27]   --->   Operation 56 'fmul' 'mul' <Predicate = true> <Delay = 4.67> <CoreInst = "FMul_maxdsp">   --->   Core 30 'FMul_maxdsp' <Latency = 3> <II = 1> <Delay = 4.67> <FuncUnit> <Opcode : 'fmul'> <InPorts = 2> <OutPorts = 1>

State 7 <SV = 6> <Delay = 4.67>
ST_7 : Operation 57 [2/4] (4.67ns)   --->   "%mul = fmul i32 %mat_in_L_load, i32 %mat_in_R_load" [../../src/hls_src/matrix_ops.h:27]   --->   Operation 57 'fmul' 'mul' <Predicate = true> <Delay = 4.67> <CoreInst = "FMul_maxdsp">   --->   Core 30 'FMul_maxdsp' <Latency = 3> <II = 1> <Delay = 4.67> <FuncUnit> <Opcode : 'fmul'> <InPorts = 2> <OutPorts = 1>

State 8 <SV = 7> <Delay = 4.67>
ST_8 : Operation 58 [1/4] (4.67ns)   --->   "%mul = fmul i32 %mat_in_L_load, i32 %mat_in_R_load" [../../src/hls_src/matrix_ops.h:27]   --->   Operation 58 'fmul' 'mul' <Predicate = true> <Delay = 4.67> <CoreInst = "FMul_maxdsp">   --->   Core 30 'FMul_maxdsp' <Latency = 3> <II = 1> <Delay = 4.67> <FuncUnit> <Opcode : 'fmul'> <InPorts = 2> <OutPorts = 1>

State 9 <SV = 8> <Delay = 5.48>
ST_9 : Operation 59 [3/3] (5.48ns)   --->   "%tmp = facc i32 @_ssdm_op_FACC, i32 %mul, i1 %icmp_ln27" [../../src/hls_src/matrix_ops.h:27]   --->   Operation 59 'facc' 'tmp' <Predicate = true> <Delay = 5.48> <CoreInst = "FAcc_nodsp">   --->   Core 11 'FAcc_nodsp' <Latency = 2> <II = 1> <Delay = 5.48> <FuncUnit> <Opcode : 'facc'> <InPorts = 2> <OutPorts = 1>

State 10 <SV = 9> <Delay = 5.48>
ST_10 : Operation 60 [2/3] (5.48ns)   --->   "%tmp = facc i32 @_ssdm_op_FACC, i32 %mul, i1 %icmp_ln27" [../../src/hls_src/matrix_ops.h:27]   --->   Operation 60 'facc' 'tmp' <Predicate = true> <Delay = 5.48> <CoreInst = "FAcc_nodsp">   --->   Core 11 'FAcc_nodsp' <Latency = 2> <II = 1> <Delay = 5.48> <FuncUnit> <Opcode : 'facc'> <InPorts = 2> <OutPorts = 1>

State 11 <SV = 10> <Delay = 5.48>
ST_11 : Operation 61 [1/1] (0.00ns)   --->   "%specloopname_ln23 = specloopname void @_ssdm_op_SpecLoopName, void @empty_27" [../../src/hls_src/matrix_ops.h:23]   --->   Operation 61 'specloopname' 'specloopname_ln23' <Predicate = true> <Delay = 0.00>
ST_11 : Operation 62 [1/3] (5.48ns)   --->   "%tmp = facc i32 @_ssdm_op_FACC, i32 %mul, i1 %icmp_ln27" [../../src/hls_src/matrix_ops.h:27]   --->   Operation 62 'facc' 'tmp' <Predicate = true> <Delay = 5.48> <CoreInst = "FAcc_nodsp">   --->   Core 11 'FAcc_nodsp' <Latency = 2> <II = 1> <Delay = 5.48> <FuncUnit> <Opcode : 'facc'> <InPorts = 2> <OutPorts = 1>
ST_11 : Operation 63 [1/1] (0.00ns)   --->   "%br_ln0 = br void %.lr.ph"   --->   Operation 63 'br' 'br_ln0' <Predicate = true> <Delay = 0.00>


============================================================
+ Verbose Summary: Binding
============================================================
STG Binding: 
---------------- STG Properties BEGIN ----------------
- Is combinational: 0
- Is one-state seq: 0
- Is datapath-only: 0
- Is pipelined: 0
- Is top level: 0
Port [ Return ] is wired: 1; IO mode=ap_ctrl_hs:ce=0
Port [ mat_in_L]:  wired=1; compound=1; hidden=0; nouse=0; global=0; static=0; extern=0; dir=0; type=1; pingpong=0; private_global=0; MemPort=[13]; IO mode=ap_memory:ce=0
Port [ mat_in_R]:  wired=1; compound=1; hidden=0; nouse=0; global=0; static=0; extern=0; dir=0; type=1; pingpong=0; private_global=0; MemPort=[13]; IO mode=ap_memory:ce=0
Port [ mat_out]:  wired=1; compound=1; hidden=0; nouse=0; global=0; static=0; extern=0; dir=1; type=1; pingpong=0; private_global=0; MemPort=[03]; IO mode=ap_memory:ce=0
---------------- STG Properties END ------------------

---------------- Datapath Model BEGIN ----------------

<LifeTime>
<method=bitvector/>
br_ln13               (br               ) [ 011111111111]
i                     (phi              ) [ 001111111111]
add_ln13              (add              ) [ 011111111111]
icmp_ln13             (icmp             ) [ 001111111111]
speclooptripcount_ln0 (speclooptripcount) [ 000000000000]
br_ln13               (br               ) [ 000000000000]
specloopname_ln13     (specloopname     ) [ 000000000000]
p_shl                 (bitconcatenate   ) [ 000000000000]
p_shl1                (bitconcatenate   ) [ 000000000000]
p_shl1_cast           (zext             ) [ 000000000000]
empty                 (sub              ) [ 000111111111]
br_ln17               (br               ) [ 001111111111]
ret_ln32              (ret              ) [ 000000000000]
k                     (phi              ) [ 001111111111]
zext_ln17             (zext             ) [ 000011111111]
speclooptripcount_ln0 (speclooptripcount) [ 000000000000]
br_ln17               (br               ) [ 000000000000]
specloopname_ln17     (specloopname     ) [ 000000000000]
add_ln20              (add              ) [ 000000000000]
zext_ln20             (zext             ) [ 000000000000]
mat_out_addr          (getelementptr    ) [ 000011111111]
br_ln23               (br               ) [ 001111111111]
br_ln0                (br               ) [ 011111111111]
j                     (phi              ) [ 000010000000]
add1913               (phi              ) [ 000010000000]
add_ln23              (add              ) [ 001111111111]
zext_ln23             (zext             ) [ 000000000000]
icmp_ln23             (icmp             ) [ 001111111111]
speclooptripcount_ln0 (speclooptripcount) [ 000000000000]
br_ln23               (br               ) [ 000000000000]
add_ln27              (add              ) [ 000000000000]
zext_ln27             (zext             ) [ 000000000000]
mat_in_L_addr         (getelementptr    ) [ 000001000000]
add_ln27_1            (add              ) [ 000000000000]
zext_ln27_1           (zext             ) [ 000000000000]
mat_in_R_addr         (getelementptr    ) [ 000001000000]
icmp_ln27             (icmp             ) [ 000001111111]
store_ln27            (store            ) [ 000000000000]
br_ln0                (br               ) [ 001111111111]
mat_in_L_load         (load             ) [ 000000111000]
mat_in_R_load         (load             ) [ 000000111000]
mul                   (fmul             ) [ 000000000111]
specloopname_ln23     (specloopname     ) [ 000000000000]
tmp                   (facc             ) [ 001111111111]
br_ln0                (br               ) [ 001111111111]
</LifeTime>

<model>

<comp_list>
<comp id="0" class="1000" name="mat_in_L">
<pin_list>
<pin id="1" dir="1" index="0" bw="1" slack="0"/>
</pin_list>
<bind>
<StgValue><ssdm name="mat_in_L"/><MemPortTyVec>1 3 </MemPortTyVec>
</StgValue>
</bind>
</comp>

<comp id="2" class="1000" name="mat_in_R">
<pin_list>
<pin id="3" dir="1" index="0" bw="1" slack="0"/>
</pin_list>
<bind>
<StgValue><ssdm name="mat_in_R"/><MemPortTyVec>1 3 </MemPortTyVec>
</StgValue>
</bind>
</comp>

<comp id="4" class="1000" name="mat_out">
<pin_list>
<pin id="5" dir="1" index="0" bw="1" slack="0"/>
</pin_list>
<bind>
<StgValue><ssdm name="mat_out"/><MemPortTyVec>0 3 </MemPortTyVec>
</StgValue>
</bind>
</comp>

<comp id="6" class="1001" name="const_6">
<pin_list>
<pin id="7" dir="1" index="0" bw="1" slack="0"/>
</pin_list>
<bind>
<StgValue><ssdm name=""/></StgValue>
</bind>
</comp>

<comp id="8" class="1001" name="const_8">
<pin_list>
<pin id="9" dir="1" index="0" bw="1" slack="0"/>
</pin_list>
<bind>
<StgValue><ssdm name=""/></StgValue>
</bind>
</comp>

<comp id="10" class="1001" name="const_10">
<pin_list>
<pin id="11" dir="1" index="0" bw="1" slack="0"/>
</pin_list>
<bind>
<StgValue><ssdm name=""/></StgValue>
</bind>
</comp>

<comp id="12" class="1001" name="const_12">
<pin_list>
<pin id="13" dir="1" index="0" bw="1" slack="2147483647"/>
</pin_list>
<bind>
<StgValue><ssdm name="_ssdm_op_SpecLoopTripCount"/></StgValue>
</bind>
</comp>

<comp id="14" class="1001" name="const_14">
<pin_list>
<pin id="15" dir="1" index="0" bw="1" slack="2147483647"/>
</pin_list>
<bind>
<StgValue><ssdm name=""/></StgValue>
</bind>
</comp>

<comp id="16" class="1001" name="const_16">
<pin_list>
<pin id="17" dir="1" index="0" bw="1" slack="2147483647"/>
</pin_list>
<bind>
<StgValue><ssdm name="_ssdm_op_SpecLoopName"/></StgValue>
</bind>
</comp>

<comp id="18" class="1001" name="const_18">
<pin_list>
<pin id="19" dir="1" index="0" bw="1" slack="2147483647"/>
</pin_list>
<bind>
<StgValue><ssdm name="empty_5"/></StgValue>
</bind>
</comp>

<comp id="20" class="1001" name="const_20">
<pin_list>
<pin id="21" dir="1" index="0" bw="1" slack="0"/>
</pin_list>
<bind>
<StgValue><ssdm name="_ssdm_op_BitConcatenate.i6.i3.i3"/></StgValue>
</bind>
</comp>

<comp id="22" class="1001" name="const_22">
<pin_list>
<pin id="23" dir="1" index="0" bw="1" slack="0"/>
</pin_list>
<bind>
<StgValue><ssdm name="_ssdm_op_BitConcatenate.i4.i3.i1"/></StgValue>
</bind>
</comp>

<comp id="24" class="1001" name="const_24">
<pin_list>
<pin id="25" dir="1" index="0" bw="1" slack="0"/>
</pin_list>
<bind>
<StgValue><ssdm name=""/></StgValue>
</bind>
</comp>

<comp id="26" class="1001" name="const_26">
<pin_list>
<pin id="27" dir="1" index="0" bw="1" slack="1"/>
</pin_list>
<bind>
<StgValue><ssdm name=""/></StgValue>
</bind>
</comp>

<comp id="28" class="1001" name="const_28">
<pin_list>
<pin id="29" dir="1" index="0" bw="1" slack="2147483647"/>
</pin_list>
<bind>
<StgValue><ssdm name=""/></StgValue>
</bind>
</comp>

<comp id="30" class="1001" name="const_30">
<pin_list>
<pin id="31" dir="1" index="0" bw="1" slack="2147483647"/>
</pin_list>
<bind>
<StgValue><ssdm name="empty_4"/></StgValue>
</bind>
</comp>

<comp id="32" class="1001" name="const_32">
<pin_list>
<pin id="33" dir="1" index="0" bw="1" slack="0"/>
</pin_list>
<bind>
<StgValue><ssdm name=""/></StgValue>
</bind>
</comp>

<comp id="34" class="1001" name="const_34">
<pin_list>
<pin id="35" dir="1" index="0" bw="1" slack="1"/>
</pin_list>
<bind>
<StgValue><ssdm name=""/></StgValue>
</bind>
</comp>

<comp id="36" class="1001" name="const_36">
<pin_list>
<pin id="37" dir="1" index="0" bw="1" slack="0"/>
</pin_list>
<bind>
<StgValue><ssdm name="_ssdm_op_FACC"/></StgValue>
</bind>
</comp>

<comp id="38" class="1001" name="const_38">
<pin_list>
<pin id="39" dir="1" index="0" bw="1" slack="2147483647"/>
</pin_list>
<bind>
<StgValue><ssdm name="empty_27"/></StgValue>
</bind>
</comp>

<comp id="40" class="1004" name="mat_out_addr_gep_fu_40">
<pin_list>
<pin id="41" dir="0" index="0" bw="32" slack="0"/>
<pin id="42" dir="0" index="1" bw="1" slack="0"/>
<pin id="43" dir="0" index="2" bw="3" slack="0"/>
<pin id="44" dir="1" index="3" bw="6" slack="1"/>
</pin_list>
<bind>
<opcode="getelementptr(29) " fcode="getelementptr"/>
<opset="mat_out_addr/3 "/>
</bind>
</comp>

<comp id="47" class="1004" name="mat_in_L_addr_gep_fu_47">
<pin_list>
<pin id="48" dir="0" index="0" bw="32" slack="0"/>
<pin id="49" dir="0" index="1" bw="1" slack="0"/>
<pin id="50" dir="0" index="2" bw="6" slack="0"/>
<pin id="51" dir="1" index="3" bw="6" slack="0"/>
</pin_list>
<bind>
<opcode="getelementptr(29) " fcode="getelementptr"/>
<opset="mat_in_L_addr/4 "/>
</bind>
</comp>

<comp id="54" class="1004" name="grp_access_fu_54">
<pin_list>
<pin id="55" dir="0" index="0" bw="6" slack="0"/>
<pin id="56" dir="0" index="1" bw="32" slack="2147483647"/>
<pin id="57" dir="0" index="2" bw="0" slack="2147483647"/>
<pin id="58" dir="1" index="3" bw="32" slack="0"/>
</pin_list>
<bind>
<opcode="load(27) " fcode="load"/>
<opset="mat_in_L_load/4 "/>
</bind>
</comp>

<comp id="60" class="1004" name="mat_in_R_addr_gep_fu_60">
<pin_list>
<pin id="61" dir="0" index="0" bw="32" slack="0"/>
<pin id="62" dir="0" index="1" bw="1" slack="0"/>
<pin id="63" dir="0" index="2" bw="3" slack="0"/>
<pin id="64" dir="1" index="3" bw="3" slack="0"/>
</pin_list>
<bind>
<opcode="getelementptr(29) " fcode="getelementptr"/>
<opset="mat_in_R_addr/4 "/>
</bind>
</comp>

<comp id="67" class="1004" name="grp_access_fu_67">
<pin_list>
<pin id="68" dir="0" index="0" bw="3" slack="0"/>
<pin id="69" dir="0" index="1" bw="32" slack="2147483647"/>
<pin id="70" dir="0" index="2" bw="0" slack="2147483647"/>
<pin id="71" dir="1" index="3" bw="32" slack="0"/>
</pin_list>
<bind>
<opcode="load(27) " fcode="load"/>
<opset="mat_in_R_load/4 "/>
</bind>
</comp>

<comp id="73" class="1004" name="store_ln27_access_fu_73">
<pin_list>
<pin id="74" dir="0" index="0" bw="6" slack="1"/>
<pin id="75" dir="0" index="1" bw="32" slack="0"/>
<pin id="76" dir="0" index="2" bw="0" slack="2147483647"/>
<pin id="77" dir="1" index="3" bw="32" slack="2147483647"/>
</pin_list>
<bind>
<opcode="store(28) " fcode="store"/>
<opset="store_ln27/4 "/>
</bind>
</comp>

<comp id="78" class="1005" name="i_reg_78">
<pin_list>
<pin id="79" dir="0" index="0" bw="3" slack="1"/>
<pin id="80" dir="1" index="1" bw="3" slack="1"/>
</pin_list>
<bind>
<opset="i (phireg) "/>
</bind>
</comp>

<comp id="82" class="1004" name="i_phi_fu_82">
<pin_list>
<pin id="83" dir="0" index="0" bw="3" slack="0"/>
<pin id="84" dir="0" index="1" bw="0" slack="2147483647"/>
<pin id="85" dir="0" index="2" bw="1" slack="1"/>
<pin id="86" dir="0" index="3" bw="0" slack="2147483647"/>
<pin id="87" dir="1" index="4" bw="3" slack="0"/>
</pin_list>
<bind>
<opcode="phi(47) " fcode="phi"/>
<opset="i/2 "/>
</bind>
</comp>

<comp id="90" class="1005" name="k_reg_90">
<pin_list>
<pin id="91" dir="0" index="0" bw="1" slack="1"/>
<pin id="92" dir="1" index="1" bw="1" slack="1"/>
</pin_list>
<bind>
<opset="k (phireg) "/>
</bind>
</comp>

<comp id="95" class="1004" name="k_phi_fu_95">
<pin_list>
<pin id="96" dir="0" index="0" bw="1" slack="1"/>
<pin id="97" dir="0" index="1" bw="0" slack="2147483647"/>
<pin id="98" dir="0" index="2" bw="1" slack="1"/>
<pin id="99" dir="0" index="3" bw="0" slack="2147483647"/>
<pin id="100" dir="1" index="4" bw="1" slack="0"/>
</pin_list>
<bind>
<opcode="phi(47) " fcode="phi"/>
<opset="k/3 "/>
</bind>
</comp>

<comp id="103" class="1005" name="j_reg_103">
<pin_list>
<pin id="104" dir="0" index="0" bw="3" slack="1"/>
<pin id="105" dir="1" index="1" bw="3" slack="1"/>
</pin_list>
<bind>
<opset="j (phireg) "/>
</bind>
</comp>

<comp id="107" class="1004" name="j_phi_fu_107">
<pin_list>
<pin id="108" dir="0" index="0" bw="3" slack="0"/>
<pin id="109" dir="0" index="1" bw="0" slack="2147483647"/>
<pin id="110" dir="0" index="2" bw="1" slack="1"/>
<pin id="111" dir="0" index="3" bw="0" slack="2147483647"/>
<pin id="112" dir="1" index="4" bw="3" slack="0"/>
</pin_list>
<bind>
<opcode="phi(47) " fcode="phi"/>
<opset="j/4 "/>
</bind>
</comp>

<comp id="114" class="1005" name="add1913_reg_114">
<pin_list>
<pin id="115" dir="0" index="0" bw="32" slack="1"/>
<pin id="116" dir="1" index="1" bw="32" slack="1"/>
</pin_list>
<bind>
<opset="add1913 (phireg) "/>
</bind>
</comp>

<comp id="118" class="1004" name="add1913_phi_fu_118">
<pin_list>
<pin id="119" dir="0" index="0" bw="32" slack="1"/>
<pin id="120" dir="0" index="1" bw="0" slack="2147483647"/>
<pin id="121" dir="0" index="2" bw="32" slack="1"/>
<pin id="122" dir="0" index="3" bw="0" slack="2147483647"/>
<pin id="123" dir="1" index="4" bw="32" slack="0"/>
</pin_list>
<bind>
<opcode="phi(47) " fcode="phi"/>
<opset="add1913/4 "/>
</bind>
</comp>

<comp id="126" class="1004" name="grp_fu_126">
<pin_list>
<pin id="127" dir="0" index="0" bw="32" slack="0"/>
<pin id="128" dir="0" index="1" bw="32" slack="0"/>
<pin id="129" dir="1" index="2" bw="32" slack="1"/>
</pin_list>
<bind>
<opcode="fmul(13) " fcode="fmul"/>
<opset="mul/5 "/>
</bind>
</comp>

<comp id="132" class="1004" name="add_ln13_fu_132">
<pin_list>
<pin id="133" dir="0" index="0" bw="3" slack="0"/>
<pin id="134" dir="0" index="1" bw="1" slack="0"/>
<pin id="135" dir="1" index="2" bw="3" slack="0"/>
</pin_list>
<bind>
<opcode="add(8) " fcode="add"/>
<opset="add_ln13/2 "/>
</bind>
</comp>

<comp id="138" class="1004" name="icmp_ln13_fu_138">
<pin_list>
<pin id="139" dir="0" index="0" bw="3" slack="0"/>
<pin id="140" dir="0" index="1" bw="2" slack="0"/>
<pin id="141" dir="1" index="2" bw="1" slack="2147483647"/>
</pin_list>
<bind>
<opcode="icmp(45) " fcode="icmp"/>
<opset="icmp_ln13/2 "/>
</bind>
</comp>

<comp id="144" class="1004" name="p_shl_fu_144">
<pin_list>
<pin id="145" dir="0" index="0" bw="6" slack="0"/>
<pin id="146" dir="0" index="1" bw="3" slack="0"/>
<pin id="147" dir="0" index="2" bw="1" slack="0"/>
<pin id="148" dir="1" index="3" bw="6" slack="0"/>
</pin_list>
<bind>
<opcode="bitconcatenate(1004) " fcode="bitconcatenate"/>
<opset="p_shl/2 "/>
</bind>
</comp>

<comp id="152" class="1004" name="p_shl1_fu_152">
<pin_list>
<pin id="153" dir="0" index="0" bw="4" slack="0"/>
<pin id="154" dir="0" index="1" bw="3" slack="0"/>
<pin id="155" dir="0" index="2" bw="1" slack="0"/>
<pin id="156" dir="1" index="3" bw="4" slack="0"/>
</pin_list>
<bind>
<opcode="bitconcatenate(1004) " fcode="bitconcatenate"/>
<opset="p_shl1/2 "/>
</bind>
</comp>

<comp id="160" class="1004" name="p_shl1_cast_fu_160">
<pin_list>
<pin id="161" dir="0" index="0" bw="4" slack="0"/>
<pin id="162" dir="1" index="1" bw="6" slack="0"/>
</pin_list>
<bind>
<opcode="zext(34) " fcode="zext"/>
<opset="p_shl1_cast/2 "/>
</bind>
</comp>

<comp id="164" class="1004" name="empty_fu_164">
<pin_list>
<pin id="165" dir="0" index="0" bw="6" slack="0"/>
<pin id="166" dir="0" index="1" bw="4" slack="0"/>
<pin id="167" dir="1" index="2" bw="6" slack="2"/>
</pin_list>
<bind>
<opcode="sub(10) " fcode="sub"/>
<opset="empty/2 "/>
</bind>
</comp>

<comp id="170" class="1004" name="zext_ln17_fu_170">
<pin_list>
<pin id="171" dir="0" index="0" bw="1" slack="0"/>
<pin id="172" dir="1" index="1" bw="3" slack="0"/>
</pin_list>
<bind>
<opcode="zext(34) " fcode="zext"/>
<opset="zext_ln17/3 "/>
</bind>
</comp>

<comp id="174" class="1004" name="add_ln20_fu_174">
<pin_list>
<pin id="175" dir="0" index="0" bw="1" slack="0"/>
<pin id="176" dir="0" index="1" bw="3" slack="1"/>
<pin id="177" dir="1" index="2" bw="3" slack="0"/>
</pin_list>
<bind>
<opcode="add(8) " fcode="add"/>
<opset="add_ln20/3 "/>
</bind>
</comp>

<comp id="180" class="1004" name="zext_ln20_fu_180">
<pin_list>
<pin id="181" dir="0" index="0" bw="3" slack="0"/>
<pin id="182" dir="1" index="1" bw="64" slack="0"/>
</pin_list>
<bind>
<opcode="zext(34) " fcode="zext"/>
<opset="zext_ln20/3 "/>
</bind>
</comp>

<comp id="185" class="1004" name="add_ln23_fu_185">
<pin_list>
<pin id="186" dir="0" index="0" bw="3" slack="0"/>
<pin id="187" dir="0" index="1" bw="1" slack="0"/>
<pin id="188" dir="1" index="2" bw="3" slack="0"/>
</pin_list>
<bind>
<opcode="add(8) " fcode="add"/>
<opset="add_ln23/4 "/>
</bind>
</comp>

<comp id="191" class="1004" name="zext_ln23_fu_191">
<pin_list>
<pin id="192" dir="0" index="0" bw="3" slack="0"/>
<pin id="193" dir="1" index="1" bw="6" slack="0"/>
</pin_list>
<bind>
<opcode="zext(34) " fcode="zext"/>
<opset="zext_ln23/4 "/>
</bind>
</comp>

<comp id="195" class="1004" name="icmp_ln23_fu_195">
<pin_list>
<pin id="196" dir="0" index="0" bw="3" slack="0"/>
<pin id="197" dir="0" index="1" bw="2" slack="0"/>
<pin id="198" dir="1" index="2" bw="1" slack="2147483647"/>
</pin_list>
<bind>
<opcode="icmp(45) " fcode="icmp"/>
<opset="icmp_ln23/4 "/>
</bind>
</comp>

<comp id="201" class="1004" name="add_ln27_fu_201">
<pin_list>
<pin id="202" dir="0" index="0" bw="3" slack="0"/>
<pin id="203" dir="0" index="1" bw="6" slack="2"/>
<pin id="204" dir="1" index="2" bw="6" slack="0"/>
</pin_list>
<bind>
<opcode="add(8) " fcode="add"/>
<opset="add_ln27/4 "/>
</bind>
</comp>

<comp id="206" class="1004" name="zext_ln27_fu_206">
<pin_list>
<pin id="207" dir="0" index="0" bw="6" slack="0"/>
<pin id="208" dir="1" index="1" bw="64" slack="0"/>
</pin_list>
<bind>
<opcode="zext(34) " fcode="zext"/>
<opset="zext_ln27/4 "/>
</bind>
</comp>

<comp id="211" class="1004" name="add_ln27_1_fu_211">
<pin_list>
<pin id="212" dir="0" index="0" bw="3" slack="0"/>
<pin id="213" dir="0" index="1" bw="1" slack="1"/>
<pin id="214" dir="1" index="2" bw="3" slack="0"/>
</pin_list>
<bind>
<opcode="add(8) " fcode="add"/>
<opset="add_ln27_1/4 "/>
</bind>
</comp>

<comp id="216" class="1004" name="zext_ln27_1_fu_216">
<pin_list>
<pin id="217" dir="0" index="0" bw="3" slack="0"/>
<pin id="218" dir="1" index="1" bw="64" slack="0"/>
</pin_list>
<bind>
<opcode="zext(34) " fcode="zext"/>
<opset="zext_ln27_1/4 "/>
</bind>
</comp>

<comp id="221" class="1004" name="icmp_ln27_fu_221">
<pin_list>
<pin id="222" dir="0" index="0" bw="3" slack="0"/>
<pin id="223" dir="0" index="1" bw="2" slack="0"/>
<pin id="224" dir="1" index="2" bw="1" slack="5"/>
</pin_list>
<bind>
<opcode="icmp(45) " fcode="icmp"/>
<opset="icmp_ln27/4 "/>
</bind>
</comp>

<comp id="227" class="1004" name="grp_fu_227">
<pin_list>
<pin id="228" dir="0" index="0" bw="32" slack="0"/>
<pin id="229" dir="0" index="1" bw="32" slack="1"/>
<pin id="230" dir="0" index="2" bw="1" slack="5"/>
<pin id="231" dir="1" index="3" bw="32" slack="1"/>
</pin_list>
<bind>
<opcode="facc(582) " fcode="facc"/>
<opset="tmp/9 "/>
</bind>
</comp>

<comp id="233" class="1005" name="add_ln13_reg_233">
<pin_list>
<pin id="234" dir="0" index="0" bw="3" slack="0"/>
<pin id="235" dir="1" index="1" bw="3" slack="0"/>
</pin_list>
<bind>
<opset="add_ln13 "/>
</bind>
</comp>

<comp id="241" class="1005" name="empty_reg_241">
<pin_list>
<pin id="242" dir="0" index="0" bw="6" slack="2"/>
<pin id="243" dir="1" index="1" bw="6" slack="2"/>
</pin_list>
<bind>
<opset="empty "/>
</bind>
</comp>

<comp id="246" class="1005" name="zext_ln17_reg_246">
<pin_list>
<pin id="247" dir="0" index="0" bw="3" slack="1"/>
<pin id="248" dir="1" index="1" bw="3" slack="1"/>
</pin_list>
<bind>
<opset="zext_ln17 "/>
</bind>
</comp>

<comp id="251" class="1005" name="mat_out_addr_reg_251">
<pin_list>
<pin id="252" dir="0" index="0" bw="6" slack="1"/>
<pin id="253" dir="1" index="1" bw="6" slack="1"/>
</pin_list>
<bind>
<opset="mat_out_addr "/>
</bind>
</comp>

<comp id="256" class="1005" name="add_ln23_reg_256">
<pin_list>
<pin id="257" dir="0" index="0" bw="3" slack="0"/>
<pin id="258" dir="1" index="1" bw="3" slack="0"/>
</pin_list>
<bind>
<opset="add_ln23 "/>
</bind>
</comp>

<comp id="264" class="1005" name="mat_in_L_addr_reg_264">
<pin_list>
<pin id="265" dir="0" index="0" bw="6" slack="1"/>
<pin id="266" dir="1" index="1" bw="6" slack="1"/>
</pin_list>
<bind>
<opset="mat_in_L_addr "/>
</bind>
</comp>

<comp id="269" class="1005" name="mat_in_R_addr_reg_269">
<pin_list>
<pin id="270" dir="0" index="0" bw="3" slack="1"/>
<pin id="271" dir="1" index="1" bw="3" slack="1"/>
</pin_list>
<bind>
<opset="mat_in_R_addr "/>
</bind>
</comp>

<comp id="274" class="1005" name="icmp_ln27_reg_274">
<pin_list>
<pin id="275" dir="0" index="0" bw="1" slack="5"/>
<pin id="276" dir="1" index="1" bw="1" slack="5"/>
</pin_list>
<bind>
<opset="icmp_ln27 "/>
</bind>
</comp>

<comp id="279" class="1005" name="mat_in_L_load_reg_279">
<pin_list>
<pin id="280" dir="0" index="0" bw="32" slack="1"/>
<pin id="281" dir="1" index="1" bw="32" slack="1"/>
</pin_list>
<bind>
<opset="mat_in_L_load "/>
</bind>
</comp>

<comp id="284" class="1005" name="mat_in_R_load_reg_284">
<pin_list>
<pin id="285" dir="0" index="0" bw="32" slack="1"/>
<pin id="286" dir="1" index="1" bw="32" slack="1"/>
</pin_list>
<bind>
<opset="mat_in_R_load "/>
</bind>
</comp>

<comp id="289" class="1005" name="mul_reg_289">
<pin_list>
<pin id="290" dir="0" index="0" bw="32" slack="1"/>
<pin id="291" dir="1" index="1" bw="32" slack="1"/>
</pin_list>
<bind>
<opset="mul "/>
</bind>
</comp>

<comp id="294" class="1005" name="tmp_reg_294">
<pin_list>
<pin id="295" dir="0" index="0" bw="32" slack="1"/>
<pin id="296" dir="1" index="1" bw="32" slack="1"/>
</pin_list>
<bind>
<opset="tmp "/>
</bind>
</comp>

</comp_list>

<net_list>
<net id="45"><net_src comp="4" pin="0"/><net_sink comp="40" pin=0"/></net>

<net id="46"><net_src comp="32" pin="0"/><net_sink comp="40" pin=1"/></net>

<net id="52"><net_src comp="0" pin="0"/><net_sink comp="47" pin=0"/></net>

<net id="53"><net_src comp="32" pin="0"/><net_sink comp="47" pin=1"/></net>

<net id="59"><net_src comp="47" pin="3"/><net_sink comp="54" pin=0"/></net>

<net id="65"><net_src comp="2" pin="0"/><net_sink comp="60" pin=0"/></net>

<net id="66"><net_src comp="32" pin="0"/><net_sink comp="60" pin=1"/></net>

<net id="72"><net_src comp="60" pin="3"/><net_sink comp="67" pin=0"/></net>

<net id="81"><net_src comp="6" pin="0"/><net_sink comp="78" pin=0"/></net>

<net id="88"><net_src comp="78" pin="1"/><net_sink comp="82" pin=2"/></net>

<net id="89"><net_src comp="82" pin="4"/><net_sink comp="78" pin=0"/></net>

<net id="93"><net_src comp="26" pin="0"/><net_sink comp="90" pin=0"/></net>

<net id="94"><net_src comp="24" pin="0"/><net_sink comp="90" pin=0"/></net>

<net id="101"><net_src comp="90" pin="1"/><net_sink comp="95" pin=0"/></net>

<net id="102"><net_src comp="90" pin="1"/><net_sink comp="95" pin=2"/></net>

<net id="106"><net_src comp="6" pin="0"/><net_sink comp="103" pin=0"/></net>

<net id="113"><net_src comp="103" pin="1"/><net_sink comp="107" pin=2"/></net>

<net id="117"><net_src comp="34" pin="0"/><net_sink comp="114" pin=0"/></net>

<net id="124"><net_src comp="114" pin="1"/><net_sink comp="118" pin=2"/></net>

<net id="125"><net_src comp="118" pin="4"/><net_sink comp="73" pin=1"/></net>

<net id="130"><net_src comp="54" pin="3"/><net_sink comp="126" pin=0"/></net>

<net id="131"><net_src comp="67" pin="3"/><net_sink comp="126" pin=1"/></net>

<net id="136"><net_src comp="82" pin="4"/><net_sink comp="132" pin=0"/></net>

<net id="137"><net_src comp="8" pin="0"/><net_sink comp="132" pin=1"/></net>

<net id="142"><net_src comp="82" pin="4"/><net_sink comp="138" pin=0"/></net>

<net id="143"><net_src comp="10" pin="0"/><net_sink comp="138" pin=1"/></net>

<net id="149"><net_src comp="20" pin="0"/><net_sink comp="144" pin=0"/></net>

<net id="150"><net_src comp="82" pin="4"/><net_sink comp="144" pin=1"/></net>

<net id="151"><net_src comp="6" pin="0"/><net_sink comp="144" pin=2"/></net>

<net id="157"><net_src comp="22" pin="0"/><net_sink comp="152" pin=0"/></net>

<net id="158"><net_src comp="82" pin="4"/><net_sink comp="152" pin=1"/></net>

<net id="159"><net_src comp="24" pin="0"/><net_sink comp="152" pin=2"/></net>

<net id="163"><net_src comp="152" pin="3"/><net_sink comp="160" pin=0"/></net>

<net id="168"><net_src comp="144" pin="3"/><net_sink comp="164" pin=0"/></net>

<net id="169"><net_src comp="160" pin="1"/><net_sink comp="164" pin=1"/></net>

<net id="173"><net_src comp="95" pin="4"/><net_sink comp="170" pin=0"/></net>

<net id="178"><net_src comp="170" pin="1"/><net_sink comp="174" pin=0"/></net>

<net id="179"><net_src comp="78" pin="1"/><net_sink comp="174" pin=1"/></net>

<net id="183"><net_src comp="174" pin="2"/><net_sink comp="180" pin=0"/></net>

<net id="184"><net_src comp="180" pin="1"/><net_sink comp="40" pin=2"/></net>

<net id="189"><net_src comp="107" pin="4"/><net_sink comp="185" pin=0"/></net>

<net id="190"><net_src comp="8" pin="0"/><net_sink comp="185" pin=1"/></net>

<net id="194"><net_src comp="107" pin="4"/><net_sink comp="191" pin=0"/></net>

<net id="199"><net_src comp="107" pin="4"/><net_sink comp="195" pin=0"/></net>

<net id="200"><net_src comp="10" pin="0"/><net_sink comp="195" pin=1"/></net>

<net id="205"><net_src comp="191" pin="1"/><net_sink comp="201" pin=0"/></net>

<net id="209"><net_src comp="201" pin="2"/><net_sink comp="206" pin=0"/></net>

<net id="210"><net_src comp="206" pin="1"/><net_sink comp="47" pin=2"/></net>

<net id="215"><net_src comp="107" pin="4"/><net_sink comp="211" pin=0"/></net>

<net id="219"><net_src comp="211" pin="2"/><net_sink comp="216" pin=0"/></net>

<net id="220"><net_src comp="216" pin="1"/><net_sink comp="60" pin=2"/></net>

<net id="225"><net_src comp="185" pin="2"/><net_sink comp="221" pin=0"/></net>

<net id="226"><net_src comp="10" pin="0"/><net_sink comp="221" pin=1"/></net>

<net id="232"><net_src comp="36" pin="0"/><net_sink comp="227" pin=0"/></net>

<net id="236"><net_src comp="132" pin="2"/><net_sink comp="233" pin=0"/></net>

<net id="237"><net_src comp="233" pin="1"/><net_sink comp="82" pin=0"/></net>

<net id="244"><net_src comp="164" pin="2"/><net_sink comp="241" pin=0"/></net>

<net id="245"><net_src comp="241" pin="1"/><net_sink comp="201" pin=1"/></net>

<net id="249"><net_src comp="170" pin="1"/><net_sink comp="246" pin=0"/></net>

<net id="250"><net_src comp="246" pin="1"/><net_sink comp="211" pin=1"/></net>

<net id="254"><net_src comp="40" pin="3"/><net_sink comp="251" pin=0"/></net>

<net id="255"><net_src comp="251" pin="1"/><net_sink comp="73" pin=0"/></net>

<net id="259"><net_src comp="185" pin="2"/><net_sink comp="256" pin=0"/></net>

<net id="260"><net_src comp="256" pin="1"/><net_sink comp="107" pin=0"/></net>

<net id="267"><net_src comp="47" pin="3"/><net_sink comp="264" pin=0"/></net>

<net id="268"><net_src comp="264" pin="1"/><net_sink comp="54" pin=0"/></net>

<net id="272"><net_src comp="60" pin="3"/><net_sink comp="269" pin=0"/></net>

<net id="273"><net_src comp="269" pin="1"/><net_sink comp="67" pin=0"/></net>

<net id="277"><net_src comp="221" pin="2"/><net_sink comp="274" pin=0"/></net>

<net id="278"><net_src comp="274" pin="1"/><net_sink comp="227" pin=2"/></net>

<net id="282"><net_src comp="54" pin="3"/><net_sink comp="279" pin=0"/></net>

<net id="283"><net_src comp="279" pin="1"/><net_sink comp="126" pin=0"/></net>

<net id="287"><net_src comp="67" pin="3"/><net_sink comp="284" pin=0"/></net>

<net id="288"><net_src comp="284" pin="1"/><net_sink comp="126" pin=1"/></net>

<net id="292"><net_src comp="126" pin="2"/><net_sink comp="289" pin=0"/></net>

<net id="293"><net_src comp="289" pin="1"/><net_sink comp="227" pin=1"/></net>

<net id="297"><net_src comp="227" pin="3"/><net_sink comp="294" pin=0"/></net>

<net id="298"><net_src comp="294" pin="1"/><net_sink comp="118" pin=0"/></net>

</net_list>

</model> 
---------------- Datapath Model END ------------------

* FSMD analyzer results:
  - Output states:
	Port: mat_out | {4 }
 - Input state : 
	Port: matMultiply<float, 6, 6, 6>.7 : mat_in_L | {4 5 }
	Port: matMultiply<float, 6, 6, 6>.7 : mat_in_R | {4 5 }
  - Chain level:
	State 1
	State 2
		add_ln13 : 1
		icmp_ln13 : 1
		br_ln13 : 2
		p_shl : 1
		p_shl1 : 1
		p_shl1_cast : 2
		empty : 3
	State 3
		zext_ln17 : 1
		br_ln17 : 1
		add_ln20 : 2
		zext_ln20 : 3
		mat_out_addr : 4
	State 4
		add_ln23 : 1
		zext_ln23 : 1
		icmp_ln23 : 1
		br_ln23 : 2
		add_ln27 : 2
		zext_ln27 : 3
		mat_in_L_addr : 4
		mat_in_L_load : 5
		add_ln27_1 : 1
		zext_ln27_1 : 2
		mat_in_R_addr : 3
		mat_in_R_load : 4
		icmp_ln27 : 2
		store_ln27 : 1
	State 5
		mul : 1
	State 6
	State 7
	State 8
	State 9
	State 10
	State 11


============================================================
+ Verbose Summary: Datapath Resource usage 
============================================================

* Functional unit list:
|----------|--------------------|---------|---------|---------|
| Operation|   Functional Unit  |   DSP   |    FF   |   LUT   |
|----------|--------------------|---------|---------|---------|
|   facc   |     grp_fu_227     |    0    |   137   |   831   |
|----------|--------------------|---------|---------|---------|
|   fmul   |     grp_fu_126     |    3    |   143   |   140   |
|----------|--------------------|---------|---------|---------|
|          |   add_ln13_fu_132  |    0    |    0    |    10   |
|          |   add_ln20_fu_174  |    0    |    0    |    10   |
|    add   |   add_ln23_fu_185  |    0    |    0    |    10   |
|          |   add_ln27_fu_201  |    0    |    0    |    13   |
|          |  add_ln27_1_fu_211 |    0    |    0    |    10   |
|----------|--------------------|---------|---------|---------|
|          |  icmp_ln13_fu_138  |    0    |    0    |    8    |
|   icmp   |  icmp_ln23_fu_195  |    0    |    0    |    8    |
|          |  icmp_ln27_fu_221  |    0    |    0    |    8    |
|----------|--------------------|---------|---------|---------|
|    sub   |    empty_fu_164    |    0    |    0    |    13   |
|----------|--------------------|---------|---------|---------|
|bitconcatenate|    p_shl_fu_144    |    0    |    0    |    0    |
|          |    p_shl1_fu_152   |    0    |    0    |    0    |
|----------|--------------------|---------|---------|---------|
|          | p_shl1_cast_fu_160 |    0    |    0    |    0    |
|          |  zext_ln17_fu_170  |    0    |    0    |    0    |
|   zext   |  zext_ln20_fu_180  |    0    |    0    |    0    |
|          |  zext_ln23_fu_191  |    0    |    0    |    0    |
|          |  zext_ln27_fu_206  |    0    |    0    |    0    |
|          | zext_ln27_1_fu_216 |    0    |    0    |    0    |
|----------|--------------------|---------|---------|---------|
|   Total  |                    |    3    |   280   |   1061  |
|----------|--------------------|---------|---------|---------|

Memories:
N/A

* Register list:
+---------------------+--------+
|                     |   FF   |
+---------------------+--------+
|   add1913_reg_114   |   32   |
|   add_ln13_reg_233  |    3   |
|   add_ln23_reg_256  |    3   |
|    empty_reg_241    |    6   |
|       i_reg_78      |    3   |
|  icmp_ln27_reg_274  |    1   |
|      j_reg_103      |    3   |
|       k_reg_90      |    1   |
|mat_in_L_addr_reg_264|    6   |
|mat_in_L_load_reg_279|   32   |
|mat_in_R_addr_reg_269|    3   |
|mat_in_R_load_reg_284|   32   |
| mat_out_addr_reg_251|    6   |
|     mul_reg_289     |   32   |
|     tmp_reg_294     |   32   |
|  zext_ln17_reg_246  |    3   |
+---------------------+--------+
|        Total        |   198  |
+---------------------+--------+

* Multiplexer (MUX) list: 
|------------------|------|------|------|--------||---------||---------|
|       Comp       |  Pin | Size |  BW  | S x BW ||  Delay  ||   LUT   |
|------------------|------|------|------|--------||---------||---------|
| grp_access_fu_54 |  p0  |   2  |   6  |   12   ||    9    |
| grp_access_fu_67 |  p0  |   2  |   3  |    6   ||    9    |
|     i_reg_78     |  p0  |   2  |   3  |    6   ||    9    |
|     k_reg_90     |  p0  |   2  |   1  |    2   |
|    grp_fu_126    |  p0  |   2  |  32  |   64   ||    9    |
|    grp_fu_126    |  p1  |   2  |  32  |   64   ||    9    |
|------------------|------|------|------|--------||---------||---------|
|       Total      |      |      |      |   154  ||  2.934  ||    45   |
|------------------|------|------|------|--------||---------||---------|



* Summary:
+-----------+--------+--------+--------+--------+
|           |   DSP  |  Delay |   FF   |   LUT  |
+-----------+--------+--------+--------+--------+
|  Function |    3   |    -   |   280  |  1061  |
|   Memory  |    -   |    -   |    -   |    -   |
|Multiplexer|    -   |    2   |    -   |   45   |
|  Register |    -   |    -   |   198  |    -   |
+-----------+--------+--------+--------+--------+
|   Total   |    3   |    2   |   478  |  1106  |
+-----------+--------+--------+--------+--------+
