

================================================================
== Vitis HLS Report for 'KalmanFilterKernel'
================================================================
* Date:           Wed Nov 30 09:21:03 2022

* Version:        2020.2 (Build 3064766 on Wed Nov 18 09:12:47 MST 2020)
* Project:        KF_kernel
* Solution:       solution1 (Vivado IP Flow Target)
* Product family: zynquplus
* Target device:  xczu3eg-sbva484-1-i


================================================================
== Performance Estimates
================================================================
+ Timing: 
    * Summary: 
    +--------+----------+----------+------------+
    |  Clock |  Target  | Estimated| Uncertainty|
    +--------+----------+----------+------------+
    |ap_clk  |  10.00 ns|  7.241 ns|     2.70 ns|
    +--------+----------+----------+------------+

+ Latency: 
    * Summary: 
    +---------+---------+----------+----------+-----+-------+---------+
    |  Latency (cycles) |  Latency (absolute) |   Interval  | Pipeline|
    |   min   |   max   |    min   |    max   | min |  max  |   Type  |
    +---------+---------+----------+----------+-----+-------+---------+
    |      133|    11608|  1.330 us|  0.116 ms|  134|  11609|     none|
    +---------+---------+----------+----------+-----+-------+---------+

    + Detail: 
        * Instance: 
        +---------------------------------------+---------------------------+---------+---------+-----------+-----------+------+------+---------+
        |                                       |                           |  Latency (cycles) |   Latency (absolute)  |   Interval  | Pipeline|
        |                Instance               |           Module          |   min   |   max   |    min    |    max    |  min |  max |   Type  |
        +---------------------------------------+---------------------------+---------+---------+-----------+-----------+------+------+---------+
        |grp_matMultiply_float_6_6_6_2_fu_2055  |matMultiply_float_6_6_6_2  |      169|      169|   1.690 us|   1.690 us|   169|   169|     none|
        |grp_matMultiply_float_6_6_6_4_fu_2064  |matMultiply_float_6_6_6_4  |      457|      913|   4.570 us|   9.130 us|   457|   913|     none|
        |grp_matMultiply_float_6_6_6_1_fu_2075  |matMultiply_float_6_6_6_1  |      949|      949|   9.490 us|   9.490 us|   949|   949|     none|
        |grp_matMultiply_float_6_6_6_s_fu_2083  |matMultiply_float_6_6_6_s  |     1813|     1813|  18.130 us|  18.130 us|  1813|  1813|     none|
        |grp_matMultiply_float_6_6_6_5_fu_2090  |matMultiply_float_6_6_6_5  |      907|      907|   9.070 us|   9.070 us|   907|   907|     none|
        |grp_matMultiply_float_6_6_6_3_fu_2098  |matMultiply_float_6_6_6_3  |      481|      481|   4.810 us|   4.810 us|   481|   481|     none|
        |grp_matMultiply_float_6_6_6_7_fu_2105  |matMultiply_float_6_6_6_7  |      313|      313|   3.130 us|   3.130 us|   313|   313|     none|
        |grp_matMultiply_float_6_6_6_6_fu_2112  |matMultiply_float_6_6_6_6  |      157|      157|   1.570 us|   1.570 us|   157|   157|     none|
        +---------------------------------------+---------------------------+---------+---------+-----------+-----------+------+------+---------+

        * Loop: 
        +---------------------+---------+---------+----------+-----------+-----------+------+----------+
        |                     |  Latency (cycles) | Iteration|  Initiation Interval  | Trip |          |
        |      Loop Name      |   min   |   max   |  Latency |  achieved |   target  | Count| Pipelined|
        +---------------------+---------+---------+----------+-----------+-----------+------+----------+
        |- Loop 1             |        6|        6|         1|          -|          -|     6|        no|
        |- Loop 2             |       35|       35|         1|          -|          -|    35|        no|
        |- VITIS_LOOP_126_1   |       12|       12|         2|          -|          -|     6|        no|
        |- VITIS_LOOP_137_2   |       12|       12|         2|          -|          -|     6|        no|
        |- VITIS_LOOP_143_3   |       12|       12|         2|          -|          -|     6|        no|
        |- VITIS_LOOP_166_4   |        6|        6|         2|          -|          -|     3|        no|
        |- VITIS_LOOP_167_5   |        6|        6|         2|          -|          -|     3|        no|
        |- VITIS_LOOP_168_6   |       12|       12|         2|          -|          -|     6|        no|
        |- VITIS_LOOP_169_7   |       72|       72|         2|          -|          -|    36|        no|
        |- VITIS_LOOP_41_1    |       54|       54|         9|          -|          -|     6|        no|
        | + VITIS_LOOP_44_2   |        7|        7|         7|          -|          -|     1|        no|
        |- VITIS_LOOP_81_1    |       84|       84|        14|          -|          -|     6|        no|
        | + VITIS_LOOP_84_2   |       12|       12|         2|          -|          -|     6|        no|
        |- VITIS_LOOP_41_1    |      300|      300|        50|          -|          -|     6|        no|
        | + VITIS_LOOP_44_2   |       48|       48|         8|          -|          -|     6|        no|
        |- VITIS_LOOP_185_8   |       12|       12|         2|          -|          -|     6|        no|
        |- VITIS_LOOP_186_9   |       72|       72|         2|          -|          -|    36|        no|
        |- VITIS_LOOP_61_1    |       21|       21|         7|          -|          -|     3|        no|
        |- VITIS_LOOP_41_1    |       69|       69|        23|          -|          -|     3|        no|
        | + VITIS_LOOP_44_2   |       21|       21|         7|          -|          -|     3|        no|
        |- VITIS_LOOP_100_1   |       48|       48|        16|          -|          -|     3|        no|
        | + VITIS_LOOP_103_2  |        3|        3|         1|          -|          -|     3|        no|
        |- VITIS_LOOP_41_1    |       54|       54|         9|          -|          -|     6|        no|
        | + VITIS_LOOP_44_2   |        7|        7|         7|          -|          -|     1|        no|
        |- VITIS_LOOP_61_1    |      300|      300|        50|          -|          -|     6|        no|
        | + VITIS_LOOP_64_2   |       48|       48|         8|          -|          -|     6|        no|
        |- VITIS_LOOP_212_10  |       12|       12|         2|          -|          -|     6|        no|
        |- VITIS_LOOP_213_11  |       72|       72|         2|          -|          -|    36|        no|
        |- VITIS_LOOP_214_12  |       12|       12|         2|          -|          -|     6|        no|
        |- VITIS_LOOP_215_13  |       12|       12|         2|          -|          -|     6|        no|
        |- VITIS_LOOP_217_14  |       12|       12|         2|          -|          -|     6|        no|
        +---------------------+---------+---------+----------+-----------+-----------+------+----------+



================================================================
== Utilization Estimates
================================================================
* Summary: 
+-----------------+---------+-----+--------+-------+-----+
|       Name      | BRAM_18K| DSP |   FF   |  LUT  | URAM|
+-----------------+---------+-----+--------+-------+-----+
|DSP              |        -|    -|       -|      -|    -|
|Expression       |        -|    -|       0|    798|    -|
|FIFO             |        -|    -|       -|      -|    -|
|Instance         |        0|   25|    3233|   9498|    -|
|Memory           |       12|    -|     800|     63|    -|
|Multiplexer      |        -|    -|       -|   3230|    -|
|Register         |        -|    -|    1371|      -|    -|
+-----------------+---------+-----+--------+-------+-----+
|Total            |       12|   25|    5404|  13589|    0|
+-----------------+---------+-----+--------+-------+-----+
|Available        |      432|  360|  141120|  70560|    0|
+-----------------+---------+-----+--------+-------+-----+
|Utilization (%)  |        2|    6|       3|     19|    0|
+-----------------+---------+-----+--------+-------+-----+

+ Detail: 
    * Instance: 
    +----------------------------------------+------------------------------------+---------+----+-----+------+-----+
    |                Instance                |               Module               | BRAM_18K| DSP|  FF |  LUT | URAM|
    +----------------------------------------+------------------------------------+---------+----+-----+------+-----+
    |AXI_CPU_s_axi_U                         |AXI_CPU_s_axi                       |        0|   0|  112|   168|    0|
    |dmul_64ns_64ns_64_6_max_dsp_1_U53       |dmul_64ns_64ns_64_6_max_dsp_1       |        0|  11|  317|   208|    0|
    |faddfsub_32ns_32ns_32_5_full_dsp_1_U48  |faddfsub_32ns_32ns_32_5_full_dsp_1  |        0|   2|  205|   206|    0|
    |fdiv_32ns_32ns_32_10_no_dsp_1_U49       |fdiv_32ns_32ns_32_10_no_dsp_1       |        0|   0|    0|     0|    0|
    |fmul_32ns_32ns_32_4_max_dsp_1_U55       |fmul_32ns_32ns_32_4_max_dsp_1       |        0|   3|  143|   140|    0|
    |fpext_32ns_64_2_no_dsp_1_U52            |fpext_32ns_64_2_no_dsp_1            |        0|   0|    0|     0|    0|
    |fptrunc_64ns_32_2_no_dsp_1_U51          |fptrunc_64ns_32_2_no_dsp_1          |        0|   0|    0|     0|    0|
    |grp_matMultiply_float_6_6_6_1_fu_2075   |matMultiply_float_6_6_6_1           |        0|   0|  280|  1072|    0|
    |grp_matMultiply_float_6_6_6_2_fu_2055   |matMultiply_float_6_6_6_2           |        0|   3|  407|  1154|    0|
    |grp_matMultiply_float_6_6_6_3_fu_2098   |matMultiply_float_6_6_6_3           |        0|   0|  245|  1044|    0|
    |grp_matMultiply_float_6_6_6_4_fu_2064   |matMultiply_float_6_6_6_4           |        0|   3|  423|  1214|    0|
    |grp_matMultiply_float_6_6_6_5_fu_2090   |matMultiply_float_6_6_6_5           |        0|   0|  247|  1057|    0|
    |grp_matMultiply_float_6_6_6_6_fu_2112   |matMultiply_float_6_6_6_6           |        0|   0|  231|  1009|    0|
    |grp_matMultiply_float_6_6_6_7_fu_2105   |matMultiply_float_6_6_6_7           |        0|   0|  235|  1013|    0|
    |grp_matMultiply_float_6_6_6_s_fu_2083   |matMultiply_float_6_6_6_s           |        0|   3|  388|  1199|    0|
    |mux_32_32_1_1_U54                       |mux_32_32_1_1                       |        0|   0|    0|    14|    0|
    |uitofp_32ns_32_4_no_dsp_1_U50           |uitofp_32ns_32_4_no_dsp_1           |        0|   0|    0|     0|    0|
    +----------------------------------------+------------------------------------+---------+----+-----+------+-----+
    |Total                                   |                                    |        0|  25| 3233|  9498|    0|
    +----------------------------------------+------------------------------------+---------+----+-----+------+-----+

    * DSP: 
    N/A

    * Memory: 
    +--------------------+-----------------------------+---------+----+----+-----+------+-----+------+-------------+
    |       Memory       |            Module           | BRAM_18K| FF | LUT| URAM| Words| Bits| Banks| W*Bits*Banks|
    +--------------------+-----------------------------+---------+----+----+-----+------+-----+------+-------------+
    |A_U                 |A                            |        2|   0|   0|    0|    36|   32|     1|         1152|
    |Q_U                 |A                            |        2|   0|   0|    0|    36|   32|     1|         1152|
    |B_U                 |B                            |        0|  64|   9|    0|    18|   32|     1|          576|
    |I_U                 |I                            |        1|   0|   0|    0|    36|   32|     1|         1152|
    |K_U                 |K                            |        0|  64|   9|    0|    18|   32|     1|          576|
    |P_U                 |P                            |        1|   0|   0|    0|    36|   32|     1|         1152|
    |P_minus_U           |P                            |        1|   0|   0|    0|    36|   32|     1|         1152|
    |P_plus_U            |P                            |        1|   0|   0|    0|    36|   32|     1|         1152|
    |tmp_mat_1_U         |P                            |        1|   0|   0|    0|    36|   32|     1|         1152|
    |tmp_mat_2_U         |P                            |        1|   0|   0|    0|    36|   32|     1|         1152|
    |tmp_mat_3_U         |P                            |        1|   0|   0|    0|    36|   32|     1|         1152|
    |P_hat_U             |P_hat                        |        1|   0|   0|    0|    36|   32|     1|         1152|
    |R_U                 |R                            |        0|  64|   5|    0|     9|   32|     1|          288|
    |din_new_U           |din_new                      |        0|  64|   3|    0|     6|   32|     1|          192|
    |dout_s_U            |din_new                      |        0|  64|   3|    0|     6|   32|     1|          192|
    |x_U                 |din_new                      |        0|  64|   3|    0|     6|   32|     1|          192|
    |x_minus_U           |din_new                      |        0|  64|   3|    0|     6|   32|     1|          192|
    |x_plus_U            |din_new                      |        0|  64|   3|    0|     6|   32|     1|          192|
    |din_old_U           |din_old                      |        0|  64|   3|    0|     6|   32|     1|          192|
    |H_U                 |matMultiply_float_6_6_6_1_H  |        0|  32|   9|    0|    18|   32|     1|          576|
    |mat_out_assign_2_U  |mat_out_assign_2             |        0|  64|   5|    0|     9|   32|     1|          288|
    |S_inv_U             |mat_out_assign_2             |        0|  64|   5|    0|     9|   32|     1|          288|
    |x_hat_U             |x_hat                        |        0|  64|   3|    0|     6|   32|     1|          192|
    +--------------------+-----------------------------+---------+----+----+-----+------+-----+------+-------------+
    |Total               |                             |       12| 800|  63|    0|   483|  736|    23|        15456|
    +--------------------+-----------------------------+---------+----+----+-----+------+-----+------+-------------+

    * FIFO: 
    N/A

    * Expression: 
    +----------------------------------+----------+----+---+----+------------+------------+
    |           Variable Name          | Operation| DSP| FF| LUT| Bitwidth P0| Bitwidth P1|
    +----------------------------------+----------+----+---+----+------------+------------+
    |add_ln100_fu_2725_p2              |         +|   0|  0|   9|           2|           1|
    |add_ln103_fu_2761_p2              |         +|   0|  0|   9|           2|           1|
    |add_ln110_fu_2783_p2              |         +|   0|  0|  12|           4|           4|
    |add_ln126_fu_2965_p2              |         +|   0|  0|  10|           3|           1|
    |add_ln137_fu_2987_p2              |         +|   0|  0|  10|           3|           1|
    |add_ln143_fu_2239_p2              |         +|   0|  0|  10|           3|           1|
    |add_ln166_1_fu_2261_p2            |         +|   0|  0|   9|           2|           1|
    |add_ln166_fu_2277_p2              |         +|   0|  0|  10|           3|           2|
    |add_ln167_fu_2303_p2              |         +|   0|  0|   9|           2|           1|
    |add_ln168_fu_2335_p2              |         +|   0|  0|  10|           3|           1|
    |add_ln169_fu_2352_p2              |         +|   0|  0|  13|           6|           1|
    |add_ln185_fu_2577_p2              |         +|   0|  0|  10|           3|           1|
    |add_ln186_fu_2594_p2              |         +|   0|  0|  13|           6|           1|
    |add_ln212_fu_2897_p2              |         +|   0|  0|  10|           3|           1|
    |add_ln213_fu_2914_p2              |         +|   0|  0|  13|           6|           1|
    |add_ln214_fu_2931_p2              |         +|   0|  0|  10|           3|           1|
    |add_ln215_fu_2948_p2              |         +|   0|  0|  10|           3|           1|
    |add_ln217_fu_3004_p2              |         +|   0|  0|  10|           3|           1|
    |add_ln41_1_fu_2512_p2             |         +|   0|  0|  10|           3|           1|
    |add_ln41_2_fu_2665_p2             |         +|   0|  0|   9|           2|           1|
    |add_ln41_3_fu_2805_p2             |         +|   0|  0|  10|           3|           1|
    |add_ln41_fu_2381_p2               |         +|   0|  0|  10|           3|           1|
    |add_ln44_1_fu_2699_p2             |         +|   0|  0|   9|           2|           1|
    |add_ln44_fu_2550_p2               |         +|   0|  0|  10|           3|           1|
    |add_ln48_1_fu_2566_p2             |         +|   0|  0|  13|           6|           6|
    |add_ln48_2_fu_2715_p2             |         +|   0|  0|  12|           5|           5|
    |add_ln48_3_fu_2821_p2             |         +|   0|  0|  10|           3|           3|
    |add_ln48_fu_2397_p2               |         +|   0|  0|  10|           3|           3|
    |add_ln61_1_fu_2832_p2             |         +|   0|  0|  10|           3|           1|
    |add_ln61_fu_2611_p2               |         +|   0|  0|   9|           2|           1|
    |add_ln64_fu_2870_p2               |         +|   0|  0|  10|           3|           1|
    |add_ln68_fu_2886_p2               |         +|   0|  0|  13|           6|           6|
    |add_ln81_fu_2409_p2               |         +|   0|  0|  10|           3|           1|
    |add_ln84_fu_2451_p2               |         +|   0|  0|  10|           3|           1|
    |add_ln88_1_fu_2503_p2             |         +|   0|  0|  13|           6|           6|
    |add_ln88_fu_2467_p2               |         +|   0|  0|  13|           6|           6|
    |empty_55_fu_2185_p2               |         +|   0|  0|  10|           3|           1|
    |empty_57_fu_2227_p2               |         +|   0|  0|  13|           6|           1|
    |counter_diff_fu_2217_p2           |         -|   0|  0|  39|          32|          32|
    |empty_58_fu_2445_p2               |         -|   0|  0|  13|           6|           6|
    |empty_59_fu_2544_p2               |         -|   0|  0|  13|           6|           6|
    |empty_60_fu_2693_p2               |         -|   0|  0|  12|           5|           5|
    |empty_61_fu_2755_p2               |         -|   0|  0|  12|           4|           4|
    |empty_62_fu_2864_p2               |         -|   0|  0|  13|           6|           6|
    |sub_ln88_fu_2497_p2               |         -|   0|  0|  13|           6|           6|
    |exitcond23843_fu_2233_p2          |      icmp|   0|  0|  10|           6|           6|
    |exitcond23944_fu_2196_p2          |      icmp|   0|  0|   8|           3|           3|
    |icmp_ln100_fu_2735_p2             |      icmp|   0|  0|   8|           2|           2|
    |icmp_ln103_fu_2771_p2             |      icmp|   0|  0|   8|           2|           2|
    |icmp_ln107_fu_2777_p2             |      icmp|   0|  0|   8|           2|           2|
    |icmp_ln126_fu_2976_p2             |      icmp|   0|  0|   8|           3|           3|
    |icmp_ln137_fu_2998_p2             |      icmp|   0|  0|   8|           3|           3|
    |icmp_ln143_fu_2250_p2             |      icmp|   0|  0|   8|           3|           3|
    |icmp_ln166_fu_2271_p2             |      icmp|   0|  0|   8|           2|           2|
    |icmp_ln167_fu_2314_p2             |      icmp|   0|  0|   8|           2|           2|
    |icmp_ln168_fu_2346_p2             |      icmp|   0|  0|   8|           3|           3|
    |icmp_ln169_fu_2363_p2             |      icmp|   0|  0|  10|           6|           6|
    |icmp_ln185_fu_2588_p2             |      icmp|   0|  0|   8|           3|           3|
    |icmp_ln186_fu_2605_p2             |      icmp|   0|  0|  10|           6|           6|
    |icmp_ln212_fu_2908_p2             |      icmp|   0|  0|   8|           3|           3|
    |icmp_ln213_fu_2925_p2             |      icmp|   0|  0|  10|           6|           6|
    |icmp_ln214_fu_2942_p2             |      icmp|   0|  0|   8|           3|           3|
    |icmp_ln215_fu_2959_p2             |      icmp|   0|  0|   8|           3|           3|
    |icmp_ln217_fu_3015_p2             |      icmp|   0|  0|   8|           3|           3|
    |icmp_ln41_1_fu_2518_p2            |      icmp|   0|  0|   8|           3|           3|
    |icmp_ln41_2_fu_2675_p2            |      icmp|   0|  0|   8|           2|           2|
    |icmp_ln41_3_fu_2811_p2            |      icmp|   0|  0|   8|           3|           3|
    |icmp_ln41_fu_2387_p2              |      icmp|   0|  0|   8|           3|           3|
    |icmp_ln44_1_fu_2709_p2            |      icmp|   0|  0|   8|           2|           2|
    |icmp_ln44_fu_2560_p2              |      icmp|   0|  0|   8|           3|           3|
    |icmp_ln61_1_fu_2838_p2            |      icmp|   0|  0|   8|           3|           3|
    |icmp_ln61_fu_2622_p2              |      icmp|   0|  0|   8|           2|           2|
    |icmp_ln64_fu_2880_p2              |      icmp|   0|  0|   8|           3|           3|
    |icmp_ln81_fu_2419_p2              |      icmp|   0|  0|   8|           3|           3|
    |icmp_ln84_fu_2461_p2              |      icmp|   0|  0|   8|           3|           3|
    |ap_block_state62_on_subcall_done  |        or|   0|  0|   2|           1|           1|
    |select_ln27_fu_2210_p3            |    select|   0|  0|  32|           1|          32|
    +----------------------------------+----------+----+---+----+------------+------------+
    |Total                             |          |   0|  0| 798|         295|         262|
    +----------------------------------+----------+----+---+----+------------+------------+

    * Multiplexer: 
    +-------------------------------------------------------+-----+-----------+-----+-----------+
    |                          Name                         | LUT | Input Size| Bits| Total Bits|
    +-------------------------------------------------------+-----+-----------+-----+-----------+
    |A_address0                                             |  113|         22|    6|        132|
    |A_address1                                             |   93|         19|    6|        114|
    |A_ce0                                                  |   20|          4|    1|          4|
    |A_d0                                                   |   20|          4|   32|        128|
    |A_d1                                                   |   20|          4|   32|        128|
    |B_address0                                             |   59|         11|    5|         55|
    |B_address1                                             |   54|         10|    5|         50|
    |B_ce0                                                  |   14|          3|    1|          3|
    |B_d0                                                   |   20|          4|   32|        128|
    |B_d1                                                   |   26|          5|   32|        160|
    |H_address0                                             |   20|          4|    5|         20|
    |H_ce0                                                  |   14|          3|    1|          3|
    |K_address0                                             |   20|          4|    5|         20|
    |K_ce0                                                  |   20|          4|    1|          4|
    |K_we0                                                  |    9|          2|    1|          2|
    |P_address0                                             |   14|          3|    6|         18|
    |P_ce0                                                  |   14|          3|    1|          3|
    |P_hat_address0                                         |   14|          3|    6|         18|
    |P_minus_address0                                       |   31|          6|    6|         36|
    |P_minus_ce0                                            |   26|          5|    1|          5|
    |P_plus_address0                                        |   20|          4|    6|         24|
    |P_plus_ce0                                             |   14|          3|    1|          3|
    |P_plus_d0                                              |   14|          3|   32|         96|
    |P_plus_we0                                             |   14|          3|    1|          3|
    |Q_address0                                             |  100|         20|    6|        120|
    |Q_address1                                             |   93|         19|    6|        114|
    |Q_d0                                                   |   14|          3|   32|         96|
    |Q_d1                                                   |   14|          3|   32|         96|
    |R_address0                                             |   31|          6|    4|         24|
    |R_address1                                             |   31|          6|    4|         24|
    |R_d0                                                   |   14|          3|   32|         96|
    |R_d1                                                   |   14|          3|   32|         96|
    |S_inv_address0                                         |   20|          4|    4|         16|
    |S_inv_ce0                                              |   14|          3|    1|          3|
    |S_inv_d0                                               |   14|          3|   32|         96|
    |ap_NS_fsm                                              |  850|        161|    1|        161|
    |din_address0                                           |   14|          3|    3|          9|
    |din_new_address0                                       |   20|          4|    3|         12|
    |din_old_address0                                       |   31|          6|    3|         18|
    |din_old_d0                                             |   14|          3|   32|         96|
    |dout_s_address0                                        |   26|          5|    3|         15|
    |dout_s_d0                                              |   20|          4|   32|        128|
    |empty_56_reg_1715                                      |    9|          2|    6|         12|
    |empty_reg_1704                                         |    9|          2|    3|          6|
    |grp_fu_2120_opcode                                     |   14|          3|    2|          6|
    |grp_fu_2120_p0                                         |   37|          7|   32|        224|
    |grp_fu_2120_p1                                         |   26|          5|   32|        160|
    |grp_fu_2129_p0                                         |   14|          3|   32|         96|
    |grp_fu_2129_p1                                         |   14|          3|   32|         96|
    |grp_fu_2146_p0                                         |   14|          3|   64|        192|
    |grp_fu_2146_p1                                         |   14|          3|   64|        192|
    |grp_fu_3680_ce                                         |   31|          6|    1|          6|
    |grp_fu_3680_p0                                         |   26|          5|   32|        160|
    |grp_fu_3680_p1                                         |   26|          5|   32|        160|
    |grp_matMultiply_float_6_6_6_2_fu_2055_mat_in_L_q0      |   14|          3|   32|         96|
    |grp_matMultiply_float_6_6_6_2_fu_2055_mat_in_R_0_read  |   14|          3|   32|         96|
    |grp_matMultiply_float_6_6_6_2_fu_2055_mat_in_R_1_read  |   14|          3|   32|         96|
    |grp_matMultiply_float_6_6_6_2_fu_2055_mat_in_R_2_read  |   14|          3|   32|         96|
    |grp_matMultiply_float_6_6_6_4_fu_2064_L                |   14|          3|    3|          9|
    |grp_matMultiply_float_6_6_6_4_fu_2064_mat_in_L_q0      |   14|          3|   32|         96|
    |grp_matMultiply_float_6_6_6_s_fu_2083_mat_in_L_q0      |   14|          3|   32|         96|
    |grp_matMultiply_float_6_6_6_s_fu_2083_mat_in_R_q0      |   20|          4|   32|        128|
    |i_10_reg_1874                                          |    9|          2|    2|          4|
    |i_11_reg_1886                                          |    9|          2|    2|          4|
    |i_12_reg_1931                                          |    9|          2|    3|          6|
    |i_1_reg_1726                                           |    9|          2|    3|          6|
    |i_2_reg_2033                                           |    9|          2|    3|          6|
    |i_3_reg_1808                                           |    9|          2|    3|          6|
    |i_4_reg_1783                                           |    9|          2|    3|          6|
    |i_5_reg_1908                                           |    9|          2|    2|          4|
    |i_6_reg_1956                                           |    9|          2|    3|          6|
    |i_7_reg_2011                                           |    9|          2|    3|          6|
    |i_8_reg_2044                                           |    9|          2|    3|          6|
    |i_9_reg_1830                                           |    9|          2|    3|          6|
    |i_reg_2022                                             |    9|          2|    3|          6|
    |j_10_reg_1989                                          |    9|          2|    6|         12|
    |j_11_reg_2000                                          |    9|          2|    3|          6|
    |j_13_reg_1841                                          |    9|          2|    3|          6|
    |j_14_reg_1897                                          |    9|          2|    2|          4|
    |j_1_reg_1749                                           |    9|          2|    2|          4|
    |j_2_reg_1761                                           |    9|          2|    3|          6|
    |j_3_reg_1772                                           |    9|          2|    6|         12|
    |j_4_reg_1852                                           |    9|          2|    3|          6|
    |j_5_reg_1819                                           |    9|          2|    3|          6|
    |j_6_reg_1863                                           |    9|          2|    6|         12|
    |j_7_reg_1920                                           |    9|          2|    2|          4|
    |j_8_reg_1978                                           |    9|          2|    3|          6|
    |j_9_reg_1967                                           |    9|          2|    3|          6|
    |j_reg_1737                                             |    9|          2|    2|          4|
    |mat_out_assign_2_address0                              |   14|          3|    4|         12|
    |tmp_mat_1_address0                                     |   31|          6|    6|         36|
    |tmp_mat_1_ce0                                          |   26|          5|    1|          5|
    |tmp_mat_1_d0                                           |   20|          4|   32|        128|
    |tmp_mat_1_we0                                          |   20|          4|    1|          4|
    |tmp_mat_2_address0                                     |   49|          9|    6|         54|
    |tmp_mat_2_ce0                                          |   31|          6|    1|          6|
    |tmp_mat_2_d0                                           |   26|          5|   32|        160|
    |tmp_mat_2_we0                                          |   26|          5|    1|          5|
    |tmp_mat_3_address0                                     |   59|         11|    6|         66|
    |tmp_mat_3_ce0                                          |   49|          9|    1|          9|
    |tmp_mat_3_d0                                           |   31|          6|   32|        192|
    |tmp_mat_3_we0                                          |   31|          6|    1|          6|
    |x_address0                                             |   14|          3|    3|          9|
    |x_ce0                                                  |   14|          3|    1|          3|
    |x_hat_address0                                         |   31|          6|    3|         18|
    |x_hat_address1                                         |   26|          5|    3|         15|
    |x_hat_d0                                               |   26|          5|   32|        160|
    |x_hat_d1                                               |   14|          3|   32|         96|
    |x_minus_address0                                       |   26|          5|    3|         15|
    |x_minus_ce0                                            |   14|          3|    1|          3|
    |x_plus_address0                                        |   26|          5|    3|         15|
    |x_plus_d0                                              |   14|          3|   32|         96|
    +-------------------------------------------------------+-----+-----------+-----+-----------+
    |Total                                                  | 3230|        641| 1366|       5679|
    +-------------------------------------------------------+-----+-----------+-----+-----------+

    * Register: 
    +----------------------------------------------------+-----+----+-----+-----------+
    |                        Name                        |  FF | LUT| Bits| Const Bits|
    +----------------------------------------------------+-----+----+-----+-----------+
    |DT_reg_3068                                         |   32|   0|   32|          0|
    |I_load_reg_3549                                     |   32|   0|   32|          0|
    |Q_load_reg_3317                                     |   32|   0|   32|          0|
    |S_inv_addr_reg_3454                                 |    2|   0|    4|          2|
    |add_ln100_reg_3436                                  |    2|   0|    2|          0|
    |add_ln126_reg_3626                                  |    3|   0|    3|          0|
    |add_ln137_reg_3644                                  |    3|   0|    3|          0|
    |add_ln143_reg_3092                                  |    3|   0|    3|          0|
    |add_ln166_1_reg_3128                                |    2|   0|    2|          0|
    |add_ln167_reg_3159                                  |    2|   0|    2|          0|
    |add_ln168_reg_3172                                  |    3|   0|    3|          0|
    |add_ln169_reg_3190                                  |    6|   0|    6|          0|
    |add_ln185_reg_3322                                  |    3|   0|    3|          0|
    |add_ln186_reg_3340                                  |    6|   0|    6|          0|
    |add_ln212_reg_3554                                  |    3|   0|    3|          0|
    |add_ln213_reg_3572                                  |    6|   0|    6|          0|
    |add_ln214_reg_3590                                  |    3|   0|    3|          0|
    |add_ln215_reg_3608                                  |    3|   0|    3|          0|
    |add_ln217_reg_3662                                  |    3|   0|    3|          0|
    |add_ln41_1_reg_3281                                 |    3|   0|    3|          0|
    |add_ln41_2_reg_3394                                 |    2|   0|    2|          0|
    |add_ln41_3_reg_3484                                 |    3|   0|    3|          0|
    |add_ln41_reg_3217                                   |    3|   0|    3|          0|
    |add_ln44_1_reg_3407                                 |    2|   0|    2|          0|
    |add_ln44_reg_3294                                   |    3|   0|    3|          0|
    |add_ln61_1_reg_3513                                 |    3|   0|    3|          0|
    |add_ln61_reg_3376                                   |    2|   0|    2|          0|
    |add_ln64_reg_3526                                   |    3|   0|    3|          0|
    |add_ln81_reg_3245                                   |    3|   0|    3|          0|
    |add_ln84_reg_3263                                   |    3|   0|    3|          0|
    |add_ln88_1_reg_3276                                 |    6|   0|    6|          0|
    |ap_CS_fsm                                           |  160|   0|  160|          0|
    |conv1_reg_3079                                      |   32|   0|   32|          0|
    |conv_reg_3073                                       |   64|   0|   64|          0|
    |counter_diff_reg_3063                               |   32|   0|   32|          0|
    |counter_sig_old                                     |   32|   0|   32|          0|
    |empty_56_reg_1715                                   |    6|   0|    6|          0|
    |empty_58_reg_3258                                   |    5|   0|    6|          1|
    |empty_59_reg_3289                                   |    5|   0|    6|          1|
    |empty_60_reg_3402                                   |    5|   0|    5|          0|
    |empty_61_reg_3444                                   |    4|   0|    4|          0|
    |empty_62_reg_3521                                   |    5|   0|    6|          1|
    |empty_reg_1704                                      |    3|   0|    3|          0|
    |first_run                                           |    1|   0|    1|          0|
    |first_run_load_reg_3059                             |    1|   0|    1|          0|
    |grp_matMultiply_float_6_6_6_1_fu_2075_ap_start_reg  |    1|   0|    1|          0|
    |grp_matMultiply_float_6_6_6_2_fu_2055_ap_start_reg  |    1|   0|    1|          0|
    |grp_matMultiply_float_6_6_6_3_fu_2098_ap_start_reg  |    1|   0|    1|          0|
    |grp_matMultiply_float_6_6_6_4_fu_2064_ap_start_reg  |    1|   0|    1|          0|
    |grp_matMultiply_float_6_6_6_5_fu_2090_ap_start_reg  |    1|   0|    1|          0|
    |grp_matMultiply_float_6_6_6_6_fu_2112_ap_start_reg  |    1|   0|    1|          0|
    |grp_matMultiply_float_6_6_6_7_fu_2105_ap_start_reg  |    1|   0|    1|          0|
    |grp_matMultiply_float_6_6_6_s_fu_2083_ap_start_reg  |    1|   0|    1|          0|
    |i_10_reg_1874                                       |    2|   0|    2|          0|
    |i_11_reg_1886                                       |    2|   0|    2|          0|
    |i_12_reg_1931                                       |    3|   0|    3|          0|
    |i_1_reg_1726                                        |    3|   0|    3|          0|
    |i_2_reg_2033                                        |    3|   0|    3|          0|
    |i_3_reg_1808                                        |    3|   0|    3|          0|
    |i_4_reg_1783                                        |    3|   0|    3|          0|
    |i_5_reg_1908                                        |    2|   0|    2|          0|
    |i_6_reg_1956                                        |    3|   0|    3|          0|
    |i_7_reg_2011                                        |    3|   0|    3|          0|
    |i_8_reg_2044                                        |    3|   0|    3|          0|
    |i_9_reg_1830                                        |    3|   0|    3|          0|
    |i_reg_2022                                          |    3|   0|    3|          0|
    |j_10_reg_1989                                       |    6|   0|    6|          0|
    |j_11_reg_2000                                       |    3|   0|    3|          0|
    |j_12_reg_1795                                       |    1|   0|    1|          0|
    |j_13_reg_1841                                       |    3|   0|    3|          0|
    |j_14_reg_1897                                       |    2|   0|    2|          0|
    |j_15_reg_1943                                       |    1|   0|    1|          0|
    |j_1_reg_1749                                        |    2|   0|    2|          0|
    |j_2_reg_1761                                        |    3|   0|    3|          0|
    |j_3_reg_1772                                        |    6|   0|    6|          0|
    |j_4_reg_1852                                        |    3|   0|    3|          0|
    |j_5_reg_1819                                        |    3|   0|    3|          0|
    |j_6_reg_1863                                        |    6|   0|    6|          0|
    |j_7_reg_1920                                        |    2|   0|    2|          0|
    |j_8_reg_1978                                        |    3|   0|    3|          0|
    |j_9_reg_1967                                        |    3|   0|    3|          0|
    |j_reg_1737                                          |    2|   0|    2|          0|
    |mat_out_assign_2_load_reg_3459                      |   32|   0|   32|          0|
    |q_read_reg_3038                                     |   32|   0|   32|          0|
    |r_read_reg_3032                                     |   32|   0|   32|          0|
    |reg_2151                                            |   32|   0|   32|          0|
    |reg_2161                                            |   64|   0|   64|          0|
    |reg_2167                                            |   32|   0|   32|          0|
    |reg_2173                                            |   32|   0|   32|          0|
    |reg_2179                                            |   32|   0|   32|          0|
    |sext_ln48_reg_3415                                  |   64|   0|   64|          0|
    |tmp_mat_1_load_reg_3240                             |   32|   0|   32|          0|
    |u_2_1_fu_340                                        |   32|   0|   32|          0|
    |u_2_2_fu_344                                        |   32|   0|   32|          0|
    |u_2_fu_336                                          |   32|   0|   32|          0|
    |y_bar_2_1_fu_364                                    |   32|   0|   32|          0|
    |y_bar_2_2_fu_368                                    |   32|   0|   32|          0|
    |y_bar_2_fu_360                                      |   32|   0|   32|          0|
    |z_2_1_fu_352                                        |   32|   0|   32|          0|
    |z_2_2_fu_356                                        |   32|   0|   32|          0|
    |z_2_fu_348                                          |   32|   0|   32|          0|
    |zext_ln126_reg_3631                                 |    3|   0|   64|         61|
    |zext_ln137_reg_3649                                 |    3|   0|   64|         61|
    |zext_ln143_reg_3097                                 |    3|   0|   64|         61|
    |zext_ln168_reg_3177                                 |    3|   0|   64|         61|
    |zext_ln169_reg_3195                                 |    6|   0|   64|         58|
    |zext_ln185_reg_3327                                 |    3|   0|   64|         61|
    |zext_ln186_reg_3345                                 |    6|   0|   64|         58|
    |zext_ln212_reg_3559                                 |    3|   0|   64|         61|
    |zext_ln213_reg_3577                                 |    6|   0|   64|         58|
    |zext_ln214_reg_3595                                 |    3|   0|   64|         61|
    |zext_ln215_reg_3613                                 |    3|   0|   64|         61|
    |zext_ln217_reg_3667                                 |    3|   0|   64|         61|
    |zext_ln48_1_reg_3302                                |    6|   0|   64|         58|
    |zext_ln48_2_reg_3492                                |    3|   0|   64|         61|
    |zext_ln48_reg_3225                                  |    3|   0|   64|         61|
    |zext_ln68_reg_3534                                  |    6|   0|   64|         58|
    |zext_ln81_reg_3250                                  |    3|   0|    6|          3|
    +----------------------------------------------------+-----+----+-----+-----------+
    |Total                                               | 1371|   0| 2340|        969|
    +----------------------------------------------------+-----+----+-----+-----------+



================================================================
== Interface
================================================================
* Summary: 
+-----------------------+-----+-----+------------+--------------------+--------------+
|       RTL Ports       | Dir | Bits|  Protocol  |    Source Object   |    C Type    |
+-----------------------+-----+-----+------------+--------------------+--------------+
|s_axi_AXI_CPU_AWVALID  |   in|    1|       s_axi|             AXI_CPU|        scalar|
|s_axi_AXI_CPU_AWREADY  |  out|    1|       s_axi|             AXI_CPU|        scalar|
|s_axi_AXI_CPU_AWADDR   |   in|    5|       s_axi|             AXI_CPU|        scalar|
|s_axi_AXI_CPU_WVALID   |   in|    1|       s_axi|             AXI_CPU|        scalar|
|s_axi_AXI_CPU_WREADY   |  out|    1|       s_axi|             AXI_CPU|        scalar|
|s_axi_AXI_CPU_WDATA    |   in|   32|       s_axi|             AXI_CPU|        scalar|
|s_axi_AXI_CPU_WSTRB    |   in|    4|       s_axi|             AXI_CPU|        scalar|
|s_axi_AXI_CPU_ARVALID  |   in|    1|       s_axi|             AXI_CPU|        scalar|
|s_axi_AXI_CPU_ARREADY  |  out|    1|       s_axi|             AXI_CPU|        scalar|
|s_axi_AXI_CPU_ARADDR   |   in|    5|       s_axi|             AXI_CPU|        scalar|
|s_axi_AXI_CPU_RVALID   |  out|    1|       s_axi|             AXI_CPU|        scalar|
|s_axi_AXI_CPU_RREADY   |   in|    1|       s_axi|             AXI_CPU|        scalar|
|s_axi_AXI_CPU_RDATA    |  out|   32|       s_axi|             AXI_CPU|        scalar|
|s_axi_AXI_CPU_RRESP    |  out|    2|       s_axi|             AXI_CPU|        scalar|
|s_axi_AXI_CPU_BVALID   |  out|    1|       s_axi|             AXI_CPU|        scalar|
|s_axi_AXI_CPU_BREADY   |   in|    1|       s_axi|             AXI_CPU|        scalar|
|s_axi_AXI_CPU_BRESP    |  out|    2|       s_axi|             AXI_CPU|        scalar|
|ap_clk                 |   in|    1|  ap_ctrl_hs|  KalmanFilterKernel|  return value|
|ap_rst_n               |   in|    1|  ap_ctrl_hs|  KalmanFilterKernel|  return value|
|interrupt              |  out|    1|  ap_ctrl_hs|  KalmanFilterKernel|  return value|
|din_address0           |  out|    3|   ap_memory|                 din|         array|
|din_ce0                |  out|    1|   ap_memory|                 din|         array|
|din_q0                 |   in|   32|   ap_memory|                 din|         array|
|dout_address0          |  out|    3|   ap_memory|                dout|         array|
|dout_ce0               |  out|    1|   ap_memory|                dout|         array|
|dout_we0               |  out|    1|   ap_memory|                dout|         array|
|dout_d0                |  out|   32|   ap_memory|                dout|         array|
|counter                |   in|   32|     ap_none|             counter|        scalar|
+-----------------------+-----+-----+------------+--------------------+--------------+

