

================================================================
== Vitis HLS Report for 'matMultiply_float_6_6_6_2'
================================================================
* Date:           Wed Nov 30 09:21:02 2022

* Version:        2020.2 (Build 3064766 on Wed Nov 18 09:12:47 MST 2020)
* Project:        KF_kernel
* Solution:       solution1 (Vivado IP Flow Target)
* Product family: zynquplus
* Target device:  xczu3eg-sbva484-1-i


================================================================
== Performance Estimates
================================================================
+ Timing: 
    * Summary: 
    +--------+----------+----------+------------+
    |  Clock |  Target  | Estimated| Uncertainty|
    +--------+----------+----------+------------+
    |ap_clk  |  10.00 ns|  5.484 ns|     2.70 ns|
    +--------+----------+----------+------------+

+ Latency: 
    * Summary: 
    +---------+---------+----------+----------+-----+-----+---------+
    |  Latency (cycles) |  Latency (absolute) |  Interval | Pipeline|
    |   min   |   max   |    min   |    max   | min | max |   Type  |
    +---------+---------+----------+----------+-----+-----+---------+
    |      169|      169|  1.690 us|  1.690 us|  169|  169|     none|
    +---------+---------+----------+----------+-----+-----+---------+

    + Detail: 
        * Instance: 
        N/A

        * Loop: 
        +--------------------+---------+---------+----------+-----------+-----------+------+----------+
        |                    |  Latency (cycles) | Iteration|  Initiation Interval  | Trip |          |
        |      Loop Name     |   min   |   max   |  Latency |  achieved |   target  | Count| Pipelined|
        +--------------------+---------+---------+----------+-----------+-----------+------+----------+
        |- matMul_loop_L     |      168|      168|        28|          -|          -|     6|        no|
        | + matMul_loop_N    |       26|       26|        26|          -|          -|     1|        no|
        |  ++ matMul_loop_M  |       24|       24|         8|          -|          -|     3|        no|
        +--------------------+---------+---------+----------+-----------+-----------+------+----------+



================================================================
== Utilization Estimates
================================================================
* Summary: 
+-----------------+---------+-----+--------+-------+-----+
|       Name      | BRAM_18K| DSP |   FF   |  LUT  | URAM|
+-----------------+---------+-----+--------+-------+-----+
|DSP              |        -|    -|       -|      -|    -|
|Expression       |        -|    -|       0|     77|    -|
|FIFO             |        -|    -|       -|      -|    -|
|Instance         |        -|    3|     280|    985|    -|
|Memory           |        -|    -|       -|      -|    -|
|Multiplexer      |        -|    -|       -|     92|    -|
|Register         |        -|    -|     127|      -|    -|
+-----------------+---------+-----+--------+-------+-----+
|Total            |        0|    3|     407|   1154|    0|
+-----------------+---------+-----+--------+-------+-----+
|Available        |      432|  360|  141120|  70560|    0|
+-----------------+---------+-----+--------+-------+-----+
|Utilization (%)  |        0|   ~0|      ~0|      1|    0|
+-----------------+---------+-----+--------+-------+-----+

+ Detail: 
    * Instance: 
    +--------------------------------------+----------------------------------+---------+----+-----+-----+-----+
    |               Instance               |              Module              | BRAM_18K| DSP|  FF | LUT | URAM|
    +--------------------------------------+----------------------------------+---------+----+-----+-----+-----+
    |facc_32ns_32ns_1ns_32_3_no_dsp_1_U10  |facc_32ns_32ns_1ns_32_3_no_dsp_1  |        0|   0|  137|  831|    0|
    |fmul_32ns_32ns_32_4_max_dsp_1_U8      |fmul_32ns_32ns_32_4_max_dsp_1     |        0|   3|  143|  140|    0|
    |mux_32_32_1_1_U9                      |mux_32_32_1_1                     |        0|   0|    0|   14|    0|
    +--------------------------------------+----------------------------------+---------+----+-----+-----+-----+
    |Total                                 |                                  |        0|   3|  280|  985|    0|
    +--------------------------------------+----------------------------------+---------+----+-----+-----+-----+

    * DSP: 
    N/A

    * Memory: 
    N/A

    * FIFO: 
    N/A

    * Expression: 
    +---------------------+----------+----+---+----+------------+------------+
    |    Variable Name    | Operation| DSP| FF| LUT| Bitwidth P0| Bitwidth P1|
    +---------------------+----------+----+---+----+------------+------------+
    |add_ln13_fu_150_p2   |         +|   0|  0|  10|           3|           1|
    |add_ln20_fu_184_p2   |         +|   0|  0|  10|           3|           3|
    |add_ln23_fu_195_p2   |         +|   0|  0|   9|           2|           1|
    |add_ln27_fu_211_p2   |         +|   0|  0|  12|           5|           5|
    |empty_fu_174_p2      |         -|   0|  0|  12|           5|           5|
    |icmp_ln13_fu_160_p2  |      icmp|   0|  0|   8|           3|           3|
    |icmp_ln23_fu_205_p2  |      icmp|   0|  0|   8|           2|           2|
    |icmp_ln27_fu_230_p2  |      icmp|   0|  0|   8|           2|           2|
    +---------------------+----------+----+---+----+------------+------------+
    |Total                |          |   0|  0|  77|          25|          22|
    +---------------------+----------+----+---+----+------------+------------+

    * Multiplexer: 
    +-----------------+----+-----------+-----+-----------+
    |       Name      | LUT| Input Size| Bits| Total Bits|
    +-----------------+----+-----------+-----+-----------+
    |add1913_reg_133  |   9|          2|   32|         64|
    |ap_NS_fsm        |  65|         12|    1|         12|
    |i_reg_97         |   9|          2|    3|          6|
    |j_reg_122        |   9|          2|    2|          4|
    +-----------------+----+-----------+-----+-----------+
    |Total            |  92|         18|   38|         86|
    +-----------------+----+-----------+-----+-----------+

    * Register: 
    +----------------------+----+----+-----+-----------+
    |         Name         | FF | LUT| Bits| Const Bits|
    +----------------------+----+----+-----+-----------+
    |add1913_reg_133       |  32|   0|   32|          0|
    |add_ln13_reg_257      |   3|   0|    3|          0|
    |add_ln23_reg_275      |   2|   0|    2|          0|
    |ap_CS_fsm             |  11|   0|   11|          0|
    |empty_reg_265         |   5|   0|    5|          0|
    |i_reg_97              |   3|   0|    3|          0|
    |icmp_ln27_reg_293     |   1|   0|    1|          0|
    |j_reg_122             |   2|   0|    2|          0|
    |k_reg_109             |   1|   0|    1|          0|
    |mat_out_addr_reg_270  |   3|   0|    6|          3|
    |mul_reg_303           |  32|   0|   32|          0|
    |tmp_reg_288           |  32|   0|   32|          0|
    +----------------------+----+----+-----+-----------+
    |Total                 | 127|   0|  130|          3|
    +----------------------+----+----+-----+-----------+



================================================================
== Interface
================================================================
* Summary: 
+-------------------+-----+-----+------------+-------------------------------+--------------+
|     RTL Ports     | Dir | Bits|  Protocol  |         Source Object         |    C Type    |
+-------------------+-----+-----+------------+-------------------------------+--------------+
|ap_clk             |   in|    1|  ap_ctrl_hs|  matMultiply<float, 6, 6, 6>.2|  return value|
|ap_rst             |   in|    1|  ap_ctrl_hs|  matMultiply<float, 6, 6, 6>.2|  return value|
|ap_start           |   in|    1|  ap_ctrl_hs|  matMultiply<float, 6, 6, 6>.2|  return value|
|ap_done            |  out|    1|  ap_ctrl_hs|  matMultiply<float, 6, 6, 6>.2|  return value|
|ap_idle            |  out|    1|  ap_ctrl_hs|  matMultiply<float, 6, 6, 6>.2|  return value|
|ap_ready           |  out|    1|  ap_ctrl_hs|  matMultiply<float, 6, 6, 6>.2|  return value|
|mat_in_L_address0  |  out|    5|   ap_memory|                       mat_in_L|         array|
|mat_in_L_ce0       |  out|    1|   ap_memory|                       mat_in_L|         array|
|mat_in_L_q0        |   in|   32|   ap_memory|                       mat_in_L|         array|
|mat_in_R_0_read    |   in|   32|     ap_none|                mat_in_R_0_read|        scalar|
|mat_in_R_1_read    |   in|   32|     ap_none|                mat_in_R_1_read|        scalar|
|mat_in_R_2_read    |   in|   32|     ap_none|                mat_in_R_2_read|        scalar|
|mat_out_address0   |  out|    6|   ap_memory|                        mat_out|         array|
|mat_out_ce0        |  out|    1|   ap_memory|                        mat_out|         array|
|mat_out_we0        |  out|    1|   ap_memory|                        mat_out|         array|
|mat_out_d0         |  out|   32|   ap_memory|                        mat_out|         array|
+-------------------+-----+-----+------------+-------------------------------+--------------+

