

================================================================
== Vitis HLS Report for 'matMultiply_float_6_6_6_6'
================================================================
* Date:           Thu Nov 24 12:24:09 2022

* Version:        2020.2 (Build 3064766 on Wed Nov 18 09:12:47 MST 2020)
* Project:        KF_kernel
* Solution:       solution1 (Vivado IP Flow Target)
* Product family: zynquplus
* Target device:  xczu3eg-sbva484-1-i


================================================================
== Performance Estimates
================================================================
+ Timing: 
    * Summary: 
    +--------+----------+----------+------------+
    |  Clock |  Target  | Estimated| Uncertainty|
    +--------+----------+----------+------------+
    |ap_clk  |  10.00 ns|  5.484 ns|     2.70 ns|
    +--------+----------+----------+------------+

+ Latency: 
    * Summary: 
    +---------+---------+----------+----------+-----+-----+---------+
    |  Latency (cycles) |  Latency (absolute) |  Interval | Pipeline|
    |   min   |   max   |    min   |    max   | min | max |   Type  |
    +---------+---------+----------+----------+-----+-----+---------+
    |      157|      157|  1.570 us|  1.570 us|  157|  157|     none|
    +---------+---------+----------+----------+-----+-----+---------+

    + Detail: 
        * Instance: 
        N/A

        * Loop: 
        +--------------------+---------+---------+----------+-----------+-----------+------+----------+
        |                    |  Latency (cycles) | Iteration|  Initiation Interval  | Trip |          |
        |      Loop Name     |   min   |   max   |  Latency |  achieved |   target  | Count| Pipelined|
        +--------------------+---------+---------+----------+-----------+-----------+------+----------+
        |- matMul_loop_L     |      156|      156|        52|          -|          -|     3|        no|
        | + matMul_loop_N    |       50|       50|        50|          -|          -|     1|        no|
        |  ++ matMul_loop_M  |       48|       48|         8|          -|          -|     6|        no|
        +--------------------+---------+---------+----------+-----------+-----------+------+----------+



================================================================
== Utilization Estimates
================================================================
* Summary: 
+-----------------+---------+-----+--------+-------+-----+
|       Name      | BRAM_18K| DSP |   FF   |  LUT  | URAM|
+-----------------+---------+-----+--------+-------+-----+
|DSP              |        -|    -|       -|      -|    -|
|Expression       |        -|    -|       0|     86|    -|
|FIFO             |        -|    -|       -|      -|    -|
|Instance         |        -|    -|     137|    831|    -|
|Memory           |        -|    -|       -|      -|    -|
|Multiplexer      |        -|    -|       -|     92|    -|
|Register         |        -|    -|      94|      -|    -|
+-----------------+---------+-----+--------+-------+-----+
|Total            |        0|    0|     231|   1009|    0|
+-----------------+---------+-----+--------+-------+-----+
|Available        |      432|  360|  141120|  70560|    0|
+-----------------+---------+-----+--------+-------+-----+
|Utilization (%)  |        0|    0|      ~0|      1|    0|
+-----------------+---------+-----+--------+-------+-----+

+ Detail: 
    * Instance: 
    +--------------------------------------+----------------------------------+---------+----+-----+-----+-----+
    |               Instance               |              Module              | BRAM_18K| DSP|  FF | LUT | URAM|
    +--------------------------------------+----------------------------------+---------+----+-----+-----+-----+
    |facc_32ns_32ns_1ns_32_3_no_dsp_1_U23  |facc_32ns_32ns_1ns_32_3_no_dsp_1  |        0|   0|  137|  831|    0|
    +--------------------------------------+----------------------------------+---------+----+-----+-----+-----+
    |Total                                 |                                  |        0|   0|  137|  831|    0|
    +--------------------------------------+----------------------------------+---------+----+-----+-----+-----+

    * DSP: 
    N/A

    * Memory: 
    N/A

    * FIFO: 
    N/A

    * Expression: 
    +----------------------+----------+----+---+----+------------+------------+
    |     Variable Name    | Operation| DSP| FF| LUT| Bitwidth P0| Bitwidth P1|
    +----------------------+----------+----+---+----+------------+------------+
    |add_ln13_fu_140_p2    |         +|   0|  0|   9|           2|           1|
    |add_ln20_fu_186_p2    |         +|   0|  0|   9|           2|           2|
    |add_ln23_fu_197_p2    |         +|   0|  0|  10|           3|           1|
    |add_ln27_2_fu_223_p2  |         +|   0|  0|  10|           3|           3|
    |add_ln27_fu_213_p2    |         +|   0|  0|  12|           5|           5|
    |empty_fu_172_p2       |         -|   0|  0|  12|           5|           5|
    |icmp_ln13_fu_146_p2   |      icmp|   0|  0|   8|           2|           2|
    |icmp_ln23_fu_207_p2   |      icmp|   0|  0|   8|           3|           3|
    |icmp_ln27_fu_233_p2   |      icmp|   0|  0|   8|           3|           3|
    +----------------------+----------+----+---+----+------------+------------+
    |Total                 |          |   0|  0|  86|          28|          25|
    +----------------------+----------+----+---+----+------------+------------+

    * Multiplexer: 
    +-----------------+----+-----------+-----+-----------+
    |       Name      | LUT| Input Size| Bits| Total Bits|
    +-----------------+----+-----------+-----+-----------+
    |add1913_reg_122  |   9|          2|   32|         64|
    |ap_NS_fsm        |  65|         12|    1|         12|
    |i_reg_86         |   9|          2|    2|          4|
    |j_reg_111        |   9|          2|    3|          6|
    +-----------------+----+-----------+-----+-----------+
    |Total            |  92|         18|   38|         86|
    +-----------------+----+-----------+-----+-----------+

    * Register: 
    +----------------------+----+----+-----+-----------+
    |         Name         | FF | LUT| Bits| Const Bits|
    +----------------------+----+----+-----+-----------+
    |add1913_reg_122       |  32|   0|   32|          0|
    |add_ln13_reg_245      |   2|   0|    2|          0|
    |add_ln23_reg_268      |   3|   0|    3|          0|
    |ap_CS_fsm             |  11|   0|   11|          0|
    |empty_reg_253         |   4|   0|    5|          1|
    |i_reg_86              |   2|   0|    2|          0|
    |icmp_ln27_reg_286     |   1|   0|    1|          0|
    |j_reg_111             |   3|   0|    3|          0|
    |k_reg_98              |   1|   0|    1|          0|
    |mat_out_addr_reg_263  |   2|   0|    6|          4|
    |mul_reg_301           |  32|   0|   32|          0|
    |zext_ln17_reg_258     |   1|   0|    3|          2|
    +----------------------+----+----+-----+-----------+
    |Total                 |  94|   0|  101|          7|
    +----------------------+----+----+-----+-----------+



================================================================
== Interface
================================================================
* Summary: 
+---------------------+-----+-----+------------+-------------------------------+--------------+
|      RTL Ports      | Dir | Bits|  Protocol  |         Source Object         |    C Type    |
+---------------------+-----+-----+------------+-------------------------------+--------------+
|ap_clk               |   in|    1|  ap_ctrl_hs|  matMultiply<float, 6, 6, 6>.6|  return value|
|ap_rst               |   in|    1|  ap_ctrl_hs|  matMultiply<float, 6, 6, 6>.6|  return value|
|ap_start             |   in|    1|  ap_ctrl_hs|  matMultiply<float, 6, 6, 6>.6|  return value|
|ap_done              |  out|    1|  ap_ctrl_hs|  matMultiply<float, 6, 6, 6>.6|  return value|
|ap_idle              |  out|    1|  ap_ctrl_hs|  matMultiply<float, 6, 6, 6>.6|  return value|
|ap_ready             |  out|    1|  ap_ctrl_hs|  matMultiply<float, 6, 6, 6>.6|  return value|
|grp_fu_3639_p_din0   |  out|   32|  ap_ctrl_hs|  matMultiply<float, 6, 6, 6>.6|  return value|
|grp_fu_3639_p_din1   |  out|   32|  ap_ctrl_hs|  matMultiply<float, 6, 6, 6>.6|  return value|
|grp_fu_3639_p_dout0  |   in|   32|  ap_ctrl_hs|  matMultiply<float, 6, 6, 6>.6|  return value|
|grp_fu_3639_p_ce     |  out|    1|  ap_ctrl_hs|  matMultiply<float, 6, 6, 6>.6|  return value|
|mat_in_L_address0    |  out|    5|   ap_memory|                       mat_in_L|         array|
|mat_in_L_ce0         |  out|    1|   ap_memory|                       mat_in_L|         array|
|mat_in_L_q0          |   in|   32|   ap_memory|                       mat_in_L|         array|
|mat_in_R_address0    |  out|    3|   ap_memory|                       mat_in_R|         array|
|mat_in_R_ce0         |  out|    1|   ap_memory|                       mat_in_R|         array|
|mat_in_R_q0          |   in|   32|   ap_memory|                       mat_in_R|         array|
|mat_out_address0     |  out|    6|   ap_memory|                        mat_out|         array|
|mat_out_ce0          |  out|    1|   ap_memory|                        mat_out|         array|
|mat_out_we0          |  out|    1|   ap_memory|                        mat_out|         array|
|mat_out_d0           |  out|   32|   ap_memory|                        mat_out|         array|
+---------------------+-----+-----+------------+-------------------------------+--------------+

