

================================================================
== Vitis HLS Report for 'matMultiply_float_6_6_6_1'
================================================================
* Date:           Tue Nov 22 20:35:52 2022

* Version:        2020.2 (Build 3064766 on Wed Nov 18 09:12:47 MST 2020)
* Project:        KF_kernel
* Solution:       solution1 (Vivado IP Flow Target)
* Product family: zynquplus
* Target device:  xczu3eg-sbva484-1-i


================================================================
== Performance Estimates
================================================================
+ Timing: 
    * Summary: 
    +--------+----------+----------+------------+
    |  Clock |  Target  | Estimated| Uncertainty|
    +--------+----------+----------+------------+
    |ap_clk  |  10.00 ns|  5.484 ns|     2.70 ns|
    +--------+----------+----------+------------+

+ Latency: 
    * Summary: 
    +---------+---------+----------+----------+-----+-----+---------+
    |  Latency (cycles) |  Latency (absolute) |  Interval | Pipeline|
    |   min   |   max   |    min   |    max   | min | max |   Type  |
    +---------+---------+----------+----------+-----+-----+---------+
    |      949|      949|  9.490 us|  9.490 us|  949|  949|     none|
    +---------+---------+----------+----------+-----+-----+---------+

    + Detail: 
        * Instance: 
        N/A

        * Loop: 
        +--------------------+---------+---------+----------+-----------+-----------+------+----------+
        |                    |  Latency (cycles) | Iteration|  Initiation Interval  | Trip |          |
        |      Loop Name     |   min   |   max   |  Latency |  achieved |   target  | Count| Pipelined|
        +--------------------+---------+---------+----------+-----------+-----------+------+----------+
        |- matMul_loop_L     |      948|      948|       158|          -|          -|     6|        no|
        | + matMul_loop_N    |      156|      156|        26|          -|          -|     6|        no|
        |  ++ matMul_loop_M  |       24|       24|         8|          -|          -|     3|        no|
        +--------------------+---------+---------+----------+-----------+-----------+------+----------+



================================================================
== Utilization Estimates
================================================================
* Summary: 
+-----------------+---------+-----+--------+-------+-----+
|       Name      | BRAM_18K| DSP |   FF   |  LUT  | URAM|
+-----------------+---------+-----+--------+-------+-----+
|DSP              |        -|    -|       -|      -|    -|
|Expression       |        -|    -|       0|    131|    -|
|FIFO             |        -|    -|       -|      -|    -|
|Instance         |        -|    -|     137|    831|    -|
|Memory           |        0|    -|      32|      9|    -|
|Multiplexer      |        -|    -|       -|    101|    -|
|Register         |        -|    -|     111|      -|    -|
+-----------------+---------+-----+--------+-------+-----+
|Total            |        0|    0|     280|   1072|    0|
+-----------------+---------+-----+--------+-------+-----+
|Available        |      432|  360|  141120|  70560|    0|
+-----------------+---------+-----+--------+-------+-----+
|Utilization (%)  |        0|    0|      ~0|      1|    0|
+-----------------+---------+-----+--------+-------+-----+

+ Detail: 
    * Instance: 
    +--------------------------------------+----------------------------------+---------+----+-----+-----+-----+
    |               Instance               |              Module              | BRAM_18K| DSP|  FF | LUT | URAM|
    +--------------------------------------+----------------------------------+---------+----+-----+-----+-----+
    |facc_32ns_32ns_1ns_32_3_no_dsp_1_U44  |facc_32ns_32ns_1ns_32_3_no_dsp_1  |        0|   0|  137|  831|    0|
    +--------------------------------------+----------------------------------+---------+----+-----+-----+-----+
    |Total                                 |                                  |        0|   0|  137|  831|    0|
    +--------------------------------------+----------------------------------+---------+----+-----+-----+-----+

    * DSP: 
    N/A

    * Memory: 
    +-------+-----------------------------+---------+----+----+-----+------+-----+------+-------------+
    | Memory|            Module           | BRAM_18K| FF | LUT| URAM| Words| Bits| Banks| W*Bits*Banks|
    +-------+-----------------------------+---------+----+----+-----+------+-----+------+-------------+
    |H_U    |matMultiply_float_6_6_6_1_H  |        0|  32|   9|    0|    18|   32|     1|          576|
    +-------+-----------------------------+---------+----+----+-----+------+-----+------+-------------+
    |Total  |                             |        0|  32|   9|    0|    18|   32|     1|          576|
    +-------+-----------------------------+---------+----+----+-----+------+-----+------+-------------+

    * FIFO: 
    N/A

    * Expression: 
    +----------------------+----------+----+---+----+------------+------------+
    |     Variable Name    | Operation| DSP| FF| LUT| Bitwidth P0| Bitwidth P1|
    +----------------------+----------+----+---+----+------------+------------+
    |add_ln13_fu_139_p2    |         +|   0|  0|  10|           3|           1|
    |add_ln17_fu_195_p2    |         +|   0|  0|  10|           3|           1|
    |add_ln20_fu_215_p2    |         +|   0|  0|  13|           6|           6|
    |add_ln23_fu_225_p2    |         +|   0|  0|   9|           2|           1|
    |add_ln27_6_fu_277_p2  |         +|   0|  0|  10|           5|           5|
    |add_ln27_fu_241_p2    |         +|   0|  0|  12|           5|           5|
    |empty_36_fu_189_p2    |         -|   0|  0|  12|           5|           5|
    |empty_fu_175_p2       |         -|   0|  0|  13|           6|           6|
    |sub_ln27_fu_271_p2    |         -|   0|  0|  10|           5|           5|
    |icmp_ln13_fu_149_p2   |      icmp|   0|  0|   8|           3|           3|
    |icmp_ln17_fu_209_p2   |      icmp|   0|  0|   8|           3|           3|
    |icmp_ln23_fu_235_p2   |      icmp|   0|  0|   8|           2|           2|
    |icmp_ln27_fu_287_p2   |      icmp|   0|  0|   8|           2|           2|
    +----------------------+----------+----+---+----+------------+------------+
    |Total                 |          |   0|  0| 131|          50|          45|
    +----------------------+----------+----+---+----+------------+------------+

    * Multiplexer: 
    +-----------------+----+-----------+-----+-----------+
    |       Name      | LUT| Input Size| Bits| Total Bits|
    +-----------------+----+-----------+-----+-----------+
    |add1913_reg_121  |   9|          2|   32|         64|
    |ap_NS_fsm        |  65|         12|    1|         12|
    |i_reg_88         |   9|          2|    3|          6|
    |j_reg_110        |   9|          2|    2|          4|
    |k_reg_99         |   9|          2|    3|          6|
    +-----------------+----+-----------+-----+-----------+
    |Total            | 101|         20|   41|         92|
    +-----------------+----+-----------+-----+-----------+

    * Register: 
    +----------------------+----+----+-----+-----------+
    |         Name         | FF | LUT| Bits| Const Bits|
    +----------------------+----+----+-----+-----------+
    |add1913_reg_121       |  32|   0|   32|          0|
    |add_ln13_reg_299      |   3|   0|    3|          0|
    |add_ln17_reg_317      |   3|   0|    3|          0|
    |add_ln23_reg_335      |   2|   0|    2|          0|
    |ap_CS_fsm             |  11|   0|   11|          0|
    |empty_36_reg_312      |   5|   0|    5|          0|
    |empty_reg_307         |   5|   0|    6|          1|
    |i_reg_88              |   3|   0|    3|          0|
    |icmp_ln27_reg_353     |   1|   0|    1|          0|
    |j_reg_110             |   2|   0|    2|          0|
    |k_reg_99              |   3|   0|    3|          0|
    |mat_out_addr_reg_330  |   6|   0|    6|          0|
    |mul_reg_368           |  32|   0|   32|          0|
    |zext_ln17_reg_322     |   3|   0|    5|          2|
    +----------------------+----+----+-----+-----------+
    |Total                 | 111|   0|  114|          3|
    +----------------------+----+----+-----+-----------+



================================================================
== Interface
================================================================
* Summary: 
+---------------------+-----+-----+------------+-------------------------------+--------------+
|      RTL Ports      | Dir | Bits|  Protocol  |         Source Object         |    C Type    |
+---------------------+-----+-----+------------+-------------------------------+--------------+
|ap_clk               |   in|    1|  ap_ctrl_hs|  matMultiply<float, 6, 6, 6>.1|  return value|
|ap_rst               |   in|    1|  ap_ctrl_hs|  matMultiply<float, 6, 6, 6>.1|  return value|
|ap_start             |   in|    1|  ap_ctrl_hs|  matMultiply<float, 6, 6, 6>.1|  return value|
|ap_done              |  out|    1|  ap_ctrl_hs|  matMultiply<float, 6, 6, 6>.1|  return value|
|ap_idle              |  out|    1|  ap_ctrl_hs|  matMultiply<float, 6, 6, 6>.1|  return value|
|ap_ready             |  out|    1|  ap_ctrl_hs|  matMultiply<float, 6, 6, 6>.1|  return value|
|grp_fu_3639_p_din0   |  out|   32|  ap_ctrl_hs|  matMultiply<float, 6, 6, 6>.1|  return value|
|grp_fu_3639_p_din1   |  out|   32|  ap_ctrl_hs|  matMultiply<float, 6, 6, 6>.1|  return value|
|grp_fu_3639_p_dout0  |   in|   32|  ap_ctrl_hs|  matMultiply<float, 6, 6, 6>.1|  return value|
|grp_fu_3639_p_ce     |  out|    1|  ap_ctrl_hs|  matMultiply<float, 6, 6, 6>.1|  return value|
|mat_out_address0     |  out|    6|   ap_memory|                        mat_out|         array|
|mat_out_ce0          |  out|    1|   ap_memory|                        mat_out|         array|
|mat_out_we0          |  out|    1|   ap_memory|                        mat_out|         array|
|mat_out_d0           |  out|   32|   ap_memory|                        mat_out|         array|
|K_address0           |  out|    5|   ap_memory|                              K|         array|
|K_ce0                |  out|    1|   ap_memory|                              K|         array|
|K_q0                 |   in|   32|   ap_memory|                              K|         array|
+---------------------+-----+-----+------------+-------------------------------+--------------+

