

================================================================
== Synthesis Summary Report of 'KalmanFilterKernel'
================================================================
+ General Information: 
    * Date:           Tue Nov 29 21:25:56 2022
    * Version:        2020.2 (Build 3064766 on Wed Nov 18 09:12:47 MST 2020)
    * Project:        different_Kalman
    * Solution:       solution1 (Vivado IP Flow Target)
    * Product family: zynquplus
    * Target device:  xczu3eg-sbva484-1-i
    

+ Performance & Resource Estimates: 
    
    PS: '+' for module; 'o' for loop; '*' for dataflow
    +------------------------------------------+------+-------+---------+-----------+----------+---------+------+----------+---------+---------+-----------+-------------+-----+
    |                  Modules                 | Issue|       | Latency |  Latency  | Iteration|         | Trip |          |         |         |           |             |     |
    |                  & Loops                 | Type | Slack | (cycles)|    (ns)   |  Latency | Interval| Count| Pipelined|  BRAM   |   DSP   |     FF    |     LUT     | URAM|
    +------------------------------------------+------+-------+---------+-----------+----------+---------+------+----------+---------+---------+-----------+-------------+-----+
    |+ KalmanFilterKernel                      |     -|  -0.06|    11388|  1.139e+05|         -|    11389|     -|        no|  11 (2%)|  14 (3%)|  4697 (3%)|  12669 (17%)|    -|
    | + grp_matMultiply_float_6_6_6_2_fu_1188  |     -|  -1.82|      169|  1.690e+03|         -|      169|     -|        no|        -|  3 (~0%)|  407 (~0%)|    1154 (1%)|    -|
    |  o matMul_loop_L                         |     -|  -7.30|      168|  1.680e+03|        28|        -|     6|        no|        -|        -|          -|            -|    -|
    |   o matMul_loop_N                        |     -|  -7.30|       26|    260.000|        26|        -|     1|        no|        -|        -|          -|            -|    -|
    |    o matMul_loop_M                       |     -|  -7.30|       24|    240.000|         8|        -|     3|        no|        -|        -|          -|            -|    -|
    | + grp_matMultiply_float_6_6_6_4_fu_1198  |     -|  -1.28|      913|  9.130e+03|         -|      913|     -|        no|        -|  3 (~0%)|  423 (~0%)|    1214 (1%)|    -|
    |  o matMul_loop_L                         |     -|  -7.30|      912|  9.120e+03|       152|        -|     6|        no|        -|        -|          -|            -|    -|
    |   o matMul_loop_N                        |     -|  -7.30|      150|  1.500e+03|        50|        -|     3|        no|        -|        -|          -|            -|    -|
    |    o matMul_loop_M                       |     -|  -7.30|       48|    480.000|         8|        -|     6|        no|        -|        -|          -|            -|    -|
    | + grp_matMultiply_float_6_6_6_1_fu_1209  |     -|  -1.82|      949|  9.490e+03|         -|      949|     -|        no|        -|        -|  280 (~0%)|    1072 (1%)|    -|
    |  o matMul_loop_L                         |     -|  -7.30|      948|  9.480e+03|       158|        -|     6|        no|        -|        -|          -|            -|    -|
    |   o matMul_loop_N                        |     -|  -7.30|      156|  1.560e+03|        26|        -|     6|        no|        -|        -|          -|            -|    -|
    |    o matMul_loop_M                       |     -|  -7.30|       24|    240.000|         8|        -|     3|        no|        -|        -|          -|            -|    -|
    | + grp_matMultiply_float_6_6_6_s_fu_1217  |     -|  -1.28|     1813|  1.813e+04|         -|     1813|     -|        no|        -|  3 (~0%)|  388 (~0%)|    1199 (1%)|    -|
    |  o matMul_loop_L                         |     -|  -7.30|     1812|  1.812e+04|       302|        -|     6|        no|        -|        -|          -|            -|    -|
    |   o matMul_loop_N                        |     -|  -7.30|      300|  3.000e+03|        50|        -|     6|        no|        -|        -|          -|            -|    -|
    |    o matMul_loop_M                       |     -|  -7.30|       48|    480.000|         8|        -|     6|        no|        -|        -|          -|            -|    -|
    | + grp_matMultiply_float_6_6_6_5_fu_1225  |     -|  -1.28|      907|  9.070e+03|         -|      907|     -|        no|        -|        -|  247 (~0%)|    1057 (1%)|    -|
    |  o matMul_loop_L                         |     -|  -7.30|      906|  9.060e+03|       302|        -|     3|        no|        -|        -|          -|            -|    -|
    |   o matMul_loop_N                        |     -|  -7.30|      300|  3.000e+03|        50|        -|     6|        no|        -|        -|          -|            -|    -|
    |    o matMul_loop_M                       |     -|  -7.30|       48|    480.000|         8|        -|     6|        no|        -|        -|          -|            -|    -|
    | + grp_matMultiply_float_6_6_6_3_fu_1233  |     -|  -1.28|      481|  4.810e+03|         -|      481|     -|        no|        -|        -|  245 (~0%)|    1044 (1%)|    -|
    |  o matMul_loop_L                         |     -|  -7.30|      480|  4.800e+03|        80|        -|     6|        no|        -|        -|          -|            -|    -|
    |   o matMul_loop_N                        |     -|  -7.30|       78|    780.000|        26|        -|     3|        no|        -|        -|          -|            -|    -|
    |    o matMul_loop_M                       |     -|  -7.30|       24|    240.000|         8|        -|     3|        no|        -|        -|          -|            -|    -|
    | + grp_matMultiply_float_6_6_6_7_fu_1240  |     -|  -1.28|      313|  3.130e+03|         -|      313|     -|        no|        -|        -|  235 (~0%)|    1013 (1%)|    -|
    |  o matMul_loop_L                         |     -|  -7.30|      312|  3.120e+03|        52|        -|     6|        no|        -|        -|          -|            -|    -|
    |   o matMul_loop_N                        |     -|  -7.30|       50|    500.000|        50|        -|     1|        no|        -|        -|          -|            -|    -|
    |    o matMul_loop_M                       |     -|  -7.30|       48|    480.000|         8|        -|     6|        no|        -|        -|          -|            -|    -|
    | + grp_matMultiply_float_6_6_6_6_fu_1248  |     -|  -1.82|      157|  1.570e+03|         -|      157|     -|        no|        -|        -|  231 (~0%)|    1009 (1%)|    -|
    |  o matMul_loop_L                         |     -|  -7.30|      156|  1.560e+03|        52|        -|     3|        no|        -|        -|          -|            -|    -|
    |   o matMul_loop_N                        |     -|  -7.30|       50|    500.000|        50|        -|     1|        no|        -|        -|          -|            -|    -|
    |    o matMul_loop_M                       |     -|  -7.30|       48|    480.000|         8|        -|     6|        no|        -|        -|          -|            -|    -|
    | o VITIS_LOOP_47_1                        |     -|  -7.30|        6|     60.000|         2|        1|     6|       yes|        -|        -|          -|            -|    -|
    | o VITIS_LOOP_104_2                       |     -|  -7.30|        3|     30.000|         2|        1|     3|       yes|        -|        -|          -|            -|    -|
    | o VITIS_LOOP_106_3                       |     -|  -7.30|        6|     60.000|         2|        1|     6|       yes|        -|        -|          -|            -|    -|
    | o VITIS_LOOP_108_4                       |     -|  -7.30|       36|    360.000|         2|        1|    36|       yes|        -|        -|          -|            -|    -|
    | o VITIS_LOOP_41_1                        |     -|  -7.30|       54|    540.000|         9|        -|     6|        no|        -|        -|          -|            -|    -|
    |  o VITIS_LOOP_44_2                       |     -|  -7.30|        7|     70.000|         7|        -|     1|        no|        -|        -|          -|            -|    -|
    | o VITIS_LOOP_81_1                        |     -|  -7.30|       84|    840.000|        14|        -|     6|        no|        -|        -|          -|            -|    -|
    |  o VITIS_LOOP_84_2                       |     -|  -7.30|       12|    120.000|         2|        -|     6|        no|        -|        -|          -|            -|    -|
    | o VITIS_LOOP_41_1                        |     -|  -7.30|      300|  3.000e+03|        50|        -|     6|        no|        -|        -|          -|            -|    -|
    |  o VITIS_LOOP_44_2                       |     -|  -7.30|       48|    480.000|         8|        -|     6|        no|        -|        -|          -|            -|    -|
    | o VITIS_LOOP_125_5                       |     -|  -7.30|        3|     30.000|         2|        1|     3|       yes|        -|        -|          -|            -|    -|
    | o VITIS_LOOP_130_6                       |     -|  -7.30|        6|     60.000|         2|        1|     6|       yes|        -|        -|          -|            -|    -|
    | o VITIS_LOOP_131_7                       |     -|  -7.30|       36|    360.000|         2|        1|    36|       yes|        -|        -|          -|            -|    -|
    | o VITIS_LOOP_61_1                        |     -|  -7.30|       21|    210.000|         7|        -|     3|        no|        -|        -|          -|            -|    -|
    | o VITIS_LOOP_41_1                        |     -|  -7.30|       69|    690.000|        23|        -|     3|        no|        -|        -|          -|            -|    -|
    |  o VITIS_LOOP_44_2                       |     -|  -7.30|       21|    210.000|         7|        -|     3|        no|        -|        -|          -|            -|    -|
    | o VITIS_LOOP_100_1                       |     -|  -7.30|       48|    480.000|        16|        -|     3|        no|        -|        -|          -|            -|    -|
    |  o VITIS_LOOP_103_2                      |     -|  -7.30|        3|     30.000|         1|        -|     3|        no|        -|        -|          -|            -|    -|
    | o VITIS_LOOP_41_1                        |     -|  -7.30|       54|    540.000|         9|        -|     6|        no|        -|        -|          -|            -|    -|
    |  o VITIS_LOOP_44_2                       |     -|  -7.30|        7|     70.000|         7|        -|     1|        no|        -|        -|          -|            -|    -|
    | o VITIS_LOOP_61_1                        |     -|  -7.30|      300|  3.000e+03|        50|        -|     6|        no|        -|        -|          -|            -|    -|
    |  o VITIS_LOOP_64_2                       |     -|  -7.30|       48|    480.000|         8|        -|     6|        no|        -|        -|          -|            -|    -|
    | o VITIS_LOOP_161_8                       |     -|  -7.30|        6|     60.000|         2|        1|     6|       yes|        -|        -|          -|            -|    -|
    | o VITIS_LOOP_162_9                       |     -|  -7.30|       36|    360.000|         2|        1|    36|       yes|        -|        -|          -|            -|    -|
    | o VITIS_LOOP_163_10                      |     -|  -7.30|        6|     60.000|         2|        1|     6|       yes|        -|        -|          -|            -|    -|
    | o VITIS_LOOP_167_11                      |     -|  -7.30|        6|     60.000|         2|        1|     6|       yes|        -|        -|          -|            -|    -|
    +------------------------------------------+------+-------+---------+-----------+----------+---------+------+----------+---------+---------+-----------+-------------+-----+

